  [1m[36mSQL (65.0ms)[0m  [1m SELECT name
 FROM sqlite_master
 WHERE type = 'table' AND NOT name = 'sqlite_sequence'
[0m
  [1m[35mSQL (0.0ms)[0m  select sqlite_version(*)
  [1m[36mSQL (13.0ms)[0m  [1mCREATE TABLE "schema_migrations" ("version" varchar(255) NOT NULL) [0m
  [1m[35mSQL (0.0ms)[0m  PRAGMA index_list("schema_migrations")
  [1m[36mSQL (15.0ms)[0m  [1mCREATE UNIQUE INDEX "unique_schema_migrations" ON "schema_migrations" ("version")[0m
  [1m[35mSQL (0.0ms)[0m   SELECT name
 FROM sqlite_master
 WHERE type = 'table' AND NOT name = 'sqlite_sequence'
  [1m[36mSQL (1.0ms)[0m  [1m SELECT name
 FROM sqlite_master
 WHERE type = 'table' AND NOT name = 'sqlite_sequence'
[0m
  [1m[35mSQL (1.0ms)[0m  SELECT "schema_migrations"."version" FROM "schema_migrations"
Migrating to CreateUsers (20110211112857)
  [1m[36mSQL (3.0ms)[0m  [1mCREATE TABLE "users" ("id" INTEGER PRIMARY KEY AUTOINCREMENT NOT NULL, "name" varchar(255), "vorname" varchar(255), "login" varchar(255), "passwort" varchar(255), "email" varchar(255), "created_at" datetime, "updated_at" datetime) [0m
  [1m[35mSQL (0.0ms)[0m  INSERT INTO "schema_migrations" ("version") VALUES ('20110211112857')
  [1m[36mSQL (1.0ms)[0m  [1m SELECT name
 FROM sqlite_master
 WHERE type = 'table' AND NOT name = 'sqlite_sequence'
[0m
  [1m[35mSQL (0.0ms)[0m  SELECT "schema_migrations"."version" FROM "schema_migrations"
  [1m[36mSQL (0.0ms)[0m  [1m SELECT name
 FROM sqlite_master
 WHERE type = 'table' AND NOT name = 'sqlite_sequence'
[0m
  [1m[35mSQL (0.0ms)[0m  PRAGMA index_list("users")
  [1m[36mSQL (1.0ms)[0m  [1m SELECT name
 FROM sqlite_master
 WHERE type = 'table' AND NOT name = 'sqlite_sequence'
[0m
  [1m[35mSQL (1.0ms)[0m   SELECT name
 FROM sqlite_master
 WHERE type = 'table' AND NOT name = 'sqlite_sequence'
  [1m[36mSQL (1.0ms)[0m  [1mSELECT "schema_migrations"."version" FROM "schema_migrations"[0m
Migrating to CreateUsers (20110211112857)
Migrating to CreateRolls (20110211114025)
  [1m[35mSQL (0.0ms)[0m  select sqlite_version(*)
  [1m[36mSQL (4.0ms)[0m  [1mCREATE TABLE "rolls" ("id" INTEGER PRIMARY KEY AUTOINCREMENT NOT NULL, "bezeichnung" varchar(255), "beschreibung" varchar(255), "created_at" datetime, "updated_at" datetime) [0m
  [1m[35mSQL (0.0ms)[0m  INSERT INTO "schema_migrations" ("version") VALUES ('20110211114025')
Migrating to CreateSurveys (20110211114108)
  [1m[36mSQL (2.0ms)[0m  [1m SELECT name
 FROM sqlite_master
 WHERE type = 'table' AND NOT name = 'sqlite_sequence'
[0m
  [1m[35mSQL (0.0ms)[0m   SELECT name
 FROM sqlite_master
 WHERE type = 'table' AND NOT name = 'sqlite_sequence'
  [1m[36mSQL (1.0ms)[0m  [1mSELECT "schema_migrations"."version" FROM "schema_migrations"[0m
Migrating to CreateUsers (20110211112857)
Migrating to CreateRolls (20110211114025)
Migrating to CreateSurveys (20110211114108)
  [1m[35mSQL (0.0ms)[0m  select sqlite_version(*)
  [1m[36mSQL (1.0ms)[0m  [1m SELECT name
 FROM sqlite_master
 WHERE type = 'table' AND NOT name = 'sqlite_sequence'
[0m
  [1m[35mSQL (1.0ms)[0m   SELECT name
 FROM sqlite_master
 WHERE type = 'table' AND NOT name = 'sqlite_sequence'
  [1m[36mSQL (1.0ms)[0m  [1mSELECT "schema_migrations"."version" FROM "schema_migrations"[0m
Migrating to CreateUsers (20110211112857)
Migrating to CreateRolls (20110211114025)
Migrating to CreateSurveys (20110211114108)
  [1m[35mSQL (1.0ms)[0m  select sqlite_version(*)
  [1m[36mSQL (3.0ms)[0m  [1mCREATE TABLE "surveys" ("id" INTEGER PRIMARY KEY AUTOINCREMENT NOT NULL, "gesperrt" boolean, "surveytype_id" integer, "user_id" integer, "created_at" datetime, "updated_at" datetime) [0m
  [1m[35mSQL (0.0ms)[0m  INSERT INTO "schema_migrations" ("version") VALUES ('20110211114108')
Migrating to CreateSurveytypes (20110211114751)
  [1m[36mSQL (3.0ms)[0m  [1mCREATE TABLE "surveytypes" ("id" INTEGER PRIMARY KEY AUTOINCREMENT NOT NULL, "bezeichnung" varchar(255), "beschreibung" varchar(255), "created_at" datetime, "updated_at" datetime) [0m
  [1m[35mSQL (1.0ms)[0m  INSERT INTO "schema_migrations" ("version") VALUES ('20110211114751')
Migrating to CreateQuestions (20110211115030)
  [1m[36mSQL (3.0ms)[0m  [1mCREATE TABLE "questions" ("id" INTEGER PRIMARY KEY AUTOINCREMENT NOT NULL, "questiontext" varchar(255), "survey_id" integer, "created_at" datetime, "updated_at" datetime) [0m
  [1m[35mSQL (0.0ms)[0m  INSERT INTO "schema_migrations" ("version") VALUES ('20110211115030')
Migrating to CreateAnswers (20110211115633)
  [1m[36mSQL (2.0ms)[0m  [1mCREATE TABLE "answers" ("id" INTEGER PRIMARY KEY AUTOINCREMENT NOT NULL, "answertext" varchar(255), "question_id" integer, "answertype_id" integer, "created_at" datetime, "updated_at" datetime) [0m
  [1m[35mSQL (0.0ms)[0m  INSERT INTO "schema_migrations" ("version") VALUES ('20110211115633')
Migrating to CreateAnswertypes (20110211120045)
  [1m[36mSQL (2.0ms)[0m  [1mCREATE TABLE "answertypes" ("id" INTEGER PRIMARY KEY AUTOINCREMENT NOT NULL, "bezeichnung" varchar(255), "beschreibung" varchar(255), "created_at" datetime, "updated_at" datetime) [0m
  [1m[35mSQL (1.0ms)[0m  INSERT INTO "schema_migrations" ("version") VALUES ('20110211120045')
  [1m[36mSQL (1.0ms)[0m  [1m SELECT name
 FROM sqlite_master
 WHERE type = 'table' AND NOT name = 'sqlite_sequence'
[0m
  [1m[35mSQL (1.0ms)[0m  SELECT "schema_migrations"."version" FROM "schema_migrations"
  [1m[36mSQL (1.0ms)[0m  [1m SELECT name
 FROM sqlite_master
 WHERE type = 'table' AND NOT name = 'sqlite_sequence'
[0m
  [1m[35mSQL (1.0ms)[0m  PRAGMA index_list("answers")
  [1m[36mSQL (0.0ms)[0m  [1mPRAGMA index_list("answertypes")[0m
  [1m[35mSQL (0.0ms)[0m  PRAGMA index_list("questions")
  [1m[36mSQL (0.0ms)[0m  [1mPRAGMA index_list("rolls")[0m
  [1m[35mSQL (0.0ms)[0m  PRAGMA index_list("surveys")
  [1m[36mSQL (0.0ms)[0m  [1mPRAGMA index_list("surveytypes")[0m
  [1m[35mSQL (0.0ms)[0m  PRAGMA index_list("users")


Started GET "/rails/info/properties" for 127.0.0.1 at 2011-02-11 13:43:05 +0100
  Processing by Rails::InfoController#properties as HTML
  [1m[36mSQL (1.0ms)[0m  [1m SELECT name
 FROM sqlite_master
 WHERE type = 'table' AND NOT name = 'sqlite_sequence'
[0m
  [1m[35mSQL (0.0ms)[0m   SELECT name
 FROM sqlite_master
 WHERE type = 'table' AND NOT name = 'sqlite_sequence'
  [1m[36mSQL (1.0ms)[0m  [1mSELECT "schema_migrations"."version" FROM "schema_migrations"[0m
Rendered inline template (0.0ms)
Completed 200 OK in 229ms (Views: 3.0ms | ActiveRecord: 2.0ms)


Started GET "/users" for 127.0.0.1 at 2011-02-11 14:28:41 +0100

ActionController::RoutingError (No route matches "/users"):
  

Rendered d:/Ruby192/lib/ruby/gems/1.9.1/gems/actionpack-3.0.3/lib/action_dispatch/middleware/templates/rescues/routing_error.erb within rescues/layout (2.0ms)


Started GET "/users/new" for 127.0.0.1 at 2011-02-11 14:29:02 +0100

ActionController::RoutingError (No route matches "/users/new"):
  

Rendered d:/Ruby192/lib/ruby/gems/1.9.1/gems/actionpack-3.0.3/lib/action_dispatch/middleware/templates/rescues/routing_error.erb within rescues/layout (2.0ms)
  [1m[36mSQL (1.0ms)[0m  [1m SELECT name
 FROM sqlite_master
 WHERE type = 'table' AND NOT name = 'sqlite_sequence'
[0m
  [1m[35mSQL (0.0ms)[0m   SELECT name
 FROM sqlite_master
 WHERE type = 'table' AND NOT name = 'sqlite_sequence'
  [1m[36mSQL (0.0ms)[0m  [1mSELECT "schema_migrations"."version" FROM "schema_migrations"[0m
Migrating to CreateUsers (20110211112857)
Migrating to CreateRolls (20110211114025)
Migrating to CreateSurveys (20110211114108)
Migrating to CreateSurveytypes (20110211114751)
Migrating to CreateQuestions (20110211115030)
Migrating to CreateAnswers (20110211115633)
Migrating to CreateAnswertypes (20110211120045)
  [1m[35mSQL (0.0ms)[0m  select sqlite_version(*)
  [1m[36mSQL (1.0ms)[0m  [1m SELECT name
 FROM sqlite_master
 WHERE type = 'table' AND NOT name = 'sqlite_sequence'
[0m
  [1m[35mSQL (1.0ms)[0m  SELECT "schema_migrations"."version" FROM "schema_migrations"
  [1m[36mSQL (0.0ms)[0m  [1m SELECT name
 FROM sqlite_master
 WHERE type = 'table' AND NOT name = 'sqlite_sequence'
[0m
  [1m[35mSQL (0.0ms)[0m  PRAGMA index_list("answers")
  [1m[36mSQL (0.0ms)[0m  [1mPRAGMA index_list("answertypes")[0m
  [1m[35mSQL (0.0ms)[0m  PRAGMA index_list("questions")
  [1m[36mSQL (0.0ms)[0m  [1mPRAGMA index_list("rolls")[0m
  [1m[35mSQL (0.0ms)[0m  PRAGMA index_list("surveys")
  [1m[36mSQL (0.0ms)[0m  [1mPRAGMA index_list("surveytypes")[0m
  [1m[35mSQL (1.0ms)[0m  PRAGMA index_list("users")
  [1m[36mSQL (1.0ms)[0m  [1m SELECT name
 FROM sqlite_master
 WHERE type = 'table' AND NOT name = 'sqlite_sequence'
[0m
  [1m[35mSQL (1.0ms)[0m   SELECT name
 FROM sqlite_master
 WHERE type = 'table' AND NOT name = 'sqlite_sequence'
  [1m[36mSQL (1.0ms)[0m  [1mSELECT "schema_migrations"."version" FROM "schema_migrations"[0m
Migrating to CreateUsers (20110211112857)
Migrating to CreateRolls (20110211114025)
Migrating to CreateSurveys (20110211114108)
Migrating to CreateSurveytypes (20110211114751)
Migrating to CreateQuestions (20110211115030)
Migrating to CreateAnswers (20110211115633)
Migrating to CreateAnswertypes (20110211120045)
  [1m[35mSQL (0.0ms)[0m  select sqlite_version(*)
  [1m[36mSQL (1.0ms)[0m  [1m SELECT name
 FROM sqlite_master
 WHERE type = 'table' AND NOT name = 'sqlite_sequence'
[0m
  [1m[35mSQL (1.0ms)[0m  SELECT "schema_migrations"."version" FROM "schema_migrations"
  [1m[36mSQL (1.0ms)[0m  [1m SELECT name
 FROM sqlite_master
 WHERE type = 'table' AND NOT name = 'sqlite_sequence'
[0m
  [1m[35mSQL (0.0ms)[0m  PRAGMA index_list("answers")
  [1m[36mSQL (0.0ms)[0m  [1mPRAGMA index_list("answertypes")[0m
  [1m[35mSQL (0.0ms)[0m  PRAGMA index_list("questions")
  [1m[36mSQL (0.0ms)[0m  [1mPRAGMA index_list("rolls")[0m
  [1m[35mSQL (0.0ms)[0m  PRAGMA index_list("surveys")
  [1m[36mSQL (0.0ms)[0m  [1mPRAGMA index_list("surveytypes")[0m
  [1m[35mSQL (0.0ms)[0m  PRAGMA index_list("users")


Started GET "/users" for 127.0.0.1 at 2011-02-11 14:30:37 +0100

ActionController::RoutingError (No route matches "/users"):
  

Rendered d:/Ruby192/lib/ruby/gems/1.9.1/gems/actionpack-3.0.3/lib/action_dispatch/middleware/templates/rescues/routing_error.erb within rescues/layout (1.0ms)


Started GET "/users/new" for 127.0.0.1 at 2011-02-11 14:31:11 +0100

ActionController::RoutingError (No route matches "/users/new"):
  

Rendered d:/Ruby192/lib/ruby/gems/1.9.1/gems/actionpack-3.0.3/lib/action_dispatch/middleware/templates/rescues/routing_error.erb within rescues/layout (2.0ms)


Started GET "/users" for 127.0.0.1 at 2011-02-11 14:32:01 +0100

ActionController::RoutingError (No route matches "/users"):
  

Rendered d:/Ruby192/lib/ruby/gems/1.9.1/gems/actionpack-3.0.3/lib/action_dispatch/middleware/templates/rescues/routing_error.erb within rescues/layout (2.0ms)


Started GET "/users" for 127.0.0.1 at 2011-02-11 14:33:24 +0100

ActionController::RoutingError (uninitialized constant UsersController):
  

Rendered d:/Ruby192/lib/ruby/gems/1.9.1/gems/actionpack-3.0.3/lib/action_dispatch/middleware/templates/rescues/routing_error.erb within rescues/layout (2.0ms)


Started GET "/users" for 127.0.0.1 at 2011-02-11 14:33:49 +0100

ActionController::RoutingError (uninitialized constant UsersController):
  

Rendered d:/Ruby192/lib/ruby/gems/1.9.1/gems/actionpack-3.0.3/lib/action_dispatch/middleware/templates/rescues/routing_error.erb within rescues/layout (2.0ms)


Started GET "/users" for 127.0.0.1 at 2011-02-11 14:36:12 +0100
  Processing by UsersController#index as HTML
Rendered text template (0.0ms)
Completed 200 OK in 23ms (Views: 23.0ms | ActiveRecord: 0.0ms)


Started GET "/users" for 127.0.0.1 at 2011-02-11 14:43:58 +0100
  Processing by UsersController#index as HTML
Rendered text template (0.0ms)
Completed 200 OK in 23ms (Views: 23.0ms | ActiveRecord: 0.0ms)


Started GET "/users" for 127.0.0.1 at 2011-02-11 14:44:09 +0100
  Processing by UsersController#index as HTML
Rendered text template (0.0ms)
Completed 200 OK in 2ms (Views: 1.0ms | ActiveRecord: 0.0ms)


Started GET "/users/new" for 127.0.0.1 at 2011-02-11 14:44:14 +0100
  Processing by UsersController#new as HTML
Completed   in 291ms

ActiveRecord::UnknownAttributeError (unknown attribute: password):
  app/controllers/users_controller.rb:7:in `new'
  app/controllers/users_controller.rb:7:in `new'

Rendered d:/Ruby192/lib/ruby/gems/1.9.1/gems/actionpack-3.0.3/lib/action_dispatch/middleware/templates/rescues/_trace.erb (1.0ms)
Rendered d:/Ruby192/lib/ruby/gems/1.9.1/gems/actionpack-3.0.3/lib/action_dispatch/middleware/templates/rescues/_request_and_response.erb (4.0ms)
Rendered d:/Ruby192/lib/ruby/gems/1.9.1/gems/actionpack-3.0.3/lib/action_dispatch/middleware/templates/rescues/diagnostics.erb within rescues/layout (63.0ms)


Started GET "/users/new" for 127.0.0.1 at 2011-02-11 14:45:37 +0100
  Processing by UsersController#new as HTML
Completed   in 135ms

ActionView::MissingTemplate (Missing template users/new with {:handlers=>[:erb, :rjs, :builder, :rhtml, :rxml], :formats=>[:html], :locale=>[:en, :en]} in view paths "C:/Users/Marvin/My Documents/Aptana Studio 3 Workspace/Encuesta-Projekt/app/views"):
  

Rendered d:/Ruby192/lib/ruby/gems/1.9.1/gems/actionpack-3.0.3/lib/action_dispatch/middleware/templates/rescues/missing_template.erb within rescues/layout (1.0ms)


Started GET "/users/new" for 127.0.0.1 at 2011-02-11 14:45:41 +0100
  Processing by UsersController#new as HTML
Completed   in 58ms

ActionView::MissingTemplate (Missing template users/new with {:handlers=>[:erb, :rjs, :builder, :rhtml, :rxml], :formats=>[:html], :locale=>[:en, :en]} in view paths "C:/Users/Marvin/My Documents/Aptana Studio 3 Workspace/Encuesta-Projekt/app/views"):
  

Rendered d:/Ruby192/lib/ruby/gems/1.9.1/gems/actionpack-3.0.3/lib/action_dispatch/middleware/templates/rescues/missing_template.erb within rescues/layout (1.0ms)


Started GET "/users/" for 127.0.0.1 at 2011-02-11 14:46:59 +0100
  Processing by UsersController#index as HTML
Rendered text template (0.0ms)
Completed 200 OK in 1ms (Views: 1.0ms | ActiveRecord: 0.0ms)


Started GET "/users/new" for 127.0.0.1 at 2011-02-11 14:49:56 +0100
  Processing by UsersController#new as HTML
Completed   in 60ms

ActionView::MissingTemplate (Missing template users/new with {:handlers=>[:erb, :rjs, :builder, :rhtml, :rxml], :formats=>[:html], :locale=>[:en, :en]} in view paths "C:/Users/Marvin/My Documents/Aptana Studio 3 Workspace/Encuesta-Projekt/app/views"):
  

Rendered d:/Ruby192/lib/ruby/gems/1.9.1/gems/actionpack-3.0.3/lib/action_dispatch/middleware/templates/rescues/missing_template.erb within rescues/layout (1.0ms)


Started GET "/users/new" for 127.0.0.1 at 2011-02-11 14:50:58 +0100
  Processing by UsersController#new as HTML
Rendered users/new.html.erb within layouts/application (6.0ms)
Completed 200 OK in 69ms (Views: 34.0ms | ActiveRecord: 0.0ms)


Started GET "/users/new" for 127.0.0.1 at 2011-02-11 14:52:01 +0100
  Processing by UsersController#new as HTML
Rendered users/new.html.erb within layouts/application (5.0ms)
Completed 200 OK in 70ms (Views: 34.0ms | ActiveRecord: 0.0ms)


Started GET "/users/new" for 127.0.0.1 at 2011-02-11 14:53:54 +0100
  Processing by UsersController#new as HTML
ERROR: compiling _app_views_users_new_html_erb___580325660_33826728__234823774 RAISED C:/Users/Marvin/My Documents/Aptana Studio 3 Workspace/Encuesta-Projekt/app/views/users/new.html.erb:5: syntax error, unexpected tIDENTIFIER, expecting ')'
...end= ( form.label :name ‚ÄúName:‚Äù );@output_buffer.safe_co...
...                               ^
Function body:           def _app_views_users_new_html_erb___580325660_33826728__234823774(local_assigns)
            _old_virtual_path, @_virtual_path = @_virtual_path, "users/new";_old_output_buffer = @output_buffer;;@output_buffer = ActionView::OutputBuffer.new;@output_buffer.safe_concat('text

');@output_buffer.append_if_string=  form_for :user, User.new,
url => { :action => ‚Äúcreate‚Äù } do |form| 
@output_buffer.append= ( form.label :name ‚ÄúName:‚Äù );@output_buffer.safe_concat('<br />
');@output_buffer.append= ( form.text_field :name );@output_buffer.safe_concat('<br />
');@output_buffer.append= ( form.submit ‚ÄúCreate‚Äù );@output_buffer.safe_concat('
'); end 
@output_buffer.to_s
          ensure
            @_virtual_path, @output_buffer = _old_virtual_path, _old_output_buffer
          end
Backtrace: d:/Ruby192/lib/ruby/gems/1.9.1/gems/actionpack-3.0.3/lib/action_view/template.rb:255:in `module_eval'
d:/Ruby192/lib/ruby/gems/1.9.1/gems/actionpack-3.0.3/lib/action_view/template.rb:255:in `compile'
d:/Ruby192/lib/ruby/gems/1.9.1/gems/actionpack-3.0.3/lib/action_view/template.rb:134:in `block in render'
d:/Ruby192/lib/ruby/gems/1.9.1/gems/activesupport-3.0.3/lib/active_support/notifications.rb:54:in `instrument'
d:/Ruby192/lib/ruby/gems/1.9.1/gems/actionpack-3.0.3/lib/action_view/template.rb:127:in `render'
d:/Ruby192/lib/ruby/gems/1.9.1/gems/actionpack-3.0.3/lib/action_view/render/rendering.rb:59:in `block in _render_template'
d:/Ruby192/lib/ruby/gems/1.9.1/gems/activesupport-3.0.3/lib/active_support/notifications.rb:52:in `block in instrument'
d:/Ruby192/lib/ruby/gems/1.9.1/gems/activesupport-3.0.3/lib/active_support/notifications/instrumenter.rb:21:in `instrument'
d:/Ruby192/lib/ruby/gems/1.9.1/gems/activesupport-3.0.3/lib/active_support/notifications.rb:52:in `instrument'
d:/Ruby192/lib/ruby/gems/1.9.1/gems/actionpack-3.0.3/lib/action_view/render/rendering.rb:56:in `_render_template'
d:/Ruby192/lib/ruby/gems/1.9.1/gems/actionpack-3.0.3/lib/action_view/render/rendering.rb:26:in `render'
d:/Ruby192/lib/ruby/gems/1.9.1/gems/actionpack-3.0.3/lib/abstract_controller/rendering.rb:114:in `_render_template'
d:/Ruby192/lib/ruby/gems/1.9.1/gems/actionpack-3.0.3/lib/abstract_controller/rendering.rb:108:in `render_to_body'
d:/Ruby192/lib/ruby/gems/1.9.1/gems/actionpack-3.0.3/lib/action_controller/metal/renderers.rb:47:in `render_to_body'
d:/Ruby192/lib/ruby/gems/1.9.1/gems/actionpack-3.0.3/lib/action_controller/metal/compatibility.rb:55:in `render_to_body'
d:/Ruby192/lib/ruby/gems/1.9.1/gems/actionpack-3.0.3/lib/abstract_controller/rendering.rb:101:in `render_to_string'
d:/Ruby192/lib/ruby/gems/1.9.1/gems/actionpack-3.0.3/lib/abstract_controller/rendering.rb:92:in `render'
d:/Ruby192/lib/ruby/gems/1.9.1/gems/actionpack-3.0.3/lib/action_controller/metal/rendering.rb:17:in `render'
d:/Ruby192/lib/ruby/gems/1.9.1/gems/actionpack-3.0.3/lib/action_controller/metal/instrumentation.rb:40:in `block (2 levels) in render'
d:/Ruby192/lib/ruby/gems/1.9.1/gems/activesupport-3.0.3/lib/active_support/core_ext/benchmark.rb:5:in `block in ms'
d:/Ruby192/lib/ruby/1.9.1/benchmark.rb:309:in `realtime'
d:/Ruby192/lib/ruby/gems/1.9.1/gems/activesupport-3.0.3/lib/active_support/core_ext/benchmark.rb:5:in `ms'
d:/Ruby192/lib/ruby/gems/1.9.1/gems/actionpack-3.0.3/lib/action_controller/metal/instrumentation.rb:40:in `block in render'
d:/Ruby192/lib/ruby/gems/1.9.1/gems/actionpack-3.0.3/lib/action_controller/metal/instrumentation.rb:78:in `cleanup_view_runtime'
d:/Ruby192/lib/ruby/gems/1.9.1/gems/activerecord-3.0.3/lib/active_record/railties/controller_runtime.rb:15:in `cleanup_view_runtime'
d:/Ruby192/lib/ruby/gems/1.9.1/gems/actionpack-3.0.3/lib/action_controller/metal/instrumentation.rb:39:in `render'
d:/Ruby192/lib/ruby/gems/1.9.1/gems/actionpack-3.0.3/lib/action_controller/metal/implicit_render.rb:10:in `default_render'
d:/Ruby192/lib/ruby/gems/1.9.1/gems/actionpack-3.0.3/lib/action_controller/metal/implicit_render.rb:5:in `send_action'
d:/Ruby192/lib/ruby/gems/1.9.1/gems/actionpack-3.0.3/lib/abstract_controller/base.rb:151:in `process_action'
d:/Ruby192/lib/ruby/gems/1.9.1/gems/actionpack-3.0.3/lib/action_controller/metal/rendering.rb:11:in `process_action'
d:/Ruby192/lib/ruby/gems/1.9.1/gems/actionpack-3.0.3/lib/abstract_controller/callbacks.rb:18:in `block in process_action'
d:/Ruby192/lib/ruby/gems/1.9.1/gems/activesupport-3.0.3/lib/active_support/callbacks.rb:435:in `_run__694264626__process_action__709381496__callbacks'
d:/Ruby192/lib/ruby/gems/1.9.1/gems/activesupport-3.0.3/lib/active_support/callbacks.rb:409:in `_run_process_action_callbacks'
d:/Ruby192/lib/ruby/gems/1.9.1/gems/activesupport-3.0.3/lib/active_support/callbacks.rb:93:in `run_callbacks'
d:/Ruby192/lib/ruby/gems/1.9.1/gems/actionpack-3.0.3/lib/abstract_controller/callbacks.rb:17:in `process_action'
d:/Ruby192/lib/ruby/gems/1.9.1/gems/actionpack-3.0.3/lib/action_controller/metal/instrumentation.rb:30:in `block in process_action'
d:/Ruby192/lib/ruby/gems/1.9.1/gems/activesupport-3.0.3/lib/active_support/notifications.rb:52:in `block in instrument'
d:/Ruby192/lib/ruby/gems/1.9.1/gems/activesupport-3.0.3/lib/active_support/notifications/instrumenter.rb:21:in `instrument'
d:/Ruby192/lib/ruby/gems/1.9.1/gems/activesupport-3.0.3/lib/active_support/notifications.rb:52:in `instrument'
d:/Ruby192/lib/ruby/gems/1.9.1/gems/actionpack-3.0.3/lib/action_controller/metal/instrumentation.rb:29:in `process_action'
d:/Ruby192/lib/ruby/gems/1.9.1/gems/actionpack-3.0.3/lib/action_controller/metal/rescue.rb:17:in `process_action'
d:/Ruby192/lib/ruby/gems/1.9.1/gems/actionpack-3.0.3/lib/abstract_controller/base.rb:120:in `process'
d:/Ruby192/lib/ruby/gems/1.9.1/gems/actionpack-3.0.3/lib/abstract_controller/rendering.rb:40:in `process'
d:/Ruby192/lib/ruby/gems/1.9.1/gems/actionpack-3.0.3/lib/action_controller/metal.rb:138:in `dispatch'
d:/Ruby192/lib/ruby/gems/1.9.1/gems/actionpack-3.0.3/lib/action_controller/metal/rack_delegation.rb:14:in `dispatch'
d:/Ruby192/lib/ruby/gems/1.9.1/gems/actionpack-3.0.3/lib/action_controller/metal.rb:178:in `block in action'
d:/Ruby192/lib/ruby/gems/1.9.1/gems/actionpack-3.0.3/lib/action_dispatch/routing/route_set.rb:62:in `call'
d:/Ruby192/lib/ruby/gems/1.9.1/gems/actionpack-3.0.3/lib/action_dispatch/routing/route_set.rb:62:in `dispatch'
d:/Ruby192/lib/ruby/gems/1.9.1/gems/actionpack-3.0.3/lib/action_dispatch/routing/route_set.rb:27:in `call'
d:/Ruby192/lib/ruby/gems/1.9.1/gems/rack-mount-0.6.13/lib/rack/mount/route_set.rb:148:in `block in call'
d:/Ruby192/lib/ruby/gems/1.9.1/gems/rack-mount-0.6.13/lib/rack/mount/code_generation.rb:93:in `block in recognize'
d:/Ruby192/lib/ruby/gems/1.9.1/gems/rack-mount-0.6.13/lib/rack/mount/code_generation.rb:75:in `optimized_each'
d:/Ruby192/lib/ruby/gems/1.9.1/gems/rack-mount-0.6.13/lib/rack/mount/code_generation.rb:92:in `recognize'
d:/Ruby192/lib/ruby/gems/1.9.1/gems/rack-mount-0.6.13/lib/rack/mount/route_set.rb:139:in `call'
d:/Ruby192/lib/ruby/gems/1.9.1/gems/actionpack-3.0.3/lib/action_dispatch/routing/route_set.rb:492:in `call'
d:/Ruby192/lib/ruby/gems/1.9.1/gems/actionpack-3.0.3/lib/action_dispatch/middleware/best_standards_support.rb:17:in `call'
d:/Ruby192/lib/ruby/gems/1.9.1/gems/actionpack-3.0.3/lib/action_dispatch/middleware/head.rb:14:in `call'
d:/Ruby192/lib/ruby/gems/1.9.1/gems/rack-1.2.1/lib/rack/methodoverride.rb:24:in `call'
d:/Ruby192/lib/ruby/gems/1.9.1/gems/actionpack-3.0.3/lib/action_dispatch/middleware/params_parser.rb:21:in `call'
d:/Ruby192/lib/ruby/gems/1.9.1/gems/actionpack-3.0.3/lib/action_dispatch/middleware/flash.rb:182:in `call'
d:/Ruby192/lib/ruby/gems/1.9.1/gems/actionpack-3.0.3/lib/action_dispatch/middleware/session/abstract_store.rb:149:in `call'
d:/Ruby192/lib/ruby/gems/1.9.1/gems/actionpack-3.0.3/lib/action_dispatch/middleware/cookies.rb:295:in `call'
d:/Ruby192/lib/ruby/gems/1.9.1/gems/activerecord-3.0.3/lib/active_record/query_cache.rb:32:in `block in call'
d:/Ruby192/lib/ruby/gems/1.9.1/gems/activerecord-3.0.3/lib/active_record/connection_adapters/abstract/query_cache.rb:28:in `cache'
d:/Ruby192/lib/ruby/gems/1.9.1/gems/activerecord-3.0.3/lib/active_record/query_cache.rb:12:in `cache'
d:/Ruby192/lib/ruby/gems/1.9.1/gems/activerecord-3.0.3/lib/active_record/query_cache.rb:31:in `call'
d:/Ruby192/lib/ruby/gems/1.9.1/gems/activerecord-3.0.3/lib/active_record/connection_adapters/abstract/connection_pool.rb:353:in `call'
d:/Ruby192/lib/ruby/gems/1.9.1/gems/actionpack-3.0.3/lib/action_dispatch/middleware/callbacks.rb:46:in `block in call'
d:/Ruby192/lib/ruby/gems/1.9.1/gems/activesupport-3.0.3/lib/active_support/callbacks.rb:415:in `_run_call_callbacks'
d:/Ruby192/lib/ruby/gems/1.9.1/gems/actionpack-3.0.3/lib/action_dispatch/middleware/callbacks.rb:44:in `call'
d:/Ruby192/lib/ruby/gems/1.9.1/gems/rack-1.2.1/lib/rack/sendfile.rb:107:in `call'
d:/Ruby192/lib/ruby/gems/1.9.1/gems/actionpack-3.0.3/lib/action_dispatch/middleware/remote_ip.rb:48:in `call'
d:/Ruby192/lib/ruby/gems/1.9.1/gems/actionpack-3.0.3/lib/action_dispatch/middleware/show_exceptions.rb:46:in `call'
d:/Ruby192/lib/ruby/gems/1.9.1/gems/railties-3.0.3/lib/rails/rack/logger.rb:13:in `call'
d:/Ruby192/lib/ruby/gems/1.9.1/gems/rack-1.2.1/lib/rack/runtime.rb:17:in `call'
d:/Ruby192/lib/ruby/gems/1.9.1/gems/activesupport-3.0.3/lib/active_support/cache/strategy/local_cache.rb:72:in `call'
d:/Ruby192/lib/ruby/gems/1.9.1/gems/rack-1.2.1/lib/rack/lock.rb:11:in `block in call'
<internal:prelude>:10:in `synchronize'
d:/Ruby192/lib/ruby/gems/1.9.1/gems/rack-1.2.1/lib/rack/lock.rb:11:in `call'
d:/Ruby192/lib/ruby/gems/1.9.1/gems/actionpack-3.0.3/lib/action_dispatch/middleware/static.rb:30:in `call'
d:/Ruby192/lib/ruby/gems/1.9.1/gems/railties-3.0.3/lib/rails/application.rb:168:in `call'
d:/Ruby192/lib/ruby/gems/1.9.1/gems/railties-3.0.3/lib/rails/application.rb:77:in `method_missing'
d:/Ruby192/lib/ruby/gems/1.9.1/gems/railties-3.0.3/lib/rails/rack/log_tailer.rb:14:in `call'
d:/Ruby192/lib/ruby/gems/1.9.1/gems/rack-1.2.1/lib/rack/content_length.rb:13:in `call'
d:/Ruby192/lib/ruby/gems/1.9.1/gems/rack-1.2.1/lib/rack/handler/webrick.rb:52:in `service'
d:/Ruby192/lib/ruby/1.9.1/webrick/httpserver.rb:111:in `service'
d:/Ruby192/lib/ruby/1.9.1/webrick/httpserver.rb:70:in `run'
d:/Ruby192/lib/ruby/1.9.1/webrick/server.rb:183:in `block in start_thread'
Rendered users/new.html.erb within layouts/application (46.0ms)
Completed   in 141ms


Started GET "/users/new" for 127.0.0.1 at 2011-02-11 14:55:24 +0100
  Processing by UsersController#new as HTML
ERROR: compiling _app_views_users_new_html_erb___580325660_30835044__234823774 RAISED C:/Users/Marvin/My Documents/Aptana Studio 3 Workspace/Encuesta-Projekt/app/views/users/new.html.erb:5: syntax error, unexpected tSTRING_BEG, expecting ')'
...er.append= ( form.label :name 'Name:' );@output_buffer.safe_...
...                               ^
Function body:           def _app_views_users_new_html_erb___580325660_30835044__234823774(local_assigns)
            _old_virtual_path, @_virtual_path = @_virtual_path, "users/new";_old_output_buffer = @output_buffer;;@output_buffer = ActionView::OutputBuffer.new;@output_buffer.safe_concat('text

');@output_buffer.append_if_string=  form_for :user, User.new,
url => { :action => 'create' } do |form| 
@output_buffer.append= ( form.label :name 'Name:' );@output_buffer.safe_concat('<br />
');@output_buffer.append= ( form.text_field :name );@output_buffer.safe_concat('<br />
');@output_buffer.append= ( form.submit 'Create' );@output_buffer.safe_concat('
'); end 
@output_buffer.to_s
          ensure
            @_virtual_path, @output_buffer = _old_virtual_path, _old_output_buffer
          end
Backtrace: d:/Ruby192/lib/ruby/gems/1.9.1/gems/actionpack-3.0.3/lib/action_view/template.rb:255:in `module_eval'
d:/Ruby192/lib/ruby/gems/1.9.1/gems/actionpack-3.0.3/lib/action_view/template.rb:255:in `compile'
d:/Ruby192/lib/ruby/gems/1.9.1/gems/actionpack-3.0.3/lib/action_view/template.rb:134:in `block in render'
d:/Ruby192/lib/ruby/gems/1.9.1/gems/activesupport-3.0.3/lib/active_support/notifications.rb:54:in `instrument'
d:/Ruby192/lib/ruby/gems/1.9.1/gems/actionpack-3.0.3/lib/action_view/template.rb:127:in `render'
d:/Ruby192/lib/ruby/gems/1.9.1/gems/actionpack-3.0.3/lib/action_view/render/rendering.rb:59:in `block in _render_template'
d:/Ruby192/lib/ruby/gems/1.9.1/gems/activesupport-3.0.3/lib/active_support/notifications.rb:52:in `block in instrument'
d:/Ruby192/lib/ruby/gems/1.9.1/gems/activesupport-3.0.3/lib/active_support/notifications/instrumenter.rb:21:in `instrument'
d:/Ruby192/lib/ruby/gems/1.9.1/gems/activesupport-3.0.3/lib/active_support/notifications.rb:52:in `instrument'
d:/Ruby192/lib/ruby/gems/1.9.1/gems/actionpack-3.0.3/lib/action_view/render/rendering.rb:56:in `_render_template'
d:/Ruby192/lib/ruby/gems/1.9.1/gems/actionpack-3.0.3/lib/action_view/render/rendering.rb:26:in `render'
d:/Ruby192/lib/ruby/gems/1.9.1/gems/actionpack-3.0.3/lib/abstract_controller/rendering.rb:114:in `_render_template'
d:/Ruby192/lib/ruby/gems/1.9.1/gems/actionpack-3.0.3/lib/abstract_controller/rendering.rb:108:in `render_to_body'
d:/Ruby192/lib/ruby/gems/1.9.1/gems/actionpack-3.0.3/lib/action_controller/metal/renderers.rb:47:in `render_to_body'
d:/Ruby192/lib/ruby/gems/1.9.1/gems/actionpack-3.0.3/lib/action_controller/metal/compatibility.rb:55:in `render_to_body'
d:/Ruby192/lib/ruby/gems/1.9.1/gems/actionpack-3.0.3/lib/abstract_controller/rendering.rb:101:in `render_to_string'
d:/Ruby192/lib/ruby/gems/1.9.1/gems/actionpack-3.0.3/lib/abstract_controller/rendering.rb:92:in `render'
d:/Ruby192/lib/ruby/gems/1.9.1/gems/actionpack-3.0.3/lib/action_controller/metal/rendering.rb:17:in `render'
d:/Ruby192/lib/ruby/gems/1.9.1/gems/actionpack-3.0.3/lib/action_controller/metal/instrumentation.rb:40:in `block (2 levels) in render'
d:/Ruby192/lib/ruby/gems/1.9.1/gems/activesupport-3.0.3/lib/active_support/core_ext/benchmark.rb:5:in `block in ms'
d:/Ruby192/lib/ruby/1.9.1/benchmark.rb:309:in `realtime'
d:/Ruby192/lib/ruby/gems/1.9.1/gems/activesupport-3.0.3/lib/active_support/core_ext/benchmark.rb:5:in `ms'
d:/Ruby192/lib/ruby/gems/1.9.1/gems/actionpack-3.0.3/lib/action_controller/metal/instrumentation.rb:40:in `block in render'
d:/Ruby192/lib/ruby/gems/1.9.1/gems/actionpack-3.0.3/lib/action_controller/metal/instrumentation.rb:78:in `cleanup_view_runtime'
d:/Ruby192/lib/ruby/gems/1.9.1/gems/activerecord-3.0.3/lib/active_record/railties/controller_runtime.rb:15:in `cleanup_view_runtime'
d:/Ruby192/lib/ruby/gems/1.9.1/gems/actionpack-3.0.3/lib/action_controller/metal/instrumentation.rb:39:in `render'
d:/Ruby192/lib/ruby/gems/1.9.1/gems/actionpack-3.0.3/lib/action_controller/metal/implicit_render.rb:10:in `default_render'
d:/Ruby192/lib/ruby/gems/1.9.1/gems/actionpack-3.0.3/lib/action_controller/metal/implicit_render.rb:5:in `send_action'
d:/Ruby192/lib/ruby/gems/1.9.1/gems/actionpack-3.0.3/lib/abstract_controller/base.rb:151:in `process_action'
d:/Ruby192/lib/ruby/gems/1.9.1/gems/actionpack-3.0.3/lib/action_controller/metal/rendering.rb:11:in `process_action'
d:/Ruby192/lib/ruby/gems/1.9.1/gems/actionpack-3.0.3/lib/abstract_controller/callbacks.rb:18:in `block in process_action'
d:/Ruby192/lib/ruby/gems/1.9.1/gems/activesupport-3.0.3/lib/active_support/callbacks.rb:435:in `_run__694264626__process_action__709381496__callbacks'
d:/Ruby192/lib/ruby/gems/1.9.1/gems/activesupport-3.0.3/lib/active_support/callbacks.rb:409:in `_run_process_action_callbacks'
d:/Ruby192/lib/ruby/gems/1.9.1/gems/activesupport-3.0.3/lib/active_support/callbacks.rb:93:in `run_callbacks'
d:/Ruby192/lib/ruby/gems/1.9.1/gems/actionpack-3.0.3/lib/abstract_controller/callbacks.rb:17:in `process_action'
d:/Ruby192/lib/ruby/gems/1.9.1/gems/actionpack-3.0.3/lib/action_controller/metal/instrumentation.rb:30:in `block in process_action'
d:/Ruby192/lib/ruby/gems/1.9.1/gems/activesupport-3.0.3/lib/active_support/notifications.rb:52:in `block in instrument'
d:/Ruby192/lib/ruby/gems/1.9.1/gems/activesupport-3.0.3/lib/active_support/notifications/instrumenter.rb:21:in `instrument'
d:/Ruby192/lib/ruby/gems/1.9.1/gems/activesupport-3.0.3/lib/active_support/notifications.rb:52:in `instrument'
d:/Ruby192/lib/ruby/gems/1.9.1/gems/actionpack-3.0.3/lib/action_controller/metal/instrumentation.rb:29:in `process_action'
d:/Ruby192/lib/ruby/gems/1.9.1/gems/actionpack-3.0.3/lib/action_controller/metal/rescue.rb:17:in `process_action'
d:/Ruby192/lib/ruby/gems/1.9.1/gems/actionpack-3.0.3/lib/abstract_controller/base.rb:120:in `process'
d:/Ruby192/lib/ruby/gems/1.9.1/gems/actionpack-3.0.3/lib/abstract_controller/rendering.rb:40:in `process'
d:/Ruby192/lib/ruby/gems/1.9.1/gems/actionpack-3.0.3/lib/action_controller/metal.rb:138:in `dispatch'
d:/Ruby192/lib/ruby/gems/1.9.1/gems/actionpack-3.0.3/lib/action_controller/metal/rack_delegation.rb:14:in `dispatch'
d:/Ruby192/lib/ruby/gems/1.9.1/gems/actionpack-3.0.3/lib/action_controller/metal.rb:178:in `block in action'
d:/Ruby192/lib/ruby/gems/1.9.1/gems/actionpack-3.0.3/lib/action_dispatch/routing/route_set.rb:62:in `call'
d:/Ruby192/lib/ruby/gems/1.9.1/gems/actionpack-3.0.3/lib/action_dispatch/routing/route_set.rb:62:in `dispatch'
d:/Ruby192/lib/ruby/gems/1.9.1/gems/actionpack-3.0.3/lib/action_dispatch/routing/route_set.rb:27:in `call'
d:/Ruby192/lib/ruby/gems/1.9.1/gems/rack-mount-0.6.13/lib/rack/mount/route_set.rb:148:in `block in call'
d:/Ruby192/lib/ruby/gems/1.9.1/gems/rack-mount-0.6.13/lib/rack/mount/code_generation.rb:93:in `block in recognize'
d:/Ruby192/lib/ruby/gems/1.9.1/gems/rack-mount-0.6.13/lib/rack/mount/code_generation.rb:75:in `optimized_each'
d:/Ruby192/lib/ruby/gems/1.9.1/gems/rack-mount-0.6.13/lib/rack/mount/code_generation.rb:92:in `recognize'
d:/Ruby192/lib/ruby/gems/1.9.1/gems/rack-mount-0.6.13/lib/rack/mount/route_set.rb:139:in `call'
d:/Ruby192/lib/ruby/gems/1.9.1/gems/actionpack-3.0.3/lib/action_dispatch/routing/route_set.rb:492:in `call'
d:/Ruby192/lib/ruby/gems/1.9.1/gems/actionpack-3.0.3/lib/action_dispatch/middleware/best_standards_support.rb:17:in `call'
d:/Ruby192/lib/ruby/gems/1.9.1/gems/actionpack-3.0.3/lib/action_dispatch/middleware/head.rb:14:in `call'
d:/Ruby192/lib/ruby/gems/1.9.1/gems/rack-1.2.1/lib/rack/methodoverride.rb:24:in `call'
d:/Ruby192/lib/ruby/gems/1.9.1/gems/actionpack-3.0.3/lib/action_dispatch/middleware/params_parser.rb:21:in `call'
d:/Ruby192/lib/ruby/gems/1.9.1/gems/actionpack-3.0.3/lib/action_dispatch/middleware/flash.rb:182:in `call'
d:/Ruby192/lib/ruby/gems/1.9.1/gems/actionpack-3.0.3/lib/action_dispatch/middleware/session/abstract_store.rb:149:in `call'
d:/Ruby192/lib/ruby/gems/1.9.1/gems/actionpack-3.0.3/lib/action_dispatch/middleware/cookies.rb:295:in `call'
d:/Ruby192/lib/ruby/gems/1.9.1/gems/activerecord-3.0.3/lib/active_record/query_cache.rb:32:in `block in call'
d:/Ruby192/lib/ruby/gems/1.9.1/gems/activerecord-3.0.3/lib/active_record/connection_adapters/abstract/query_cache.rb:28:in `cache'
d:/Ruby192/lib/ruby/gems/1.9.1/gems/activerecord-3.0.3/lib/active_record/query_cache.rb:12:in `cache'
d:/Ruby192/lib/ruby/gems/1.9.1/gems/activerecord-3.0.3/lib/active_record/query_cache.rb:31:in `call'
d:/Ruby192/lib/ruby/gems/1.9.1/gems/activerecord-3.0.3/lib/active_record/connection_adapters/abstract/connection_pool.rb:353:in `call'
d:/Ruby192/lib/ruby/gems/1.9.1/gems/actionpack-3.0.3/lib/action_dispatch/middleware/callbacks.rb:46:in `block in call'
d:/Ruby192/lib/ruby/gems/1.9.1/gems/activesupport-3.0.3/lib/active_support/callbacks.rb:415:in `_run_call_callbacks'
d:/Ruby192/lib/ruby/gems/1.9.1/gems/actionpack-3.0.3/lib/action_dispatch/middleware/callbacks.rb:44:in `call'
d:/Ruby192/lib/ruby/gems/1.9.1/gems/rack-1.2.1/lib/rack/sendfile.rb:107:in `call'
d:/Ruby192/lib/ruby/gems/1.9.1/gems/actionpack-3.0.3/lib/action_dispatch/middleware/remote_ip.rb:48:in `call'
d:/Ruby192/lib/ruby/gems/1.9.1/gems/actionpack-3.0.3/lib/action_dispatch/middleware/show_exceptions.rb:46:in `call'
d:/Ruby192/lib/ruby/gems/1.9.1/gems/railties-3.0.3/lib/rails/rack/logger.rb:13:in `call'
d:/Ruby192/lib/ruby/gems/1.9.1/gems/rack-1.2.1/lib/rack/runtime.rb:17:in `call'
d:/Ruby192/lib/ruby/gems/1.9.1/gems/activesupport-3.0.3/lib/active_support/cache/strategy/local_cache.rb:72:in `call'
d:/Ruby192/lib/ruby/gems/1.9.1/gems/rack-1.2.1/lib/rack/lock.rb:11:in `block in call'
<internal:prelude>:10:in `synchronize'
d:/Ruby192/lib/ruby/gems/1.9.1/gems/rack-1.2.1/lib/rack/lock.rb:11:in `call'
d:/Ruby192/lib/ruby/gems/1.9.1/gems/actionpack-3.0.3/lib/action_dispatch/middleware/static.rb:30:in `call'
d:/Ruby192/lib/ruby/gems/1.9.1/gems/railties-3.0.3/lib/rails/application.rb:168:in `call'
d:/Ruby192/lib/ruby/gems/1.9.1/gems/railties-3.0.3/lib/rails/application.rb:77:in `method_missing'
d:/Ruby192/lib/ruby/gems/1.9.1/gems/railties-3.0.3/lib/rails/rack/log_tailer.rb:14:in `call'
d:/Ruby192/lib/ruby/gems/1.9.1/gems/rack-1.2.1/lib/rack/content_length.rb:13:in `call'
d:/Ruby192/lib/ruby/gems/1.9.1/gems/rack-1.2.1/lib/rack/handler/webrick.rb:52:in `service'
d:/Ruby192/lib/ruby/1.9.1/webrick/httpserver.rb:111:in `service'
d:/Ruby192/lib/ruby/1.9.1/webrick/httpserver.rb:70:in `run'
d:/Ruby192/lib/ruby/1.9.1/webrick/server.rb:183:in `block in start_thread'
Rendered users/new.html.erb within layouts/application (2.0ms)
Completed   in 69ms

ActionView::Template::Error (C:/Users/Marvin/My Documents/Aptana Studio 3 Workspace/Encuesta-Projekt/app/views/users/new.html.erb:5: syntax error, unexpected tSTRING_BEG, expecting ')'
...er.append= ( form.label :name 'Name:' );@output_buffer.safe_...
...                               ^):
    2: 
    3: <% form_for :user, User.new,
    4: url => { :action => 'create' } do |form| %>
    5: <%= form.label :name 'Name:' %><br />
    6: <%= form.text_field :name %><br />
    7: <%= form.submit 'Create' %>
    8: <% end %>
  

Rendered d:/Ruby192/lib/ruby/gems/1.9.1/gems/actionpack-3.0.3/lib/action_dispatch/middleware/templates/rescues/_trace.erb (2.0ms)
Rendered d:/Ruby192/lib/ruby/gems/1.9.1/gems/actionpack-3.0.3/lib/action_dispatch/middleware/templates/rescues/_request_and_response.erb (35.0ms)
Rendered d:/Ruby192/lib/ruby/gems/1.9.1/gems/actionpack-3.0.3/lib/action_dispatch/middleware/templates/rescues/template_error.erb within rescues/layout (54.0ms)


Started GET "/users/new" for 127.0.0.1 at 2011-02-11 14:55:59 +0100
  Processing by UsersController#new as HTML
ERROR: compiling _app_views_users_new_html_erb___580325660_32122620__234823774 RAISED C:/Users/Marvin/My Documents/Aptana Studio 3 Workspace/Encuesta-Projekt/app/views/users/new.html.erb:5: syntax error, unexpected tCONSTANT, expecting '}'
...ppend= ( form.label :name "Name:" );@output_buffer.safe_conc...
...                               ^
C:/Users/Marvin/My Documents/Aptana Studio 3 Workspace/Encuesta-Projekt/app/views/users/new.html.erb:7: syntax error, unexpected tCONSTANT, expecting keyword_end
...r.append= ( form.submit "Create" );@output_buffer.safe_conca...
...                               ^
C:/Users/Marvin/My Documents/Aptana Studio 3 Workspace/Encuesta-Projekt/app/views/users/new.html.erb:7: unterminated string meets end of file
C:/Users/Marvin/My Documents/Aptana Studio 3 Workspace/Encuesta-Projekt/app/views/users/new.html.erb:7: syntax error, unexpected $end, expecting keyword_end
Function body:           def _app_views_users_new_html_erb___580325660_32122620__234823774(local_assigns)
            _old_virtual_path, @_virtual_path = @_virtual_path, "users/new";_old_output_buffer = @output_buffer;;@output_buffer = ActionView::OutputBuffer.new;@output_buffer.safe_concat('text

');@output_buffer.append_if_string=  form_for :user, User.new,
url => { :action => "create"" } do |form| 
@output_buffer.append= ( form.label :name "Name:" );@output_buffer.safe_concat('<br />
');@output_buffer.append= ( form.text_field :name );@output_buffer.safe_concat('<br />
');@output_buffer.append= ( form.submit "Create" );@output_buffer.safe_concat('
'); end 
@output_buffer.to_s
          ensure
            @_virtual_path, @output_buffer = _old_virtual_path, _old_output_buffer
          end
Backtrace: d:/Ruby192/lib/ruby/gems/1.9.1/gems/actionpack-3.0.3/lib/action_view/template.rb:255:in `module_eval'
d:/Ruby192/lib/ruby/gems/1.9.1/gems/actionpack-3.0.3/lib/action_view/template.rb:255:in `compile'
d:/Ruby192/lib/ruby/gems/1.9.1/gems/actionpack-3.0.3/lib/action_view/template.rb:134:in `block in render'
d:/Ruby192/lib/ruby/gems/1.9.1/gems/activesupport-3.0.3/lib/active_support/notifications.rb:54:in `instrument'
d:/Ruby192/lib/ruby/gems/1.9.1/gems/actionpack-3.0.3/lib/action_view/template.rb:127:in `render'
d:/Ruby192/lib/ruby/gems/1.9.1/gems/actionpack-3.0.3/lib/action_view/render/rendering.rb:59:in `block in _render_template'
d:/Ruby192/lib/ruby/gems/1.9.1/gems/activesupport-3.0.3/lib/active_support/notifications.rb:52:in `block in instrument'
d:/Ruby192/lib/ruby/gems/1.9.1/gems/activesupport-3.0.3/lib/active_support/notifications/instrumenter.rb:21:in `instrument'
d:/Ruby192/lib/ruby/gems/1.9.1/gems/activesupport-3.0.3/lib/active_support/notifications.rb:52:in `instrument'
d:/Ruby192/lib/ruby/gems/1.9.1/gems/actionpack-3.0.3/lib/action_view/render/rendering.rb:56:in `_render_template'
d:/Ruby192/lib/ruby/gems/1.9.1/gems/actionpack-3.0.3/lib/action_view/render/rendering.rb:26:in `render'
d:/Ruby192/lib/ruby/gems/1.9.1/gems/actionpack-3.0.3/lib/abstract_controller/rendering.rb:114:in `_render_template'
d:/Ruby192/lib/ruby/gems/1.9.1/gems/actionpack-3.0.3/lib/abstract_controller/rendering.rb:108:in `render_to_body'
d:/Ruby192/lib/ruby/gems/1.9.1/gems/actionpack-3.0.3/lib/action_controller/metal/renderers.rb:47:in `render_to_body'
d:/Ruby192/lib/ruby/gems/1.9.1/gems/actionpack-3.0.3/lib/action_controller/metal/compatibility.rb:55:in `render_to_body'
d:/Ruby192/lib/ruby/gems/1.9.1/gems/actionpack-3.0.3/lib/abstract_controller/rendering.rb:101:in `render_to_string'
d:/Ruby192/lib/ruby/gems/1.9.1/gems/actionpack-3.0.3/lib/abstract_controller/rendering.rb:92:in `render'
d:/Ruby192/lib/ruby/gems/1.9.1/gems/actionpack-3.0.3/lib/action_controller/metal/rendering.rb:17:in `render'
d:/Ruby192/lib/ruby/gems/1.9.1/gems/actionpack-3.0.3/lib/action_controller/metal/instrumentation.rb:40:in `block (2 levels) in render'
d:/Ruby192/lib/ruby/gems/1.9.1/gems/activesupport-3.0.3/lib/active_support/core_ext/benchmark.rb:5:in `block in ms'
d:/Ruby192/lib/ruby/1.9.1/benchmark.rb:309:in `realtime'
d:/Ruby192/lib/ruby/gems/1.9.1/gems/activesupport-3.0.3/lib/active_support/core_ext/benchmark.rb:5:in `ms'
d:/Ruby192/lib/ruby/gems/1.9.1/gems/actionpack-3.0.3/lib/action_controller/metal/instrumentation.rb:40:in `block in render'
d:/Ruby192/lib/ruby/gems/1.9.1/gems/actionpack-3.0.3/lib/action_controller/metal/instrumentation.rb:78:in `cleanup_view_runtime'
d:/Ruby192/lib/ruby/gems/1.9.1/gems/activerecord-3.0.3/lib/active_record/railties/controller_runtime.rb:15:in `cleanup_view_runtime'
d:/Ruby192/lib/ruby/gems/1.9.1/gems/actionpack-3.0.3/lib/action_controller/metal/instrumentation.rb:39:in `render'
d:/Ruby192/lib/ruby/gems/1.9.1/gems/actionpack-3.0.3/lib/action_controller/metal/implicit_render.rb:10:in `default_render'
d:/Ruby192/lib/ruby/gems/1.9.1/gems/actionpack-3.0.3/lib/action_controller/metal/implicit_render.rb:5:in `send_action'
d:/Ruby192/lib/ruby/gems/1.9.1/gems/actionpack-3.0.3/lib/abstract_controller/base.rb:151:in `process_action'
d:/Ruby192/lib/ruby/gems/1.9.1/gems/actionpack-3.0.3/lib/action_controller/metal/rendering.rb:11:in `process_action'
d:/Ruby192/lib/ruby/gems/1.9.1/gems/actionpack-3.0.3/lib/abstract_controller/callbacks.rb:18:in `block in process_action'
d:/Ruby192/lib/ruby/gems/1.9.1/gems/activesupport-3.0.3/lib/active_support/callbacks.rb:435:in `_run__694264626__process_action__709381496__callbacks'
d:/Ruby192/lib/ruby/gems/1.9.1/gems/activesupport-3.0.3/lib/active_support/callbacks.rb:409:in `_run_process_action_callbacks'
d:/Ruby192/lib/ruby/gems/1.9.1/gems/activesupport-3.0.3/lib/active_support/callbacks.rb:93:in `run_callbacks'
d:/Ruby192/lib/ruby/gems/1.9.1/gems/actionpack-3.0.3/lib/abstract_controller/callbacks.rb:17:in `process_action'
d:/Ruby192/lib/ruby/gems/1.9.1/gems/actionpack-3.0.3/lib/action_controller/metal/instrumentation.rb:30:in `block in process_action'
d:/Ruby192/lib/ruby/gems/1.9.1/gems/activesupport-3.0.3/lib/active_support/notifications.rb:52:in `block in instrument'
d:/Ruby192/lib/ruby/gems/1.9.1/gems/activesupport-3.0.3/lib/active_support/notifications/instrumenter.rb:21:in `instrument'
d:/Ruby192/lib/ruby/gems/1.9.1/gems/activesupport-3.0.3/lib/active_support/notifications.rb:52:in `instrument'
d:/Ruby192/lib/ruby/gems/1.9.1/gems/actionpack-3.0.3/lib/action_controller/metal/instrumentation.rb:29:in `process_action'
d:/Ruby192/lib/ruby/gems/1.9.1/gems/actionpack-3.0.3/lib/action_controller/metal/rescue.rb:17:in `process_action'
d:/Ruby192/lib/ruby/gems/1.9.1/gems/actionpack-3.0.3/lib/abstract_controller/base.rb:120:in `process'
d:/Ruby192/lib/ruby/gems/1.9.1/gems/actionpack-3.0.3/lib/abstract_controller/rendering.rb:40:in `process'
d:/Ruby192/lib/ruby/gems/1.9.1/gems/actionpack-3.0.3/lib/action_controller/metal.rb:138:in `dispatch'
d:/Ruby192/lib/ruby/gems/1.9.1/gems/actionpack-3.0.3/lib/action_controller/metal/rack_delegation.rb:14:in `dispatch'
d:/Ruby192/lib/ruby/gems/1.9.1/gems/actionpack-3.0.3/lib/action_controller/metal.rb:178:in `block in action'
d:/Ruby192/lib/ruby/gems/1.9.1/gems/actionpack-3.0.3/lib/action_dispatch/routing/route_set.rb:62:in `call'
d:/Ruby192/lib/ruby/gems/1.9.1/gems/actionpack-3.0.3/lib/action_dispatch/routing/route_set.rb:62:in `dispatch'
d:/Ruby192/lib/ruby/gems/1.9.1/gems/actionpack-3.0.3/lib/action_dispatch/routing/route_set.rb:27:in `call'
d:/Ruby192/lib/ruby/gems/1.9.1/gems/rack-mount-0.6.13/lib/rack/mount/route_set.rb:148:in `block in call'
d:/Ruby192/lib/ruby/gems/1.9.1/gems/rack-mount-0.6.13/lib/rack/mount/code_generation.rb:93:in `block in recognize'
d:/Ruby192/lib/ruby/gems/1.9.1/gems/rack-mount-0.6.13/lib/rack/mount/code_generation.rb:75:in `optimized_each'
d:/Ruby192/lib/ruby/gems/1.9.1/gems/rack-mount-0.6.13/lib/rack/mount/code_generation.rb:92:in `recognize'
d:/Ruby192/lib/ruby/gems/1.9.1/gems/rack-mount-0.6.13/lib/rack/mount/route_set.rb:139:in `call'
d:/Ruby192/lib/ruby/gems/1.9.1/gems/actionpack-3.0.3/lib/action_dispatch/routing/route_set.rb:492:in `call'
d:/Ruby192/lib/ruby/gems/1.9.1/gems/actionpack-3.0.3/lib/action_dispatch/middleware/best_standards_support.rb:17:in `call'
d:/Ruby192/lib/ruby/gems/1.9.1/gems/actionpack-3.0.3/lib/action_dispatch/middleware/head.rb:14:in `call'
d:/Ruby192/lib/ruby/gems/1.9.1/gems/rack-1.2.1/lib/rack/methodoverride.rb:24:in `call'
d:/Ruby192/lib/ruby/gems/1.9.1/gems/actionpack-3.0.3/lib/action_dispatch/middleware/params_parser.rb:21:in `call'
d:/Ruby192/lib/ruby/gems/1.9.1/gems/actionpack-3.0.3/lib/action_dispatch/middleware/flash.rb:182:in `call'
d:/Ruby192/lib/ruby/gems/1.9.1/gems/actionpack-3.0.3/lib/action_dispatch/middleware/session/abstract_store.rb:149:in `call'
d:/Ruby192/lib/ruby/gems/1.9.1/gems/actionpack-3.0.3/lib/action_dispatch/middleware/cookies.rb:295:in `call'
d:/Ruby192/lib/ruby/gems/1.9.1/gems/activerecord-3.0.3/lib/active_record/query_cache.rb:32:in `block in call'
d:/Ruby192/lib/ruby/gems/1.9.1/gems/activerecord-3.0.3/lib/active_record/connection_adapters/abstract/query_cache.rb:28:in `cache'
d:/Ruby192/lib/ruby/gems/1.9.1/gems/activerecord-3.0.3/lib/active_record/query_cache.rb:12:in `cache'
d:/Ruby192/lib/ruby/gems/1.9.1/gems/activerecord-3.0.3/lib/active_record/query_cache.rb:31:in `call'
d:/Ruby192/lib/ruby/gems/1.9.1/gems/activerecord-3.0.3/lib/active_record/connection_adapters/abstract/connection_pool.rb:353:in `call'
d:/Ruby192/lib/ruby/gems/1.9.1/gems/actionpack-3.0.3/lib/action_dispatch/middleware/callbacks.rb:46:in `block in call'
d:/Ruby192/lib/ruby/gems/1.9.1/gems/activesupport-3.0.3/lib/active_support/callbacks.rb:415:in `_run_call_callbacks'
d:/Ruby192/lib/ruby/gems/1.9.1/gems/actionpack-3.0.3/lib/action_dispatch/middleware/callbacks.rb:44:in `call'
d:/Ruby192/lib/ruby/gems/1.9.1/gems/rack-1.2.1/lib/rack/sendfile.rb:107:in `call'
d:/Ruby192/lib/ruby/gems/1.9.1/gems/actionpack-3.0.3/lib/action_dispatch/middleware/remote_ip.rb:48:in `call'
d:/Ruby192/lib/ruby/gems/1.9.1/gems/actionpack-3.0.3/lib/action_dispatch/middleware/show_exceptions.rb:46:in `call'
d:/Ruby192/lib/ruby/gems/1.9.1/gems/railties-3.0.3/lib/rails/rack/logger.rb:13:in `call'
d:/Ruby192/lib/ruby/gems/1.9.1/gems/rack-1.2.1/lib/rack/runtime.rb:17:in `call'
d:/Ruby192/lib/ruby/gems/1.9.1/gems/activesupport-3.0.3/lib/active_support/cache/strategy/local_cache.rb:72:in `call'
d:/Ruby192/lib/ruby/gems/1.9.1/gems/rack-1.2.1/lib/rack/lock.rb:11:in `block in call'
<internal:prelude>:10:in `synchronize'
d:/Ruby192/lib/ruby/gems/1.9.1/gems/rack-1.2.1/lib/rack/lock.rb:11:in `call'
d:/Ruby192/lib/ruby/gems/1.9.1/gems/actionpack-3.0.3/lib/action_dispatch/middleware/static.rb:30:in `call'
d:/Ruby192/lib/ruby/gems/1.9.1/gems/railties-3.0.3/lib/rails/application.rb:168:in `call'
d:/Ruby192/lib/ruby/gems/1.9.1/gems/railties-3.0.3/lib/rails/application.rb:77:in `method_missing'
d:/Ruby192/lib/ruby/gems/1.9.1/gems/railties-3.0.3/lib/rails/rack/log_tailer.rb:14:in `call'
d:/Ruby192/lib/ruby/gems/1.9.1/gems/rack-1.2.1/lib/rack/content_length.rb:13:in `call'
d:/Ruby192/lib/ruby/gems/1.9.1/gems/rack-1.2.1/lib/rack/handler/webrick.rb:52:in `service'
d:/Ruby192/lib/ruby/1.9.1/webrick/httpserver.rb:111:in `service'
d:/Ruby192/lib/ruby/1.9.1/webrick/httpserver.rb:70:in `run'
d:/Ruby192/lib/ruby/1.9.1/webrick/server.rb:183:in `block in start_thread'
Rendered users/new.html.erb within layouts/application (2.0ms)
Completed   in 73ms

ActionView::Template::Error (C:/Users/Marvin/My Documents/Aptana Studio 3 Workspace/Encuesta-Projekt/app/views/users/new.html.erb:5: syntax error, unexpected tCONSTANT, expecting '}'
...ppend= ( form.label :name "Name:" );@output_buffer.safe_conc...
...                               ^
C:/Users/Marvin/My Documents/Aptana Studio 3 Workspace/Encuesta-Projekt/app/views/users/new.html.erb:7: syntax error, unexpected tCONSTANT, expecting keyword_end
...r.append= ( form.submit "Create" );@output_buffer.safe_conca...
...                               ^
C:/Users/Marvin/My Documents/Aptana Studio 3 Workspace/Encuesta-Projekt/app/views/users/new.html.erb:7: unterminated string meets end of file
C:/Users/Marvin/My Documents/Aptana Studio 3 Workspace/Encuesta-Projekt/app/views/users/new.html.erb:7: syntax error, unexpected $end, expecting keyword_end):
    2: 
    3: <% form_for :user, User.new,
    4: url => { :action => "create"" } do |form| %>
    5: <%= form.label :name "Name:" %><br />
    6: <%= form.text_field :name %><br />
    7: <%= form.submit "Create" %>
    8: <% end %>
  

Rendered d:/Ruby192/lib/ruby/gems/1.9.1/gems/actionpack-3.0.3/lib/action_dispatch/middleware/templates/rescues/_trace.erb (2.0ms)
Rendered d:/Ruby192/lib/ruby/gems/1.9.1/gems/actionpack-3.0.3/lib/action_dispatch/middleware/templates/rescues/_request_and_response.erb (5.0ms)
Rendered d:/Ruby192/lib/ruby/gems/1.9.1/gems/actionpack-3.0.3/lib/action_dispatch/middleware/templates/rescues/template_error.erb within rescues/layout (24.0ms)


Started GET "/users/new" for 127.0.0.1 at 2011-02-11 14:56:45 +0100
  Processing by UsersController#new as HTML
ERROR: compiling _app_views_users_new_html_erb___580325660_32647572__234823774 RAISED C:/Users/Marvin/My Documents/Aptana Studio 3 Workspace/Encuesta-Projekt/app/views/users/new.html.erb:5: syntax error, unexpected tSTRING_BEG, expecting ')'
...er.append= ( form.label :name "Name:" );@output_buffer.safe_...
...                               ^
Function body:           def _app_views_users_new_html_erb___580325660_32647572__234823774(local_assigns)
            _old_virtual_path, @_virtual_path = @_virtual_path, "users/new";_old_output_buffer = @output_buffer;;@output_buffer = ActionView::OutputBuffer.new;@output_buffer.safe_concat('text

');@output_buffer.append_if_string=  form_for :user, User.new,
url => { :action => "create" } do |form| 
@output_buffer.append= ( form.label :name "Name:" );@output_buffer.safe_concat('<br />
');@output_buffer.append= ( form.text_field :name );@output_buffer.safe_concat('<br />
');@output_buffer.append= ( form.submit "Create" );@output_buffer.safe_concat('
'); end 
@output_buffer.to_s
          ensure
            @_virtual_path, @output_buffer = _old_virtual_path, _old_output_buffer
          end
Backtrace: d:/Ruby192/lib/ruby/gems/1.9.1/gems/actionpack-3.0.3/lib/action_view/template.rb:255:in `module_eval'
d:/Ruby192/lib/ruby/gems/1.9.1/gems/actionpack-3.0.3/lib/action_view/template.rb:255:in `compile'
d:/Ruby192/lib/ruby/gems/1.9.1/gems/actionpack-3.0.3/lib/action_view/template.rb:134:in `block in render'
d:/Ruby192/lib/ruby/gems/1.9.1/gems/activesupport-3.0.3/lib/active_support/notifications.rb:54:in `instrument'
d:/Ruby192/lib/ruby/gems/1.9.1/gems/actionpack-3.0.3/lib/action_view/template.rb:127:in `render'
d:/Ruby192/lib/ruby/gems/1.9.1/gems/actionpack-3.0.3/lib/action_view/render/rendering.rb:59:in `block in _render_template'
d:/Ruby192/lib/ruby/gems/1.9.1/gems/activesupport-3.0.3/lib/active_support/notifications.rb:52:in `block in instrument'
d:/Ruby192/lib/ruby/gems/1.9.1/gems/activesupport-3.0.3/lib/active_support/notifications/instrumenter.rb:21:in `instrument'
d:/Ruby192/lib/ruby/gems/1.9.1/gems/activesupport-3.0.3/lib/active_support/notifications.rb:52:in `instrument'
d:/Ruby192/lib/ruby/gems/1.9.1/gems/actionpack-3.0.3/lib/action_view/render/rendering.rb:56:in `_render_template'
d:/Ruby192/lib/ruby/gems/1.9.1/gems/actionpack-3.0.3/lib/action_view/render/rendering.rb:26:in `render'
d:/Ruby192/lib/ruby/gems/1.9.1/gems/actionpack-3.0.3/lib/abstract_controller/rendering.rb:114:in `_render_template'
d:/Ruby192/lib/ruby/gems/1.9.1/gems/actionpack-3.0.3/lib/abstract_controller/rendering.rb:108:in `render_to_body'
d:/Ruby192/lib/ruby/gems/1.9.1/gems/actionpack-3.0.3/lib/action_controller/metal/renderers.rb:47:in `render_to_body'
d:/Ruby192/lib/ruby/gems/1.9.1/gems/actionpack-3.0.3/lib/action_controller/metal/compatibility.rb:55:in `render_to_body'
d:/Ruby192/lib/ruby/gems/1.9.1/gems/actionpack-3.0.3/lib/abstract_controller/rendering.rb:101:in `render_to_string'
d:/Ruby192/lib/ruby/gems/1.9.1/gems/actionpack-3.0.3/lib/abstract_controller/rendering.rb:92:in `render'
d:/Ruby192/lib/ruby/gems/1.9.1/gems/actionpack-3.0.3/lib/action_controller/metal/rendering.rb:17:in `render'
d:/Ruby192/lib/ruby/gems/1.9.1/gems/actionpack-3.0.3/lib/action_controller/metal/instrumentation.rb:40:in `block (2 levels) in render'
d:/Ruby192/lib/ruby/gems/1.9.1/gems/activesupport-3.0.3/lib/active_support/core_ext/benchmark.rb:5:in `block in ms'
d:/Ruby192/lib/ruby/1.9.1/benchmark.rb:309:in `realtime'
d:/Ruby192/lib/ruby/gems/1.9.1/gems/activesupport-3.0.3/lib/active_support/core_ext/benchmark.rb:5:in `ms'
d:/Ruby192/lib/ruby/gems/1.9.1/gems/actionpack-3.0.3/lib/action_controller/metal/instrumentation.rb:40:in `block in render'
d:/Ruby192/lib/ruby/gems/1.9.1/gems/actionpack-3.0.3/lib/action_controller/metal/instrumentation.rb:78:in `cleanup_view_runtime'
d:/Ruby192/lib/ruby/gems/1.9.1/gems/activerecord-3.0.3/lib/active_record/railties/controller_runtime.rb:15:in `cleanup_view_runtime'
d:/Ruby192/lib/ruby/gems/1.9.1/gems/actionpack-3.0.3/lib/action_controller/metal/instrumentation.rb:39:in `render'
d:/Ruby192/lib/ruby/gems/1.9.1/gems/actionpack-3.0.3/lib/action_controller/metal/implicit_render.rb:10:in `default_render'
d:/Ruby192/lib/ruby/gems/1.9.1/gems/actionpack-3.0.3/lib/action_controller/metal/implicit_render.rb:5:in `send_action'
d:/Ruby192/lib/ruby/gems/1.9.1/gems/actionpack-3.0.3/lib/abstract_controller/base.rb:151:in `process_action'
d:/Ruby192/lib/ruby/gems/1.9.1/gems/actionpack-3.0.3/lib/action_controller/metal/rendering.rb:11:in `process_action'
d:/Ruby192/lib/ruby/gems/1.9.1/gems/actionpack-3.0.3/lib/abstract_controller/callbacks.rb:18:in `block in process_action'
d:/Ruby192/lib/ruby/gems/1.9.1/gems/activesupport-3.0.3/lib/active_support/callbacks.rb:435:in `_run__694264626__process_action__709381496__callbacks'
d:/Ruby192/lib/ruby/gems/1.9.1/gems/activesupport-3.0.3/lib/active_support/callbacks.rb:409:in `_run_process_action_callbacks'
d:/Ruby192/lib/ruby/gems/1.9.1/gems/activesupport-3.0.3/lib/active_support/callbacks.rb:93:in `run_callbacks'
d:/Ruby192/lib/ruby/gems/1.9.1/gems/actionpack-3.0.3/lib/abstract_controller/callbacks.rb:17:in `process_action'
d:/Ruby192/lib/ruby/gems/1.9.1/gems/actionpack-3.0.3/lib/action_controller/metal/instrumentation.rb:30:in `block in process_action'
d:/Ruby192/lib/ruby/gems/1.9.1/gems/activesupport-3.0.3/lib/active_support/notifications.rb:52:in `block in instrument'
d:/Ruby192/lib/ruby/gems/1.9.1/gems/activesupport-3.0.3/lib/active_support/notifications/instrumenter.rb:21:in `instrument'
d:/Ruby192/lib/ruby/gems/1.9.1/gems/activesupport-3.0.3/lib/active_support/notifications.rb:52:in `instrument'
d:/Ruby192/lib/ruby/gems/1.9.1/gems/actionpack-3.0.3/lib/action_controller/metal/instrumentation.rb:29:in `process_action'
d:/Ruby192/lib/ruby/gems/1.9.1/gems/actionpack-3.0.3/lib/action_controller/metal/rescue.rb:17:in `process_action'
d:/Ruby192/lib/ruby/gems/1.9.1/gems/actionpack-3.0.3/lib/abstract_controller/base.rb:120:in `process'
d:/Ruby192/lib/ruby/gems/1.9.1/gems/actionpack-3.0.3/lib/abstract_controller/rendering.rb:40:in `process'
d:/Ruby192/lib/ruby/gems/1.9.1/gems/actionpack-3.0.3/lib/action_controller/metal.rb:138:in `dispatch'
d:/Ruby192/lib/ruby/gems/1.9.1/gems/actionpack-3.0.3/lib/action_controller/metal/rack_delegation.rb:14:in `dispatch'
d:/Ruby192/lib/ruby/gems/1.9.1/gems/actionpack-3.0.3/lib/action_controller/metal.rb:178:in `block in action'
d:/Ruby192/lib/ruby/gems/1.9.1/gems/actionpack-3.0.3/lib/action_dispatch/routing/route_set.rb:62:in `call'
d:/Ruby192/lib/ruby/gems/1.9.1/gems/actionpack-3.0.3/lib/action_dispatch/routing/route_set.rb:62:in `dispatch'
d:/Ruby192/lib/ruby/gems/1.9.1/gems/actionpack-3.0.3/lib/action_dispatch/routing/route_set.rb:27:in `call'
d:/Ruby192/lib/ruby/gems/1.9.1/gems/rack-mount-0.6.13/lib/rack/mount/route_set.rb:148:in `block in call'
d:/Ruby192/lib/ruby/gems/1.9.1/gems/rack-mount-0.6.13/lib/rack/mount/code_generation.rb:93:in `block in recognize'
d:/Ruby192/lib/ruby/gems/1.9.1/gems/rack-mount-0.6.13/lib/rack/mount/code_generation.rb:75:in `optimized_each'
d:/Ruby192/lib/ruby/gems/1.9.1/gems/rack-mount-0.6.13/lib/rack/mount/code_generation.rb:92:in `recognize'
d:/Ruby192/lib/ruby/gems/1.9.1/gems/rack-mount-0.6.13/lib/rack/mount/route_set.rb:139:in `call'
d:/Ruby192/lib/ruby/gems/1.9.1/gems/actionpack-3.0.3/lib/action_dispatch/routing/route_set.rb:492:in `call'
d:/Ruby192/lib/ruby/gems/1.9.1/gems/actionpack-3.0.3/lib/action_dispatch/middleware/best_standards_support.rb:17:in `call'
d:/Ruby192/lib/ruby/gems/1.9.1/gems/actionpack-3.0.3/lib/action_dispatch/middleware/head.rb:14:in `call'
d:/Ruby192/lib/ruby/gems/1.9.1/gems/rack-1.2.1/lib/rack/methodoverride.rb:24:in `call'
d:/Ruby192/lib/ruby/gems/1.9.1/gems/actionpack-3.0.3/lib/action_dispatch/middleware/params_parser.rb:21:in `call'
d:/Ruby192/lib/ruby/gems/1.9.1/gems/actionpack-3.0.3/lib/action_dispatch/middleware/flash.rb:182:in `call'
d:/Ruby192/lib/ruby/gems/1.9.1/gems/actionpack-3.0.3/lib/action_dispatch/middleware/session/abstract_store.rb:149:in `call'
d:/Ruby192/lib/ruby/gems/1.9.1/gems/actionpack-3.0.3/lib/action_dispatch/middleware/cookies.rb:295:in `call'
d:/Ruby192/lib/ruby/gems/1.9.1/gems/activerecord-3.0.3/lib/active_record/query_cache.rb:32:in `block in call'
d:/Ruby192/lib/ruby/gems/1.9.1/gems/activerecord-3.0.3/lib/active_record/connection_adapters/abstract/query_cache.rb:28:in `cache'
d:/Ruby192/lib/ruby/gems/1.9.1/gems/activerecord-3.0.3/lib/active_record/query_cache.rb:12:in `cache'
d:/Ruby192/lib/ruby/gems/1.9.1/gems/activerecord-3.0.3/lib/active_record/query_cache.rb:31:in `call'
d:/Ruby192/lib/ruby/gems/1.9.1/gems/activerecord-3.0.3/lib/active_record/connection_adapters/abstract/connection_pool.rb:353:in `call'
d:/Ruby192/lib/ruby/gems/1.9.1/gems/actionpack-3.0.3/lib/action_dispatch/middleware/callbacks.rb:46:in `block in call'
d:/Ruby192/lib/ruby/gems/1.9.1/gems/activesupport-3.0.3/lib/active_support/callbacks.rb:415:in `_run_call_callbacks'
d:/Ruby192/lib/ruby/gems/1.9.1/gems/actionpack-3.0.3/lib/action_dispatch/middleware/callbacks.rb:44:in `call'
d:/Ruby192/lib/ruby/gems/1.9.1/gems/rack-1.2.1/lib/rack/sendfile.rb:107:in `call'
d:/Ruby192/lib/ruby/gems/1.9.1/gems/actionpack-3.0.3/lib/action_dispatch/middleware/remote_ip.rb:48:in `call'
d:/Ruby192/lib/ruby/gems/1.9.1/gems/actionpack-3.0.3/lib/action_dispatch/middleware/show_exceptions.rb:46:in `call'
d:/Ruby192/lib/ruby/gems/1.9.1/gems/railties-3.0.3/lib/rails/rack/logger.rb:13:in `call'
d:/Ruby192/lib/ruby/gems/1.9.1/gems/rack-1.2.1/lib/rack/runtime.rb:17:in `call'
d:/Ruby192/lib/ruby/gems/1.9.1/gems/activesupport-3.0.3/lib/active_support/cache/strategy/local_cache.rb:72:in `call'
d:/Ruby192/lib/ruby/gems/1.9.1/gems/rack-1.2.1/lib/rack/lock.rb:11:in `block in call'
<internal:prelude>:10:in `synchronize'
d:/Ruby192/lib/ruby/gems/1.9.1/gems/rack-1.2.1/lib/rack/lock.rb:11:in `call'
d:/Ruby192/lib/ruby/gems/1.9.1/gems/actionpack-3.0.3/lib/action_dispatch/middleware/static.rb:30:in `call'
d:/Ruby192/lib/ruby/gems/1.9.1/gems/railties-3.0.3/lib/rails/application.rb:168:in `call'
d:/Ruby192/lib/ruby/gems/1.9.1/gems/railties-3.0.3/lib/rails/application.rb:77:in `method_missing'
d:/Ruby192/lib/ruby/gems/1.9.1/gems/railties-3.0.3/lib/rails/rack/log_tailer.rb:14:in `call'
d:/Ruby192/lib/ruby/gems/1.9.1/gems/rack-1.2.1/lib/rack/content_length.rb:13:in `call'
d:/Ruby192/lib/ruby/gems/1.9.1/gems/rack-1.2.1/lib/rack/handler/webrick.rb:52:in `service'
d:/Ruby192/lib/ruby/1.9.1/webrick/httpserver.rb:111:in `service'
d:/Ruby192/lib/ruby/1.9.1/webrick/httpserver.rb:70:in `run'
d:/Ruby192/lib/ruby/1.9.1/webrick/server.rb:183:in `block in start_thread'
Rendered users/new.html.erb within layouts/application (2.0ms)
Completed   in 73ms

ActionView::Template::Error (C:/Users/Marvin/My Documents/Aptana Studio 3 Workspace/Encuesta-Projekt/app/views/users/new.html.erb:5: syntax error, unexpected tSTRING_BEG, expecting ')'
...er.append= ( form.label :name "Name:" );@output_buffer.safe_...
...                               ^):
    2: 
    3: <% form_for :user, User.new,
    4: url => { :action => "create" } do |form| %>
    5: <%= form.label :name "Name:" %><br />
    6: <%= form.text_field :name %><br />
    7: <%= form.submit "Create" %>
    8: <% end %>
  

Rendered d:/Ruby192/lib/ruby/gems/1.9.1/gems/actionpack-3.0.3/lib/action_dispatch/middleware/templates/rescues/_trace.erb (2.0ms)
Rendered d:/Ruby192/lib/ruby/gems/1.9.1/gems/actionpack-3.0.3/lib/action_dispatch/middleware/templates/rescues/_request_and_response.erb (4.0ms)
Rendered d:/Ruby192/lib/ruby/gems/1.9.1/gems/actionpack-3.0.3/lib/action_dispatch/middleware/templates/rescues/template_error.erb within rescues/layout (22.0ms)


Started GET "/users/new" for 127.0.0.1 at 2011-02-11 14:57:21 +0100
  Processing by UsersController#new as HTML
ERROR: compiling _app_views_users_new_html_erb___580325660_33824616__234823774 RAISED C:/Users/Marvin/My Documents/Aptana Studio 3 Workspace/Encuesta-Projekt/app/views/users/new.html.erb:5: syntax error, unexpected tCONSTANT, expecting ')'
...append= ( form.label :name Name: );@output_buffer.safe_conca...
...                               ^
C:/Users/Marvin/My Documents/Aptana Studio 3 Workspace/Encuesta-Projekt/app/views/users/new.html.erb:8: syntax error, unexpected keyword_end, expecting ')'
'); end 
       ^
C:/Users/Marvin/My Documents/Aptana Studio 3 Workspace/Encuesta-Projekt/app/views/users/new.html.erb:10: syntax error, unexpected keyword_ensure, expecting ')'
C:/Users/Marvin/My Documents/Aptana Studio 3 Workspace/Encuesta-Projekt/app/views/users/new.html.erb:12: syntax error, unexpected keyword_end, expecting ')'
Function body:           def _app_views_users_new_html_erb___580325660_33824616__234823774(local_assigns)
            _old_virtual_path, @_virtual_path = @_virtual_path, "users/new";_old_output_buffer = @output_buffer;;@output_buffer = ActionView::OutputBuffer.new;@output_buffer.safe_concat('text

');@output_buffer.append_if_string=  form_for :user, User.new,
url => { :action => "create" } do |form| 
@output_buffer.append= ( form.label :name Name: );@output_buffer.safe_concat('<br />
');@output_buffer.append= ( form.text_field :name );@output_buffer.safe_concat('<br />
');@output_buffer.append= ( form.submit "Create" );@output_buffer.safe_concat('
'); end 
@output_buffer.to_s
          ensure
            @_virtual_path, @output_buffer = _old_virtual_path, _old_output_buffer
          end
Backtrace: d:/Ruby192/lib/ruby/gems/1.9.1/gems/actionpack-3.0.3/lib/action_view/template.rb:255:in `module_eval'
d:/Ruby192/lib/ruby/gems/1.9.1/gems/actionpack-3.0.3/lib/action_view/template.rb:255:in `compile'
d:/Ruby192/lib/ruby/gems/1.9.1/gems/actionpack-3.0.3/lib/action_view/template.rb:134:in `block in render'
d:/Ruby192/lib/ruby/gems/1.9.1/gems/activesupport-3.0.3/lib/active_support/notifications.rb:54:in `instrument'
d:/Ruby192/lib/ruby/gems/1.9.1/gems/actionpack-3.0.3/lib/action_view/template.rb:127:in `render'
d:/Ruby192/lib/ruby/gems/1.9.1/gems/actionpack-3.0.3/lib/action_view/render/rendering.rb:59:in `block in _render_template'
d:/Ruby192/lib/ruby/gems/1.9.1/gems/activesupport-3.0.3/lib/active_support/notifications.rb:52:in `block in instrument'
d:/Ruby192/lib/ruby/gems/1.9.1/gems/activesupport-3.0.3/lib/active_support/notifications/instrumenter.rb:21:in `instrument'
d:/Ruby192/lib/ruby/gems/1.9.1/gems/activesupport-3.0.3/lib/active_support/notifications.rb:52:in `instrument'
d:/Ruby192/lib/ruby/gems/1.9.1/gems/actionpack-3.0.3/lib/action_view/render/rendering.rb:56:in `_render_template'
d:/Ruby192/lib/ruby/gems/1.9.1/gems/actionpack-3.0.3/lib/action_view/render/rendering.rb:26:in `render'
d:/Ruby192/lib/ruby/gems/1.9.1/gems/actionpack-3.0.3/lib/abstract_controller/rendering.rb:114:in `_render_template'
d:/Ruby192/lib/ruby/gems/1.9.1/gems/actionpack-3.0.3/lib/abstract_controller/rendering.rb:108:in `render_to_body'
d:/Ruby192/lib/ruby/gems/1.9.1/gems/actionpack-3.0.3/lib/action_controller/metal/renderers.rb:47:in `render_to_body'
d:/Ruby192/lib/ruby/gems/1.9.1/gems/actionpack-3.0.3/lib/action_controller/metal/compatibility.rb:55:in `render_to_body'
d:/Ruby192/lib/ruby/gems/1.9.1/gems/actionpack-3.0.3/lib/abstract_controller/rendering.rb:101:in `render_to_string'
d:/Ruby192/lib/ruby/gems/1.9.1/gems/actionpack-3.0.3/lib/abstract_controller/rendering.rb:92:in `render'
d:/Ruby192/lib/ruby/gems/1.9.1/gems/actionpack-3.0.3/lib/action_controller/metal/rendering.rb:17:in `render'
d:/Ruby192/lib/ruby/gems/1.9.1/gems/actionpack-3.0.3/lib/action_controller/metal/instrumentation.rb:40:in `block (2 levels) in render'
d:/Ruby192/lib/ruby/gems/1.9.1/gems/activesupport-3.0.3/lib/active_support/core_ext/benchmark.rb:5:in `block in ms'
d:/Ruby192/lib/ruby/1.9.1/benchmark.rb:309:in `realtime'
d:/Ruby192/lib/ruby/gems/1.9.1/gems/activesupport-3.0.3/lib/active_support/core_ext/benchmark.rb:5:in `ms'
d:/Ruby192/lib/ruby/gems/1.9.1/gems/actionpack-3.0.3/lib/action_controller/metal/instrumentation.rb:40:in `block in render'
d:/Ruby192/lib/ruby/gems/1.9.1/gems/actionpack-3.0.3/lib/action_controller/metal/instrumentation.rb:78:in `cleanup_view_runtime'
d:/Ruby192/lib/ruby/gems/1.9.1/gems/activerecord-3.0.3/lib/active_record/railties/controller_runtime.rb:15:in `cleanup_view_runtime'
d:/Ruby192/lib/ruby/gems/1.9.1/gems/actionpack-3.0.3/lib/action_controller/metal/instrumentation.rb:39:in `render'
d:/Ruby192/lib/ruby/gems/1.9.1/gems/actionpack-3.0.3/lib/action_controller/metal/implicit_render.rb:10:in `default_render'
d:/Ruby192/lib/ruby/gems/1.9.1/gems/actionpack-3.0.3/lib/action_controller/metal/implicit_render.rb:5:in `send_action'
d:/Ruby192/lib/ruby/gems/1.9.1/gems/actionpack-3.0.3/lib/abstract_controller/base.rb:151:in `process_action'
d:/Ruby192/lib/ruby/gems/1.9.1/gems/actionpack-3.0.3/lib/action_controller/metal/rendering.rb:11:in `process_action'
d:/Ruby192/lib/ruby/gems/1.9.1/gems/actionpack-3.0.3/lib/abstract_controller/callbacks.rb:18:in `block in process_action'
d:/Ruby192/lib/ruby/gems/1.9.1/gems/activesupport-3.0.3/lib/active_support/callbacks.rb:435:in `_run__694264626__process_action__709381496__callbacks'
d:/Ruby192/lib/ruby/gems/1.9.1/gems/activesupport-3.0.3/lib/active_support/callbacks.rb:409:in `_run_process_action_callbacks'
d:/Ruby192/lib/ruby/gems/1.9.1/gems/activesupport-3.0.3/lib/active_support/callbacks.rb:93:in `run_callbacks'
d:/Ruby192/lib/ruby/gems/1.9.1/gems/actionpack-3.0.3/lib/abstract_controller/callbacks.rb:17:in `process_action'
d:/Ruby192/lib/ruby/gems/1.9.1/gems/actionpack-3.0.3/lib/action_controller/metal/instrumentation.rb:30:in `block in process_action'
d:/Ruby192/lib/ruby/gems/1.9.1/gems/activesupport-3.0.3/lib/active_support/notifications.rb:52:in `block in instrument'
d:/Ruby192/lib/ruby/gems/1.9.1/gems/activesupport-3.0.3/lib/active_support/notifications/instrumenter.rb:21:in `instrument'
d:/Ruby192/lib/ruby/gems/1.9.1/gems/activesupport-3.0.3/lib/active_support/notifications.rb:52:in `instrument'
d:/Ruby192/lib/ruby/gems/1.9.1/gems/actionpack-3.0.3/lib/action_controller/metal/instrumentation.rb:29:in `process_action'
d:/Ruby192/lib/ruby/gems/1.9.1/gems/actionpack-3.0.3/lib/action_controller/metal/rescue.rb:17:in `process_action'
d:/Ruby192/lib/ruby/gems/1.9.1/gems/actionpack-3.0.3/lib/abstract_controller/base.rb:120:in `process'
d:/Ruby192/lib/ruby/gems/1.9.1/gems/actionpack-3.0.3/lib/abstract_controller/rendering.rb:40:in `process'
d:/Ruby192/lib/ruby/gems/1.9.1/gems/actionpack-3.0.3/lib/action_controller/metal.rb:138:in `dispatch'
d:/Ruby192/lib/ruby/gems/1.9.1/gems/actionpack-3.0.3/lib/action_controller/metal/rack_delegation.rb:14:in `dispatch'
d:/Ruby192/lib/ruby/gems/1.9.1/gems/actionpack-3.0.3/lib/action_controller/metal.rb:178:in `block in action'
d:/Ruby192/lib/ruby/gems/1.9.1/gems/actionpack-3.0.3/lib/action_dispatch/routing/route_set.rb:62:in `call'
d:/Ruby192/lib/ruby/gems/1.9.1/gems/actionpack-3.0.3/lib/action_dispatch/routing/route_set.rb:62:in `dispatch'
d:/Ruby192/lib/ruby/gems/1.9.1/gems/actionpack-3.0.3/lib/action_dispatch/routing/route_set.rb:27:in `call'
d:/Ruby192/lib/ruby/gems/1.9.1/gems/rack-mount-0.6.13/lib/rack/mount/route_set.rb:148:in `block in call'
d:/Ruby192/lib/ruby/gems/1.9.1/gems/rack-mount-0.6.13/lib/rack/mount/code_generation.rb:93:in `block in recognize'
d:/Ruby192/lib/ruby/gems/1.9.1/gems/rack-mount-0.6.13/lib/rack/mount/code_generation.rb:75:in `optimized_each'
d:/Ruby192/lib/ruby/gems/1.9.1/gems/rack-mount-0.6.13/lib/rack/mount/code_generation.rb:92:in `recognize'
d:/Ruby192/lib/ruby/gems/1.9.1/gems/rack-mount-0.6.13/lib/rack/mount/route_set.rb:139:in `call'
d:/Ruby192/lib/ruby/gems/1.9.1/gems/actionpack-3.0.3/lib/action_dispatch/routing/route_set.rb:492:in `call'
d:/Ruby192/lib/ruby/gems/1.9.1/gems/actionpack-3.0.3/lib/action_dispatch/middleware/best_standards_support.rb:17:in `call'
d:/Ruby192/lib/ruby/gems/1.9.1/gems/actionpack-3.0.3/lib/action_dispatch/middleware/head.rb:14:in `call'
d:/Ruby192/lib/ruby/gems/1.9.1/gems/rack-1.2.1/lib/rack/methodoverride.rb:24:in `call'
d:/Ruby192/lib/ruby/gems/1.9.1/gems/actionpack-3.0.3/lib/action_dispatch/middleware/params_parser.rb:21:in `call'
d:/Ruby192/lib/ruby/gems/1.9.1/gems/actionpack-3.0.3/lib/action_dispatch/middleware/flash.rb:182:in `call'
d:/Ruby192/lib/ruby/gems/1.9.1/gems/actionpack-3.0.3/lib/action_dispatch/middleware/session/abstract_store.rb:149:in `call'
d:/Ruby192/lib/ruby/gems/1.9.1/gems/actionpack-3.0.3/lib/action_dispatch/middleware/cookies.rb:295:in `call'
d:/Ruby192/lib/ruby/gems/1.9.1/gems/activerecord-3.0.3/lib/active_record/query_cache.rb:32:in `block in call'
d:/Ruby192/lib/ruby/gems/1.9.1/gems/activerecord-3.0.3/lib/active_record/connection_adapters/abstract/query_cache.rb:28:in `cache'
d:/Ruby192/lib/ruby/gems/1.9.1/gems/activerecord-3.0.3/lib/active_record/query_cache.rb:12:in `cache'
d:/Ruby192/lib/ruby/gems/1.9.1/gems/activerecord-3.0.3/lib/active_record/query_cache.rb:31:in `call'
d:/Ruby192/lib/ruby/gems/1.9.1/gems/activerecord-3.0.3/lib/active_record/connection_adapters/abstract/connection_pool.rb:353:in `call'
d:/Ruby192/lib/ruby/gems/1.9.1/gems/actionpack-3.0.3/lib/action_dispatch/middleware/callbacks.rb:46:in `block in call'
d:/Ruby192/lib/ruby/gems/1.9.1/gems/activesupport-3.0.3/lib/active_support/callbacks.rb:415:in `_run_call_callbacks'
d:/Ruby192/lib/ruby/gems/1.9.1/gems/actionpack-3.0.3/lib/action_dispatch/middleware/callbacks.rb:44:in `call'
d:/Ruby192/lib/ruby/gems/1.9.1/gems/rack-1.2.1/lib/rack/sendfile.rb:107:in `call'
d:/Ruby192/lib/ruby/gems/1.9.1/gems/actionpack-3.0.3/lib/action_dispatch/middleware/remote_ip.rb:48:in `call'
d:/Ruby192/lib/ruby/gems/1.9.1/gems/actionpack-3.0.3/lib/action_dispatch/middleware/show_exceptions.rb:46:in `call'
d:/Ruby192/lib/ruby/gems/1.9.1/gems/railties-3.0.3/lib/rails/rack/logger.rb:13:in `call'
d:/Ruby192/lib/ruby/gems/1.9.1/gems/rack-1.2.1/lib/rack/runtime.rb:17:in `call'
d:/Ruby192/lib/ruby/gems/1.9.1/gems/activesupport-3.0.3/lib/active_support/cache/strategy/local_cache.rb:72:in `call'
d:/Ruby192/lib/ruby/gems/1.9.1/gems/rack-1.2.1/lib/rack/lock.rb:11:in `block in call'
<internal:prelude>:10:in `synchronize'
d:/Ruby192/lib/ruby/gems/1.9.1/gems/rack-1.2.1/lib/rack/lock.rb:11:in `call'
d:/Ruby192/lib/ruby/gems/1.9.1/gems/actionpack-3.0.3/lib/action_dispatch/middleware/static.rb:30:in `call'
d:/Ruby192/lib/ruby/gems/1.9.1/gems/railties-3.0.3/lib/rails/application.rb:168:in `call'
d:/Ruby192/lib/ruby/gems/1.9.1/gems/railties-3.0.3/lib/rails/application.rb:77:in `method_missing'
d:/Ruby192/lib/ruby/gems/1.9.1/gems/railties-3.0.3/lib/rails/rack/log_tailer.rb:14:in `call'
d:/Ruby192/lib/ruby/gems/1.9.1/gems/rack-1.2.1/lib/rack/content_length.rb:13:in `call'
d:/Ruby192/lib/ruby/gems/1.9.1/gems/rack-1.2.1/lib/rack/handler/webrick.rb:52:in `service'
d:/Ruby192/lib/ruby/1.9.1/webrick/httpserver.rb:111:in `service'
d:/Ruby192/lib/ruby/1.9.1/webrick/httpserver.rb:70:in `run'
d:/Ruby192/lib/ruby/1.9.1/webrick/server.rb:183:in `block in start_thread'
Rendered users/new.html.erb within layouts/application (2.0ms)
Completed   in 102ms

ActionView::Template::Error (C:/Users/Marvin/My Documents/Aptana Studio 3 Workspace/Encuesta-Projekt/app/views/users/new.html.erb:5: syntax error, unexpected tCONSTANT, expecting ')'
...append= ( form.label :name Name: );@output_buffer.safe_conca...
...                               ^
C:/Users/Marvin/My Documents/Aptana Studio 3 Workspace/Encuesta-Projekt/app/views/users/new.html.erb:8: syntax error, unexpected keyword_end, expecting ')'
'); end 
       ^
C:/Users/Marvin/My Documents/Aptana Studio 3 Workspace/Encuesta-Projekt/app/views/users/new.html.erb:10: syntax error, unexpected keyword_ensure, expecting ')'
C:/Users/Marvin/My Documents/Aptana Studio 3 Workspace/Encuesta-Projekt/app/views/users/new.html.erb:12: syntax error, unexpected keyword_end, expecting ')'):
    2: 
    3: <% form_for :user, User.new,
    4: url => { :action => "create" } do |form| %>
    5: <%= form.label :name Name: %><br />
    6: <%= form.text_field :name %><br />
    7: <%= form.submit "Create" %>
    8: <% end %>
  

Rendered d:/Ruby192/lib/ruby/gems/1.9.1/gems/actionpack-3.0.3/lib/action_dispatch/middleware/templates/rescues/_trace.erb (2.0ms)
Rendered d:/Ruby192/lib/ruby/gems/1.9.1/gems/actionpack-3.0.3/lib/action_dispatch/middleware/templates/rescues/_request_and_response.erb (5.0ms)
Rendered d:/Ruby192/lib/ruby/gems/1.9.1/gems/actionpack-3.0.3/lib/action_dispatch/middleware/templates/rescues/template_error.erb within rescues/layout (22.0ms)


Started GET "/users/new" for 127.0.0.1 at 2011-02-11 14:57:33 +0100
  Processing by UsersController#new as HTML
Rendered users/new.html.erb within layouts/application (13.0ms)
Completed   in 84ms

ActionView::Template::Error (undefined local variable or method `url' for #<#<Class:0x35f1948>:0x35f0640>):
    1: text
    2: 
    3: <% form_for :user, User.new,
    4: url => { :action => "create" } do |form| %>
    5: <%= form.text_field :name %><br />
    6: <%= form.submit "Create" %>
    7: <% end %>
  app/views/users/new.html.erb:4:in `_app_views_users_new_html_erb___580325660_28276092__234823774'

Rendered d:/Ruby192/lib/ruby/gems/1.9.1/gems/actionpack-3.0.3/lib/action_dispatch/middleware/templates/rescues/_trace.erb (2.0ms)
Rendered d:/Ruby192/lib/ruby/gems/1.9.1/gems/actionpack-3.0.3/lib/action_dispatch/middleware/templates/rescues/_request_and_response.erb (4.0ms)
Rendered d:/Ruby192/lib/ruby/gems/1.9.1/gems/actionpack-3.0.3/lib/action_dispatch/middleware/templates/rescues/template_error.erb within rescues/layout (23.0ms)


Started GET "/users/new" for 127.0.0.1 at 2011-02-11 14:57:56 +0100
  Processing by UsersController#new as HTML
DEPRECATION WARNING: Using form_for(:name, @resource) is deprecated. Please use form_for(@resource, :as => :name) instead. (called from _app_views_users_new_html_erb___580325660_31152060__234823774 at C:/Users/Marvin/My Documents/Aptana Studio 3 Workspace/Encuesta-Projekt/app/views/users/new.html.erb:3)
DEPRECATION WARNING: <% %> style block helpers are deprecated. Please use <%= %>. (called from _app_views_users_new_html_erb___580325660_31152060__234823774 at C:/Users/Marvin/My Documents/Aptana Studio 3 Workspace/Encuesta-Projekt/app/views/users/new.html.erb:3)
Rendered users/new.html.erb within layouts/application (9.0ms)
Completed 200 OK in 79ms (Views: 40.0ms | ActiveRecord: 0.0ms)


Started GET "/users/new" for 127.0.0.1 at 2011-02-11 14:58:11 +0100
  Processing by UsersController#new as HTML
ERROR: compiling _app_views_users_new_html_erb___580325660_32472468__234823774 RAISED C:/Users/Marvin/My Documents/Aptana Studio 3 Workspace/Encuesta-Projekt/app/views/users/new.html.erb:4: syntax error, unexpected tSTRING_BEG, expecting ')'
...er.append= ( form.label :name "Name:" );@output_buffer.safe_...
...                               ^
Function body:           def _app_views_users_new_html_erb___580325660_32472468__234823774(local_assigns)
            _old_virtual_path, @_virtual_path = @_virtual_path, "users/new";_old_output_buffer = @output_buffer;;@output_buffer = ActionView::OutputBuffer.new;@output_buffer.safe_concat('text

');@output_buffer.append_if_string=  form_for :user, User.new, :url => { :action => "create" } do |form| 
@output_buffer.append= ( form.label :name "Name:" );@output_buffer.safe_concat('<br />
');@output_buffer.append= ( form.text_field :name );@output_buffer.safe_concat('<br />
');@output_buffer.append= ( form.submit "Create" );@output_buffer.safe_concat('
'); end 
@output_buffer.to_s
          ensure
            @_virtual_path, @output_buffer = _old_virtual_path, _old_output_buffer
          end
Backtrace: d:/Ruby192/lib/ruby/gems/1.9.1/gems/actionpack-3.0.3/lib/action_view/template.rb:255:in `module_eval'
d:/Ruby192/lib/ruby/gems/1.9.1/gems/actionpack-3.0.3/lib/action_view/template.rb:255:in `compile'
d:/Ruby192/lib/ruby/gems/1.9.1/gems/actionpack-3.0.3/lib/action_view/template.rb:134:in `block in render'
d:/Ruby192/lib/ruby/gems/1.9.1/gems/activesupport-3.0.3/lib/active_support/notifications.rb:54:in `instrument'
d:/Ruby192/lib/ruby/gems/1.9.1/gems/actionpack-3.0.3/lib/action_view/template.rb:127:in `render'
d:/Ruby192/lib/ruby/gems/1.9.1/gems/actionpack-3.0.3/lib/action_view/render/rendering.rb:59:in `block in _render_template'
d:/Ruby192/lib/ruby/gems/1.9.1/gems/activesupport-3.0.3/lib/active_support/notifications.rb:52:in `block in instrument'
d:/Ruby192/lib/ruby/gems/1.9.1/gems/activesupport-3.0.3/lib/active_support/notifications/instrumenter.rb:21:in `instrument'
d:/Ruby192/lib/ruby/gems/1.9.1/gems/activesupport-3.0.3/lib/active_support/notifications.rb:52:in `instrument'
d:/Ruby192/lib/ruby/gems/1.9.1/gems/actionpack-3.0.3/lib/action_view/render/rendering.rb:56:in `_render_template'
d:/Ruby192/lib/ruby/gems/1.9.1/gems/actionpack-3.0.3/lib/action_view/render/rendering.rb:26:in `render'
d:/Ruby192/lib/ruby/gems/1.9.1/gems/actionpack-3.0.3/lib/abstract_controller/rendering.rb:114:in `_render_template'
d:/Ruby192/lib/ruby/gems/1.9.1/gems/actionpack-3.0.3/lib/abstract_controller/rendering.rb:108:in `render_to_body'
d:/Ruby192/lib/ruby/gems/1.9.1/gems/actionpack-3.0.3/lib/action_controller/metal/renderers.rb:47:in `render_to_body'
d:/Ruby192/lib/ruby/gems/1.9.1/gems/actionpack-3.0.3/lib/action_controller/metal/compatibility.rb:55:in `render_to_body'
d:/Ruby192/lib/ruby/gems/1.9.1/gems/actionpack-3.0.3/lib/abstract_controller/rendering.rb:101:in `render_to_string'
d:/Ruby192/lib/ruby/gems/1.9.1/gems/actionpack-3.0.3/lib/abstract_controller/rendering.rb:92:in `render'
d:/Ruby192/lib/ruby/gems/1.9.1/gems/actionpack-3.0.3/lib/action_controller/metal/rendering.rb:17:in `render'
d:/Ruby192/lib/ruby/gems/1.9.1/gems/actionpack-3.0.3/lib/action_controller/metal/instrumentation.rb:40:in `block (2 levels) in render'
d:/Ruby192/lib/ruby/gems/1.9.1/gems/activesupport-3.0.3/lib/active_support/core_ext/benchmark.rb:5:in `block in ms'
d:/Ruby192/lib/ruby/1.9.1/benchmark.rb:309:in `realtime'
d:/Ruby192/lib/ruby/gems/1.9.1/gems/activesupport-3.0.3/lib/active_support/core_ext/benchmark.rb:5:in `ms'
d:/Ruby192/lib/ruby/gems/1.9.1/gems/actionpack-3.0.3/lib/action_controller/metal/instrumentation.rb:40:in `block in render'
d:/Ruby192/lib/ruby/gems/1.9.1/gems/actionpack-3.0.3/lib/action_controller/metal/instrumentation.rb:78:in `cleanup_view_runtime'
d:/Ruby192/lib/ruby/gems/1.9.1/gems/activerecord-3.0.3/lib/active_record/railties/controller_runtime.rb:15:in `cleanup_view_runtime'
d:/Ruby192/lib/ruby/gems/1.9.1/gems/actionpack-3.0.3/lib/action_controller/metal/instrumentation.rb:39:in `render'
d:/Ruby192/lib/ruby/gems/1.9.1/gems/actionpack-3.0.3/lib/action_controller/metal/implicit_render.rb:10:in `default_render'
d:/Ruby192/lib/ruby/gems/1.9.1/gems/actionpack-3.0.3/lib/action_controller/metal/implicit_render.rb:5:in `send_action'
d:/Ruby192/lib/ruby/gems/1.9.1/gems/actionpack-3.0.3/lib/abstract_controller/base.rb:151:in `process_action'
d:/Ruby192/lib/ruby/gems/1.9.1/gems/actionpack-3.0.3/lib/action_controller/metal/rendering.rb:11:in `process_action'
d:/Ruby192/lib/ruby/gems/1.9.1/gems/actionpack-3.0.3/lib/abstract_controller/callbacks.rb:18:in `block in process_action'
d:/Ruby192/lib/ruby/gems/1.9.1/gems/activesupport-3.0.3/lib/active_support/callbacks.rb:435:in `_run__694264626__process_action__709381496__callbacks'
d:/Ruby192/lib/ruby/gems/1.9.1/gems/activesupport-3.0.3/lib/active_support/callbacks.rb:409:in `_run_process_action_callbacks'
d:/Ruby192/lib/ruby/gems/1.9.1/gems/activesupport-3.0.3/lib/active_support/callbacks.rb:93:in `run_callbacks'
d:/Ruby192/lib/ruby/gems/1.9.1/gems/actionpack-3.0.3/lib/abstract_controller/callbacks.rb:17:in `process_action'
d:/Ruby192/lib/ruby/gems/1.9.1/gems/actionpack-3.0.3/lib/action_controller/metal/instrumentation.rb:30:in `block in process_action'
d:/Ruby192/lib/ruby/gems/1.9.1/gems/activesupport-3.0.3/lib/active_support/notifications.rb:52:in `block in instrument'
d:/Ruby192/lib/ruby/gems/1.9.1/gems/activesupport-3.0.3/lib/active_support/notifications/instrumenter.rb:21:in `instrument'
d:/Ruby192/lib/ruby/gems/1.9.1/gems/activesupport-3.0.3/lib/active_support/notifications.rb:52:in `instrument'
d:/Ruby192/lib/ruby/gems/1.9.1/gems/actionpack-3.0.3/lib/action_controller/metal/instrumentation.rb:29:in `process_action'
d:/Ruby192/lib/ruby/gems/1.9.1/gems/actionpack-3.0.3/lib/action_controller/metal/rescue.rb:17:in `process_action'
d:/Ruby192/lib/ruby/gems/1.9.1/gems/actionpack-3.0.3/lib/abstract_controller/base.rb:120:in `process'
d:/Ruby192/lib/ruby/gems/1.9.1/gems/actionpack-3.0.3/lib/abstract_controller/rendering.rb:40:in `process'
d:/Ruby192/lib/ruby/gems/1.9.1/gems/actionpack-3.0.3/lib/action_controller/metal.rb:138:in `dispatch'
d:/Ruby192/lib/ruby/gems/1.9.1/gems/actionpack-3.0.3/lib/action_controller/metal/rack_delegation.rb:14:in `dispatch'
d:/Ruby192/lib/ruby/gems/1.9.1/gems/actionpack-3.0.3/lib/action_controller/metal.rb:178:in `block in action'
d:/Ruby192/lib/ruby/gems/1.9.1/gems/actionpack-3.0.3/lib/action_dispatch/routing/route_set.rb:62:in `call'
d:/Ruby192/lib/ruby/gems/1.9.1/gems/actionpack-3.0.3/lib/action_dispatch/routing/route_set.rb:62:in `dispatch'
d:/Ruby192/lib/ruby/gems/1.9.1/gems/actionpack-3.0.3/lib/action_dispatch/routing/route_set.rb:27:in `call'
d:/Ruby192/lib/ruby/gems/1.9.1/gems/rack-mount-0.6.13/lib/rack/mount/route_set.rb:148:in `block in call'
d:/Ruby192/lib/ruby/gems/1.9.1/gems/rack-mount-0.6.13/lib/rack/mount/code_generation.rb:93:in `block in recognize'
d:/Ruby192/lib/ruby/gems/1.9.1/gems/rack-mount-0.6.13/lib/rack/mount/code_generation.rb:75:in `optimized_each'
d:/Ruby192/lib/ruby/gems/1.9.1/gems/rack-mount-0.6.13/lib/rack/mount/code_generation.rb:92:in `recognize'
d:/Ruby192/lib/ruby/gems/1.9.1/gems/rack-mount-0.6.13/lib/rack/mount/route_set.rb:139:in `call'
d:/Ruby192/lib/ruby/gems/1.9.1/gems/actionpack-3.0.3/lib/action_dispatch/routing/route_set.rb:492:in `call'
d:/Ruby192/lib/ruby/gems/1.9.1/gems/actionpack-3.0.3/lib/action_dispatch/middleware/best_standards_support.rb:17:in `call'
d:/Ruby192/lib/ruby/gems/1.9.1/gems/actionpack-3.0.3/lib/action_dispatch/middleware/head.rb:14:in `call'
d:/Ruby192/lib/ruby/gems/1.9.1/gems/rack-1.2.1/lib/rack/methodoverride.rb:24:in `call'
d:/Ruby192/lib/ruby/gems/1.9.1/gems/actionpack-3.0.3/lib/action_dispatch/middleware/params_parser.rb:21:in `call'
d:/Ruby192/lib/ruby/gems/1.9.1/gems/actionpack-3.0.3/lib/action_dispatch/middleware/flash.rb:182:in `call'
d:/Ruby192/lib/ruby/gems/1.9.1/gems/actionpack-3.0.3/lib/action_dispatch/middleware/session/abstract_store.rb:149:in `call'
d:/Ruby192/lib/ruby/gems/1.9.1/gems/actionpack-3.0.3/lib/action_dispatch/middleware/cookies.rb:295:in `call'
d:/Ruby192/lib/ruby/gems/1.9.1/gems/activerecord-3.0.3/lib/active_record/query_cache.rb:32:in `block in call'
d:/Ruby192/lib/ruby/gems/1.9.1/gems/activerecord-3.0.3/lib/active_record/connection_adapters/abstract/query_cache.rb:28:in `cache'
d:/Ruby192/lib/ruby/gems/1.9.1/gems/activerecord-3.0.3/lib/active_record/query_cache.rb:12:in `cache'
d:/Ruby192/lib/ruby/gems/1.9.1/gems/activerecord-3.0.3/lib/active_record/query_cache.rb:31:in `call'
d:/Ruby192/lib/ruby/gems/1.9.1/gems/activerecord-3.0.3/lib/active_record/connection_adapters/abstract/connection_pool.rb:353:in `call'
d:/Ruby192/lib/ruby/gems/1.9.1/gems/actionpack-3.0.3/lib/action_dispatch/middleware/callbacks.rb:46:in `block in call'
d:/Ruby192/lib/ruby/gems/1.9.1/gems/activesupport-3.0.3/lib/active_support/callbacks.rb:415:in `_run_call_callbacks'
d:/Ruby192/lib/ruby/gems/1.9.1/gems/actionpack-3.0.3/lib/action_dispatch/middleware/callbacks.rb:44:in `call'
d:/Ruby192/lib/ruby/gems/1.9.1/gems/rack-1.2.1/lib/rack/sendfile.rb:107:in `call'
d:/Ruby192/lib/ruby/gems/1.9.1/gems/actionpack-3.0.3/lib/action_dispatch/middleware/remote_ip.rb:48:in `call'
d:/Ruby192/lib/ruby/gems/1.9.1/gems/actionpack-3.0.3/lib/action_dispatch/middleware/show_exceptions.rb:46:in `call'
d:/Ruby192/lib/ruby/gems/1.9.1/gems/railties-3.0.3/lib/rails/rack/logger.rb:13:in `call'
d:/Ruby192/lib/ruby/gems/1.9.1/gems/rack-1.2.1/lib/rack/runtime.rb:17:in `call'
d:/Ruby192/lib/ruby/gems/1.9.1/gems/activesupport-3.0.3/lib/active_support/cache/strategy/local_cache.rb:72:in `call'
d:/Ruby192/lib/ruby/gems/1.9.1/gems/rack-1.2.1/lib/rack/lock.rb:11:in `block in call'
<internal:prelude>:10:in `synchronize'
d:/Ruby192/lib/ruby/gems/1.9.1/gems/rack-1.2.1/lib/rack/lock.rb:11:in `call'
d:/Ruby192/lib/ruby/gems/1.9.1/gems/actionpack-3.0.3/lib/action_dispatch/middleware/static.rb:30:in `call'
d:/Ruby192/lib/ruby/gems/1.9.1/gems/railties-3.0.3/lib/rails/application.rb:168:in `call'
d:/Ruby192/lib/ruby/gems/1.9.1/gems/railties-3.0.3/lib/rails/application.rb:77:in `method_missing'
d:/Ruby192/lib/ruby/gems/1.9.1/gems/railties-3.0.3/lib/rails/rack/log_tailer.rb:14:in `call'
d:/Ruby192/lib/ruby/gems/1.9.1/gems/rack-1.2.1/lib/rack/content_length.rb:13:in `call'
d:/Ruby192/lib/ruby/gems/1.9.1/gems/rack-1.2.1/lib/rack/handler/webrick.rb:52:in `service'
d:/Ruby192/lib/ruby/1.9.1/webrick/httpserver.rb:111:in `service'
d:/Ruby192/lib/ruby/1.9.1/webrick/httpserver.rb:70:in `run'
d:/Ruby192/lib/ruby/1.9.1/webrick/server.rb:183:in `block in start_thread'
Rendered users/new.html.erb within layouts/application (3.0ms)
Completed   in 73ms

ActionView::Template::Error (C:/Users/Marvin/My Documents/Aptana Studio 3 Workspace/Encuesta-Projekt/app/views/users/new.html.erb:4: syntax error, unexpected tSTRING_BEG, expecting ')'
...er.append= ( form.label :name "Name:" );@output_buffer.safe_...
...                               ^):
    1: text
    2: 
    3: <% form_for :user, User.new, :url => { :action => "create" } do |form| %>
    4: <%= form.label :name "Name:" %><br />
    5: <%= form.text_field :name %><br />
    6: <%= form.submit "Create" %>
    7: <% end %>
  

Rendered d:/Ruby192/lib/ruby/gems/1.9.1/gems/actionpack-3.0.3/lib/action_dispatch/middleware/templates/rescues/_trace.erb (2.0ms)
Rendered d:/Ruby192/lib/ruby/gems/1.9.1/gems/actionpack-3.0.3/lib/action_dispatch/middleware/templates/rescues/_request_and_response.erb (4.0ms)
Rendered d:/Ruby192/lib/ruby/gems/1.9.1/gems/actionpack-3.0.3/lib/action_dispatch/middleware/templates/rescues/template_error.erb within rescues/layout (26.0ms)


Started GET "/users/new" for 127.0.0.1 at 2011-02-11 14:58:23 +0100
  Processing by UsersController#new as HTML
ERROR: compiling _app_views_users_new_html_erb___580325660_33183840__234823774 RAISED C:/Users/Marvin/My Documents/Aptana Studio 3 Workspace/Encuesta-Projekt/app/views/users/new.html.erb:4: syntax error, unexpected tCONSTANT, expecting ')'
...append= ( form.label :name Name: );@output_buffer.safe_conca...
...                               ^
C:/Users/Marvin/My Documents/Aptana Studio 3 Workspace/Encuesta-Projekt/app/views/users/new.html.erb:7: syntax error, unexpected keyword_end, expecting ')'
'); end 
       ^
C:/Users/Marvin/My Documents/Aptana Studio 3 Workspace/Encuesta-Projekt/app/views/users/new.html.erb:9: syntax error, unexpected keyword_ensure, expecting ')'
C:/Users/Marvin/My Documents/Aptana Studio 3 Workspace/Encuesta-Projekt/app/views/users/new.html.erb:11: syntax error, unexpected keyword_end, expecting ')'
Function body:           def _app_views_users_new_html_erb___580325660_33183840__234823774(local_assigns)
            _old_virtual_path, @_virtual_path = @_virtual_path, "users/new";_old_output_buffer = @output_buffer;;@output_buffer = ActionView::OutputBuffer.new;@output_buffer.safe_concat('text

');@output_buffer.append_if_string=  form_for :user, User.new, :url => { :action => "create" } do |form| 
@output_buffer.append= ( form.label :name Name: );@output_buffer.safe_concat('<br />
');@output_buffer.append= ( form.text_field :name );@output_buffer.safe_concat('<br />
');@output_buffer.append= ( form.submit "Create" );@output_buffer.safe_concat('
'); end 
@output_buffer.to_s
          ensure
            @_virtual_path, @output_buffer = _old_virtual_path, _old_output_buffer
          end
Backtrace: d:/Ruby192/lib/ruby/gems/1.9.1/gems/actionpack-3.0.3/lib/action_view/template.rb:255:in `module_eval'
d:/Ruby192/lib/ruby/gems/1.9.1/gems/actionpack-3.0.3/lib/action_view/template.rb:255:in `compile'
d:/Ruby192/lib/ruby/gems/1.9.1/gems/actionpack-3.0.3/lib/action_view/template.rb:134:in `block in render'
d:/Ruby192/lib/ruby/gems/1.9.1/gems/activesupport-3.0.3/lib/active_support/notifications.rb:54:in `instrument'
d:/Ruby192/lib/ruby/gems/1.9.1/gems/actionpack-3.0.3/lib/action_view/template.rb:127:in `render'
d:/Ruby192/lib/ruby/gems/1.9.1/gems/actionpack-3.0.3/lib/action_view/render/rendering.rb:59:in `block in _render_template'
d:/Ruby192/lib/ruby/gems/1.9.1/gems/activesupport-3.0.3/lib/active_support/notifications.rb:52:in `block in instrument'
d:/Ruby192/lib/ruby/gems/1.9.1/gems/activesupport-3.0.3/lib/active_support/notifications/instrumenter.rb:21:in `instrument'
d:/Ruby192/lib/ruby/gems/1.9.1/gems/activesupport-3.0.3/lib/active_support/notifications.rb:52:in `instrument'
d:/Ruby192/lib/ruby/gems/1.9.1/gems/actionpack-3.0.3/lib/action_view/render/rendering.rb:56:in `_render_template'
d:/Ruby192/lib/ruby/gems/1.9.1/gems/actionpack-3.0.3/lib/action_view/render/rendering.rb:26:in `render'
d:/Ruby192/lib/ruby/gems/1.9.1/gems/actionpack-3.0.3/lib/abstract_controller/rendering.rb:114:in `_render_template'
d:/Ruby192/lib/ruby/gems/1.9.1/gems/actionpack-3.0.3/lib/abstract_controller/rendering.rb:108:in `render_to_body'
d:/Ruby192/lib/ruby/gems/1.9.1/gems/actionpack-3.0.3/lib/action_controller/metal/renderers.rb:47:in `render_to_body'
d:/Ruby192/lib/ruby/gems/1.9.1/gems/actionpack-3.0.3/lib/action_controller/metal/compatibility.rb:55:in `render_to_body'
d:/Ruby192/lib/ruby/gems/1.9.1/gems/actionpack-3.0.3/lib/abstract_controller/rendering.rb:101:in `render_to_string'
d:/Ruby192/lib/ruby/gems/1.9.1/gems/actionpack-3.0.3/lib/abstract_controller/rendering.rb:92:in `render'
d:/Ruby192/lib/ruby/gems/1.9.1/gems/actionpack-3.0.3/lib/action_controller/metal/rendering.rb:17:in `render'
d:/Ruby192/lib/ruby/gems/1.9.1/gems/actionpack-3.0.3/lib/action_controller/metal/instrumentation.rb:40:in `block (2 levels) in render'
d:/Ruby192/lib/ruby/gems/1.9.1/gems/activesupport-3.0.3/lib/active_support/core_ext/benchmark.rb:5:in `block in ms'
d:/Ruby192/lib/ruby/1.9.1/benchmark.rb:309:in `realtime'
d:/Ruby192/lib/ruby/gems/1.9.1/gems/activesupport-3.0.3/lib/active_support/core_ext/benchmark.rb:5:in `ms'
d:/Ruby192/lib/ruby/gems/1.9.1/gems/actionpack-3.0.3/lib/action_controller/metal/instrumentation.rb:40:in `block in render'
d:/Ruby192/lib/ruby/gems/1.9.1/gems/actionpack-3.0.3/lib/action_controller/metal/instrumentation.rb:78:in `cleanup_view_runtime'
d:/Ruby192/lib/ruby/gems/1.9.1/gems/activerecord-3.0.3/lib/active_record/railties/controller_runtime.rb:15:in `cleanup_view_runtime'
d:/Ruby192/lib/ruby/gems/1.9.1/gems/actionpack-3.0.3/lib/action_controller/metal/instrumentation.rb:39:in `render'
d:/Ruby192/lib/ruby/gems/1.9.1/gems/actionpack-3.0.3/lib/action_controller/metal/implicit_render.rb:10:in `default_render'
d:/Ruby192/lib/ruby/gems/1.9.1/gems/actionpack-3.0.3/lib/action_controller/metal/implicit_render.rb:5:in `send_action'
d:/Ruby192/lib/ruby/gems/1.9.1/gems/actionpack-3.0.3/lib/abstract_controller/base.rb:151:in `process_action'
d:/Ruby192/lib/ruby/gems/1.9.1/gems/actionpack-3.0.3/lib/action_controller/metal/rendering.rb:11:in `process_action'
d:/Ruby192/lib/ruby/gems/1.9.1/gems/actionpack-3.0.3/lib/abstract_controller/callbacks.rb:18:in `block in process_action'
d:/Ruby192/lib/ruby/gems/1.9.1/gems/activesupport-3.0.3/lib/active_support/callbacks.rb:435:in `_run__694264626__process_action__709381496__callbacks'
d:/Ruby192/lib/ruby/gems/1.9.1/gems/activesupport-3.0.3/lib/active_support/callbacks.rb:409:in `_run_process_action_callbacks'
d:/Ruby192/lib/ruby/gems/1.9.1/gems/activesupport-3.0.3/lib/active_support/callbacks.rb:93:in `run_callbacks'
d:/Ruby192/lib/ruby/gems/1.9.1/gems/actionpack-3.0.3/lib/abstract_controller/callbacks.rb:17:in `process_action'
d:/Ruby192/lib/ruby/gems/1.9.1/gems/actionpack-3.0.3/lib/action_controller/metal/instrumentation.rb:30:in `block in process_action'
d:/Ruby192/lib/ruby/gems/1.9.1/gems/activesupport-3.0.3/lib/active_support/notifications.rb:52:in `block in instrument'
d:/Ruby192/lib/ruby/gems/1.9.1/gems/activesupport-3.0.3/lib/active_support/notifications/instrumenter.rb:21:in `instrument'
d:/Ruby192/lib/ruby/gems/1.9.1/gems/activesupport-3.0.3/lib/active_support/notifications.rb:52:in `instrument'
d:/Ruby192/lib/ruby/gems/1.9.1/gems/actionpack-3.0.3/lib/action_controller/metal/instrumentation.rb:29:in `process_action'
d:/Ruby192/lib/ruby/gems/1.9.1/gems/actionpack-3.0.3/lib/action_controller/metal/rescue.rb:17:in `process_action'
d:/Ruby192/lib/ruby/gems/1.9.1/gems/actionpack-3.0.3/lib/abstract_controller/base.rb:120:in `process'
d:/Ruby192/lib/ruby/gems/1.9.1/gems/actionpack-3.0.3/lib/abstract_controller/rendering.rb:40:in `process'
d:/Ruby192/lib/ruby/gems/1.9.1/gems/actionpack-3.0.3/lib/action_controller/metal.rb:138:in `dispatch'
d:/Ruby192/lib/ruby/gems/1.9.1/gems/actionpack-3.0.3/lib/action_controller/metal/rack_delegation.rb:14:in `dispatch'
d:/Ruby192/lib/ruby/gems/1.9.1/gems/actionpack-3.0.3/lib/action_controller/metal.rb:178:in `block in action'
d:/Ruby192/lib/ruby/gems/1.9.1/gems/actionpack-3.0.3/lib/action_dispatch/routing/route_set.rb:62:in `call'
d:/Ruby192/lib/ruby/gems/1.9.1/gems/actionpack-3.0.3/lib/action_dispatch/routing/route_set.rb:62:in `dispatch'
d:/Ruby192/lib/ruby/gems/1.9.1/gems/actionpack-3.0.3/lib/action_dispatch/routing/route_set.rb:27:in `call'
d:/Ruby192/lib/ruby/gems/1.9.1/gems/rack-mount-0.6.13/lib/rack/mount/route_set.rb:148:in `block in call'
d:/Ruby192/lib/ruby/gems/1.9.1/gems/rack-mount-0.6.13/lib/rack/mount/code_generation.rb:93:in `block in recognize'
d:/Ruby192/lib/ruby/gems/1.9.1/gems/rack-mount-0.6.13/lib/rack/mount/code_generation.rb:75:in `optimized_each'
d:/Ruby192/lib/ruby/gems/1.9.1/gems/rack-mount-0.6.13/lib/rack/mount/code_generation.rb:92:in `recognize'
d:/Ruby192/lib/ruby/gems/1.9.1/gems/rack-mount-0.6.13/lib/rack/mount/route_set.rb:139:in `call'
d:/Ruby192/lib/ruby/gems/1.9.1/gems/actionpack-3.0.3/lib/action_dispatch/routing/route_set.rb:492:in `call'
d:/Ruby192/lib/ruby/gems/1.9.1/gems/actionpack-3.0.3/lib/action_dispatch/middleware/best_standards_support.rb:17:in `call'
d:/Ruby192/lib/ruby/gems/1.9.1/gems/actionpack-3.0.3/lib/action_dispatch/middleware/head.rb:14:in `call'
d:/Ruby192/lib/ruby/gems/1.9.1/gems/rack-1.2.1/lib/rack/methodoverride.rb:24:in `call'
d:/Ruby192/lib/ruby/gems/1.9.1/gems/actionpack-3.0.3/lib/action_dispatch/middleware/params_parser.rb:21:in `call'
d:/Ruby192/lib/ruby/gems/1.9.1/gems/actionpack-3.0.3/lib/action_dispatch/middleware/flash.rb:182:in `call'
d:/Ruby192/lib/ruby/gems/1.9.1/gems/actionpack-3.0.3/lib/action_dispatch/middleware/session/abstract_store.rb:149:in `call'
d:/Ruby192/lib/ruby/gems/1.9.1/gems/actionpack-3.0.3/lib/action_dispatch/middleware/cookies.rb:295:in `call'
d:/Ruby192/lib/ruby/gems/1.9.1/gems/activerecord-3.0.3/lib/active_record/query_cache.rb:32:in `block in call'
d:/Ruby192/lib/ruby/gems/1.9.1/gems/activerecord-3.0.3/lib/active_record/connection_adapters/abstract/query_cache.rb:28:in `cache'
d:/Ruby192/lib/ruby/gems/1.9.1/gems/activerecord-3.0.3/lib/active_record/query_cache.rb:12:in `cache'
d:/Ruby192/lib/ruby/gems/1.9.1/gems/activerecord-3.0.3/lib/active_record/query_cache.rb:31:in `call'
d:/Ruby192/lib/ruby/gems/1.9.1/gems/activerecord-3.0.3/lib/active_record/connection_adapters/abstract/connection_pool.rb:353:in `call'
d:/Ruby192/lib/ruby/gems/1.9.1/gems/actionpack-3.0.3/lib/action_dispatch/middleware/callbacks.rb:46:in `block in call'
d:/Ruby192/lib/ruby/gems/1.9.1/gems/activesupport-3.0.3/lib/active_support/callbacks.rb:415:in `_run_call_callbacks'
d:/Ruby192/lib/ruby/gems/1.9.1/gems/actionpack-3.0.3/lib/action_dispatch/middleware/callbacks.rb:44:in `call'
d:/Ruby192/lib/ruby/gems/1.9.1/gems/rack-1.2.1/lib/rack/sendfile.rb:107:in `call'
d:/Ruby192/lib/ruby/gems/1.9.1/gems/actionpack-3.0.3/lib/action_dispatch/middleware/remote_ip.rb:48:in `call'
d:/Ruby192/lib/ruby/gems/1.9.1/gems/actionpack-3.0.3/lib/action_dispatch/middleware/show_exceptions.rb:46:in `call'
d:/Ruby192/lib/ruby/gems/1.9.1/gems/railties-3.0.3/lib/rails/rack/logger.rb:13:in `call'
d:/Ruby192/lib/ruby/gems/1.9.1/gems/rack-1.2.1/lib/rack/runtime.rb:17:in `call'
d:/Ruby192/lib/ruby/gems/1.9.1/gems/activesupport-3.0.3/lib/active_support/cache/strategy/local_cache.rb:72:in `call'
d:/Ruby192/lib/ruby/gems/1.9.1/gems/rack-1.2.1/lib/rack/lock.rb:11:in `block in call'
<internal:prelude>:10:in `synchronize'
d:/Ruby192/lib/ruby/gems/1.9.1/gems/rack-1.2.1/lib/rack/lock.rb:11:in `call'
d:/Ruby192/lib/ruby/gems/1.9.1/gems/actionpack-3.0.3/lib/action_dispatch/middleware/static.rb:30:in `call'
d:/Ruby192/lib/ruby/gems/1.9.1/gems/railties-3.0.3/lib/rails/application.rb:168:in `call'
d:/Ruby192/lib/ruby/gems/1.9.1/gems/railties-3.0.3/lib/rails/application.rb:77:in `method_missing'
d:/Ruby192/lib/ruby/gems/1.9.1/gems/railties-3.0.3/lib/rails/rack/log_tailer.rb:14:in `call'
d:/Ruby192/lib/ruby/gems/1.9.1/gems/rack-1.2.1/lib/rack/content_length.rb:13:in `call'
d:/Ruby192/lib/ruby/gems/1.9.1/gems/rack-1.2.1/lib/rack/handler/webrick.rb:52:in `service'
d:/Ruby192/lib/ruby/1.9.1/webrick/httpserver.rb:111:in `service'
d:/Ruby192/lib/ruby/1.9.1/webrick/httpserver.rb:70:in `run'
d:/Ruby192/lib/ruby/1.9.1/webrick/server.rb:183:in `block in start_thread'
Rendered users/new.html.erb within layouts/application (2.0ms)
Completed   in 69ms

ActionView::Template::Error (C:/Users/Marvin/My Documents/Aptana Studio 3 Workspace/Encuesta-Projekt/app/views/users/new.html.erb:4: syntax error, unexpected tCONSTANT, expecting ')'
...append= ( form.label :name Name: );@output_buffer.safe_conca...
...                               ^
C:/Users/Marvin/My Documents/Aptana Studio 3 Workspace/Encuesta-Projekt/app/views/users/new.html.erb:7: syntax error, unexpected keyword_end, expecting ')'
'); end 
       ^
C:/Users/Marvin/My Documents/Aptana Studio 3 Workspace/Encuesta-Projekt/app/views/users/new.html.erb:9: syntax error, unexpected keyword_ensure, expecting ')'
C:/Users/Marvin/My Documents/Aptana Studio 3 Workspace/Encuesta-Projekt/app/views/users/new.html.erb:11: syntax error, unexpected keyword_end, expecting ')'):
    1: text
    2: 
    3: <% form_for :user, User.new, :url => { :action => "create" } do |form| %>
    4: <%= form.label :name Name: %><br />
    5: <%= form.text_field :name %><br />
    6: <%= form.submit "Create" %>
    7: <% end %>
  

Rendered d:/Ruby192/lib/ruby/gems/1.9.1/gems/actionpack-3.0.3/lib/action_dispatch/middleware/templates/rescues/_trace.erb (2.0ms)
Rendered d:/Ruby192/lib/ruby/gems/1.9.1/gems/actionpack-3.0.3/lib/action_dispatch/middleware/templates/rescues/_request_and_response.erb (4.0ms)
Rendered d:/Ruby192/lib/ruby/gems/1.9.1/gems/actionpack-3.0.3/lib/action_dispatch/middleware/templates/rescues/template_error.erb within rescues/layout (23.0ms)


Started GET "/users/new" for 127.0.0.1 at 2011-02-11 14:58:33 +0100
  Processing by UsersController#new as HTML
ERROR: compiling _app_views_users_new_html_erb___580325660_34514760__234823774 RAISED C:/Users/Marvin/My Documents/Aptana Studio 3 Workspace/Encuesta-Projekt/app/views/users/new.html.erb:4: syntax error, unexpected tSTRING_BEG, expecting ')'
...er.append= ( form.label :name 'Name:' );@output_buffer.safe_...
...                               ^
Function body:           def _app_views_users_new_html_erb___580325660_34514760__234823774(local_assigns)
            _old_virtual_path, @_virtual_path = @_virtual_path, "users/new";_old_output_buffer = @output_buffer;;@output_buffer = ActionView::OutputBuffer.new;@output_buffer.safe_concat('text

');@output_buffer.append_if_string=  form_for :user, User.new, :url => { :action => "create" } do |form| 
@output_buffer.append= ( form.label :name 'Name:' );@output_buffer.safe_concat('<br />
');@output_buffer.append= ( form.text_field :name );@output_buffer.safe_concat('<br />
');@output_buffer.append= ( form.submit "Create" );@output_buffer.safe_concat('
'); end 
@output_buffer.to_s
          ensure
            @_virtual_path, @output_buffer = _old_virtual_path, _old_output_buffer
          end
Backtrace: d:/Ruby192/lib/ruby/gems/1.9.1/gems/actionpack-3.0.3/lib/action_view/template.rb:255:in `module_eval'
d:/Ruby192/lib/ruby/gems/1.9.1/gems/actionpack-3.0.3/lib/action_view/template.rb:255:in `compile'
d:/Ruby192/lib/ruby/gems/1.9.1/gems/actionpack-3.0.3/lib/action_view/template.rb:134:in `block in render'
d:/Ruby192/lib/ruby/gems/1.9.1/gems/activesupport-3.0.3/lib/active_support/notifications.rb:54:in `instrument'
d:/Ruby192/lib/ruby/gems/1.9.1/gems/actionpack-3.0.3/lib/action_view/template.rb:127:in `render'
d:/Ruby192/lib/ruby/gems/1.9.1/gems/actionpack-3.0.3/lib/action_view/render/rendering.rb:59:in `block in _render_template'
d:/Ruby192/lib/ruby/gems/1.9.1/gems/activesupport-3.0.3/lib/active_support/notifications.rb:52:in `block in instrument'
d:/Ruby192/lib/ruby/gems/1.9.1/gems/activesupport-3.0.3/lib/active_support/notifications/instrumenter.rb:21:in `instrument'
d:/Ruby192/lib/ruby/gems/1.9.1/gems/activesupport-3.0.3/lib/active_support/notifications.rb:52:in `instrument'
d:/Ruby192/lib/ruby/gems/1.9.1/gems/actionpack-3.0.3/lib/action_view/render/rendering.rb:56:in `_render_template'
d:/Ruby192/lib/ruby/gems/1.9.1/gems/actionpack-3.0.3/lib/action_view/render/rendering.rb:26:in `render'
d:/Ruby192/lib/ruby/gems/1.9.1/gems/actionpack-3.0.3/lib/abstract_controller/rendering.rb:114:in `_render_template'
d:/Ruby192/lib/ruby/gems/1.9.1/gems/actionpack-3.0.3/lib/abstract_controller/rendering.rb:108:in `render_to_body'
d:/Ruby192/lib/ruby/gems/1.9.1/gems/actionpack-3.0.3/lib/action_controller/metal/renderers.rb:47:in `render_to_body'
d:/Ruby192/lib/ruby/gems/1.9.1/gems/actionpack-3.0.3/lib/action_controller/metal/compatibility.rb:55:in `render_to_body'
d:/Ruby192/lib/ruby/gems/1.9.1/gems/actionpack-3.0.3/lib/abstract_controller/rendering.rb:101:in `render_to_string'
d:/Ruby192/lib/ruby/gems/1.9.1/gems/actionpack-3.0.3/lib/abstract_controller/rendering.rb:92:in `render'
d:/Ruby192/lib/ruby/gems/1.9.1/gems/actionpack-3.0.3/lib/action_controller/metal/rendering.rb:17:in `render'
d:/Ruby192/lib/ruby/gems/1.9.1/gems/actionpack-3.0.3/lib/action_controller/metal/instrumentation.rb:40:in `block (2 levels) in render'
d:/Ruby192/lib/ruby/gems/1.9.1/gems/activesupport-3.0.3/lib/active_support/core_ext/benchmark.rb:5:in `block in ms'
d:/Ruby192/lib/ruby/1.9.1/benchmark.rb:309:in `realtime'
d:/Ruby192/lib/ruby/gems/1.9.1/gems/activesupport-3.0.3/lib/active_support/core_ext/benchmark.rb:5:in `ms'
d:/Ruby192/lib/ruby/gems/1.9.1/gems/actionpack-3.0.3/lib/action_controller/metal/instrumentation.rb:40:in `block in render'
d:/Ruby192/lib/ruby/gems/1.9.1/gems/actionpack-3.0.3/lib/action_controller/metal/instrumentation.rb:78:in `cleanup_view_runtime'
d:/Ruby192/lib/ruby/gems/1.9.1/gems/activerecord-3.0.3/lib/active_record/railties/controller_runtime.rb:15:in `cleanup_view_runtime'
d:/Ruby192/lib/ruby/gems/1.9.1/gems/actionpack-3.0.3/lib/action_controller/metal/instrumentation.rb:39:in `render'
d:/Ruby192/lib/ruby/gems/1.9.1/gems/actionpack-3.0.3/lib/action_controller/metal/implicit_render.rb:10:in `default_render'
d:/Ruby192/lib/ruby/gems/1.9.1/gems/actionpack-3.0.3/lib/action_controller/metal/implicit_render.rb:5:in `send_action'
d:/Ruby192/lib/ruby/gems/1.9.1/gems/actionpack-3.0.3/lib/abstract_controller/base.rb:151:in `process_action'
d:/Ruby192/lib/ruby/gems/1.9.1/gems/actionpack-3.0.3/lib/action_controller/metal/rendering.rb:11:in `process_action'
d:/Ruby192/lib/ruby/gems/1.9.1/gems/actionpack-3.0.3/lib/abstract_controller/callbacks.rb:18:in `block in process_action'
d:/Ruby192/lib/ruby/gems/1.9.1/gems/activesupport-3.0.3/lib/active_support/callbacks.rb:435:in `_run__694264626__process_action__709381496__callbacks'
d:/Ruby192/lib/ruby/gems/1.9.1/gems/activesupport-3.0.3/lib/active_support/callbacks.rb:409:in `_run_process_action_callbacks'
d:/Ruby192/lib/ruby/gems/1.9.1/gems/activesupport-3.0.3/lib/active_support/callbacks.rb:93:in `run_callbacks'
d:/Ruby192/lib/ruby/gems/1.9.1/gems/actionpack-3.0.3/lib/abstract_controller/callbacks.rb:17:in `process_action'
d:/Ruby192/lib/ruby/gems/1.9.1/gems/actionpack-3.0.3/lib/action_controller/metal/instrumentation.rb:30:in `block in process_action'
d:/Ruby192/lib/ruby/gems/1.9.1/gems/activesupport-3.0.3/lib/active_support/notifications.rb:52:in `block in instrument'
d:/Ruby192/lib/ruby/gems/1.9.1/gems/activesupport-3.0.3/lib/active_support/notifications/instrumenter.rb:21:in `instrument'
d:/Ruby192/lib/ruby/gems/1.9.1/gems/activesupport-3.0.3/lib/active_support/notifications.rb:52:in `instrument'
d:/Ruby192/lib/ruby/gems/1.9.1/gems/actionpack-3.0.3/lib/action_controller/metal/instrumentation.rb:29:in `process_action'
d:/Ruby192/lib/ruby/gems/1.9.1/gems/actionpack-3.0.3/lib/action_controller/metal/rescue.rb:17:in `process_action'
d:/Ruby192/lib/ruby/gems/1.9.1/gems/actionpack-3.0.3/lib/abstract_controller/base.rb:120:in `process'
d:/Ruby192/lib/ruby/gems/1.9.1/gems/actionpack-3.0.3/lib/abstract_controller/rendering.rb:40:in `process'
d:/Ruby192/lib/ruby/gems/1.9.1/gems/actionpack-3.0.3/lib/action_controller/metal.rb:138:in `dispatch'
d:/Ruby192/lib/ruby/gems/1.9.1/gems/actionpack-3.0.3/lib/action_controller/metal/rack_delegation.rb:14:in `dispatch'
d:/Ruby192/lib/ruby/gems/1.9.1/gems/actionpack-3.0.3/lib/action_controller/metal.rb:178:in `block in action'
d:/Ruby192/lib/ruby/gems/1.9.1/gems/actionpack-3.0.3/lib/action_dispatch/routing/route_set.rb:62:in `call'
d:/Ruby192/lib/ruby/gems/1.9.1/gems/actionpack-3.0.3/lib/action_dispatch/routing/route_set.rb:62:in `dispatch'
d:/Ruby192/lib/ruby/gems/1.9.1/gems/actionpack-3.0.3/lib/action_dispatch/routing/route_set.rb:27:in `call'
d:/Ruby192/lib/ruby/gems/1.9.1/gems/rack-mount-0.6.13/lib/rack/mount/route_set.rb:148:in `block in call'
d:/Ruby192/lib/ruby/gems/1.9.1/gems/rack-mount-0.6.13/lib/rack/mount/code_generation.rb:93:in `block in recognize'
d:/Ruby192/lib/ruby/gems/1.9.1/gems/rack-mount-0.6.13/lib/rack/mount/code_generation.rb:75:in `optimized_each'
d:/Ruby192/lib/ruby/gems/1.9.1/gems/rack-mount-0.6.13/lib/rack/mount/code_generation.rb:92:in `recognize'
d:/Ruby192/lib/ruby/gems/1.9.1/gems/rack-mount-0.6.13/lib/rack/mount/route_set.rb:139:in `call'
d:/Ruby192/lib/ruby/gems/1.9.1/gems/actionpack-3.0.3/lib/action_dispatch/routing/route_set.rb:492:in `call'
d:/Ruby192/lib/ruby/gems/1.9.1/gems/actionpack-3.0.3/lib/action_dispatch/middleware/best_standards_support.rb:17:in `call'
d:/Ruby192/lib/ruby/gems/1.9.1/gems/actionpack-3.0.3/lib/action_dispatch/middleware/head.rb:14:in `call'
d:/Ruby192/lib/ruby/gems/1.9.1/gems/rack-1.2.1/lib/rack/methodoverride.rb:24:in `call'
d:/Ruby192/lib/ruby/gems/1.9.1/gems/actionpack-3.0.3/lib/action_dispatch/middleware/params_parser.rb:21:in `call'
d:/Ruby192/lib/ruby/gems/1.9.1/gems/actionpack-3.0.3/lib/action_dispatch/middleware/flash.rb:182:in `call'
d:/Ruby192/lib/ruby/gems/1.9.1/gems/actionpack-3.0.3/lib/action_dispatch/middleware/session/abstract_store.rb:149:in `call'
d:/Ruby192/lib/ruby/gems/1.9.1/gems/actionpack-3.0.3/lib/action_dispatch/middleware/cookies.rb:295:in `call'
d:/Ruby192/lib/ruby/gems/1.9.1/gems/activerecord-3.0.3/lib/active_record/query_cache.rb:32:in `block in call'
d:/Ruby192/lib/ruby/gems/1.9.1/gems/activerecord-3.0.3/lib/active_record/connection_adapters/abstract/query_cache.rb:28:in `cache'
d:/Ruby192/lib/ruby/gems/1.9.1/gems/activerecord-3.0.3/lib/active_record/query_cache.rb:12:in `cache'
d:/Ruby192/lib/ruby/gems/1.9.1/gems/activerecord-3.0.3/lib/active_record/query_cache.rb:31:in `call'
d:/Ruby192/lib/ruby/gems/1.9.1/gems/activerecord-3.0.3/lib/active_record/connection_adapters/abstract/connection_pool.rb:353:in `call'
d:/Ruby192/lib/ruby/gems/1.9.1/gems/actionpack-3.0.3/lib/action_dispatch/middleware/callbacks.rb:46:in `block in call'
d:/Ruby192/lib/ruby/gems/1.9.1/gems/activesupport-3.0.3/lib/active_support/callbacks.rb:415:in `_run_call_callbacks'
d:/Ruby192/lib/ruby/gems/1.9.1/gems/actionpack-3.0.3/lib/action_dispatch/middleware/callbacks.rb:44:in `call'
d:/Ruby192/lib/ruby/gems/1.9.1/gems/rack-1.2.1/lib/rack/sendfile.rb:107:in `call'
d:/Ruby192/lib/ruby/gems/1.9.1/gems/actionpack-3.0.3/lib/action_dispatch/middleware/remote_ip.rb:48:in `call'
d:/Ruby192/lib/ruby/gems/1.9.1/gems/actionpack-3.0.3/lib/action_dispatch/middleware/show_exceptions.rb:46:in `call'
d:/Ruby192/lib/ruby/gems/1.9.1/gems/railties-3.0.3/lib/rails/rack/logger.rb:13:in `call'
d:/Ruby192/lib/ruby/gems/1.9.1/gems/rack-1.2.1/lib/rack/runtime.rb:17:in `call'
d:/Ruby192/lib/ruby/gems/1.9.1/gems/activesupport-3.0.3/lib/active_support/cache/strategy/local_cache.rb:72:in `call'
d:/Ruby192/lib/ruby/gems/1.9.1/gems/rack-1.2.1/lib/rack/lock.rb:11:in `block in call'
<internal:prelude>:10:in `synchronize'
d:/Ruby192/lib/ruby/gems/1.9.1/gems/rack-1.2.1/lib/rack/lock.rb:11:in `call'
d:/Ruby192/lib/ruby/gems/1.9.1/gems/actionpack-3.0.3/lib/action_dispatch/middleware/static.rb:30:in `call'
d:/Ruby192/lib/ruby/gems/1.9.1/gems/railties-3.0.3/lib/rails/application.rb:168:in `call'
d:/Ruby192/lib/ruby/gems/1.9.1/gems/railties-3.0.3/lib/rails/application.rb:77:in `method_missing'
d:/Ruby192/lib/ruby/gems/1.9.1/gems/railties-3.0.3/lib/rails/rack/log_tailer.rb:14:in `call'
d:/Ruby192/lib/ruby/gems/1.9.1/gems/rack-1.2.1/lib/rack/content_length.rb:13:in `call'
d:/Ruby192/lib/ruby/gems/1.9.1/gems/rack-1.2.1/lib/rack/handler/webrick.rb:52:in `service'
d:/Ruby192/lib/ruby/1.9.1/webrick/httpserver.rb:111:in `service'
d:/Ruby192/lib/ruby/1.9.1/webrick/httpserver.rb:70:in `run'
d:/Ruby192/lib/ruby/1.9.1/webrick/server.rb:183:in `block in start_thread'
Rendered users/new.html.erb within layouts/application (2.0ms)
Completed   in 101ms

ActionView::Template::Error (C:/Users/Marvin/My Documents/Aptana Studio 3 Workspace/Encuesta-Projekt/app/views/users/new.html.erb:4: syntax error, unexpected tSTRING_BEG, expecting ')'
...er.append= ( form.label :name 'Name:' );@output_buffer.safe_...
...                               ^):
    1: text
    2: 
    3: <% form_for :user, User.new, :url => { :action => "create" } do |form| %>
    4: <%= form.label :name 'Name:' %><br />
    5: <%= form.text_field :name %><br />
    6: <%= form.submit "Create" %>
    7: <% end %>
  

Rendered d:/Ruby192/lib/ruby/gems/1.9.1/gems/actionpack-3.0.3/lib/action_dispatch/middleware/templates/rescues/_trace.erb (1.0ms)
Rendered d:/Ruby192/lib/ruby/gems/1.9.1/gems/actionpack-3.0.3/lib/action_dispatch/middleware/templates/rescues/_request_and_response.erb (5.0ms)
Rendered d:/Ruby192/lib/ruby/gems/1.9.1/gems/actionpack-3.0.3/lib/action_dispatch/middleware/templates/rescues/template_error.erb within rescues/layout (23.0ms)


Started GET "/users/new" for 127.0.0.1 at 2011-02-11 14:59:01 +0100
  Processing by UsersController#new as HTML
DEPRECATION WARNING: Using form_for(:name, @resource) is deprecated. Please use form_for(@resource, :as => :name) instead. (called from _app_views_users_new_html_erb___580325660_28770924__234823774 at C:/Users/Marvin/My Documents/Aptana Studio 3 Workspace/Encuesta-Projekt/app/views/users/new.html.erb:3)
DEPRECATION WARNING: <% %> style block helpers are deprecated. Please use <%= %>. (called from _app_views_users_new_html_erb___580325660_28770924__234823774 at C:/Users/Marvin/My Documents/Aptana Studio 3 Workspace/Encuesta-Projekt/app/views/users/new.html.erb:3)
Rendered users/new.html.erb within layouts/application (9.0ms)
Completed 200 OK in 76ms (Views: 40.0ms | ActiveRecord: 0.0ms)


Started GET "/users/new" for 127.0.0.1 at 2011-02-11 15:01:16 +0100
  Processing by UsersController#new as HTML
DEPRECATION WARNING: Using form_for(:name, @resource) is deprecated. Please use form_for(@resource, :as => :name) instead. (called from _app_views_users_new_html_erb___580325660_35214780__234823774 at C:/Users/Marvin/My Documents/Aptana Studio 3 Workspace/Encuesta-Projekt/app/views/users/new.html.erb:3)
DEPRECATION WARNING: <% %> style block helpers are deprecated. Please use <%= %>. (called from _app_views_users_new_html_erb___580325660_35214780__234823774 at C:/Users/Marvin/My Documents/Aptana Studio 3 Workspace/Encuesta-Projekt/app/views/users/new.html.erb:3)
Rendered users/new.html.erb within layouts/application (9.0ms)
Completed 200 OK in 128ms (Views: 64.0ms | ActiveRecord: 0.0ms)


Started POST "/users" for 127.0.0.1 at 2011-02-11 15:01:28 +0100
  Processing by UsersController#create as HTML
  Parameters: {"utf8"=>"‚úì", "authenticity_token"=>"W7CXoHGEk27v0VoBS9QuGp2FqgpiIfNcuchJMa8sO5I=", "user"=>{"name"=>"kasjdf", "vorname"=>"efjsldfj", "login"=>"efinwfoqenf", "passwort"=>"nffnaon", "email"=>"inono"}, "commit"=>"Create"}
Rendered text template (0.0ms)
Completed 200 OK in 2ms (Views: 1.0ms | ActiveRecord: 0.0ms)


Started POST "/users" for 127.0.0.1 at 2011-02-11 15:05:39 +0100
  Processing by UsersController#create as HTML
  Parameters: {"utf8"=>"‚úì", "authenticity_token"=>"W7CXoHGEk27v0VoBS9QuGp2FqgpiIfNcuchJMa8sO5I=", "user"=>{"name"=>"kasjdf", "vorname"=>"efjsldfj", "login"=>"efinwfoqenf", "passwort"=>"nffnaon", "email"=>"inono"}, "commit"=>"Create"}
  [1m[36mSQL (0.0ms)[0m  [1m SELECT name
 FROM sqlite_master
 WHERE type = 'table' AND NOT name = 'sqlite_sequence'
[0m
  [1m[35mAREL (2.0ms)[0m  INSERT INTO "users" ("name", "vorname", "login", "passwort", "email", "created_at", "updated_at") VALUES (NULL, NULL, NULL, NULL, NULL, '2011-02-11 14:05:39.817200', '2011-02-11 14:05:39.817200')
Completed   in 467ms

ActionView::MissingTemplate (Missing template users/create with {:handlers=>[:erb, :rjs, :builder, :rhtml, :rxml], :formats=>[:html], :locale=>[:en, :en]} in view paths "C:/Users/Marvin/My Documents/Aptana Studio 3 Workspace/Encuesta-Projekt/app/views"):
  

Rendered d:/Ruby192/lib/ruby/gems/1.9.1/gems/actionpack-3.0.3/lib/action_dispatch/middleware/templates/rescues/missing_template.erb within rescues/layout (2.0ms)


Started GET "/users" for 127.0.0.1 at 2011-02-11 15:06:00 +0100
  Processing by UsersController#index as HTML
Completed   in 22ms

ActionView::MissingTemplate (Missing template users/index with {:handlers=>[:erb, :rjs, :builder, :rhtml, :rxml], :formats=>[:html], :locale=>[:en, :en]} in view paths "C:/Users/Marvin/My Documents/Aptana Studio 3 Workspace/Encuesta-Projekt/app/views"):
  

Rendered d:/Ruby192/lib/ruby/gems/1.9.1/gems/actionpack-3.0.3/lib/action_dispatch/middleware/templates/rescues/missing_template.erb within rescues/layout (2.0ms)


Started GET "/users" for 127.0.0.1 at 2011-02-11 15:06:29 +0100
  Processing by UsersController#index as HTML
Completed   in 1ms

ArgumentError (wrong number of arguments (0 for 2..3)):
  app/controllers/users_controller.rb:3:in `test'
  app/controllers/users_controller.rb:3:in `index'

Rendered d:/Ruby192/lib/ruby/gems/1.9.1/gems/actionpack-3.0.3/lib/action_dispatch/middleware/templates/rescues/_trace.erb (2.0ms)
Rendered d:/Ruby192/lib/ruby/gems/1.9.1/gems/actionpack-3.0.3/lib/action_dispatch/middleware/templates/rescues/_request_and_response.erb (4.0ms)
Rendered d:/Ruby192/lib/ruby/gems/1.9.1/gems/actionpack-3.0.3/lib/action_dispatch/middleware/templates/rescues/diagnostics.erb within rescues/layout (23.0ms)


Started GET "/users" for 127.0.0.1 at 2011-02-11 15:06:52 +0100
  Processing by UsersController#index as HTML
Completed   in 23ms

ActionView::MissingTemplate (Missing template users/index with {:handlers=>[:erb, :rjs, :builder, :rhtml, :rxml], :formats=>[:html], :locale=>[:en, :en]} in view paths "C:/Users/Marvin/My Documents/Aptana Studio 3 Workspace/Encuesta-Projekt/app/views"):
  

Rendered d:/Ruby192/lib/ruby/gems/1.9.1/gems/actionpack-3.0.3/lib/action_dispatch/middleware/templates/rescues/missing_template.erb within rescues/layout (2.0ms)


Started GET "/users" for 127.0.0.1 at 2011-02-11 15:06:53 +0100
  Processing by UsersController#index as HTML
Completed   in 22ms

ActionView::MissingTemplate (Missing template users/index with {:handlers=>[:erb, :rjs, :builder, :rhtml, :rxml], :formats=>[:html], :locale=>[:en, :en]} in view paths "C:/Users/Marvin/My Documents/Aptana Studio 3 Workspace/Encuesta-Projekt/app/views"):
  

Rendered d:/Ruby192/lib/ruby/gems/1.9.1/gems/actionpack-3.0.3/lib/action_dispatch/middleware/templates/rescues/missing_template.erb within rescues/layout (1.0ms)


Started GET "/users" for 127.0.0.1 at 2011-02-11 15:06:53 +0100
  Processing by UsersController#index as HTML
Completed   in 24ms

ActionView::MissingTemplate (Missing template users/index with {:handlers=>[:erb, :rjs, :builder, :rhtml, :rxml], :formats=>[:html], :locale=>[:en, :en]} in view paths "C:/Users/Marvin/My Documents/Aptana Studio 3 Workspace/Encuesta-Projekt/app/views"):
  

Rendered d:/Ruby192/lib/ruby/gems/1.9.1/gems/actionpack-3.0.3/lib/action_dispatch/middleware/templates/rescues/missing_template.erb within rescues/layout (2.0ms)


Started GET "/users" for 127.0.0.1 at 2011-02-11 15:06:54 +0100
  Processing by UsersController#index as HTML
Completed   in 24ms

ActionView::MissingTemplate (Missing template users/index with {:handlers=>[:erb, :rjs, :builder, :rhtml, :rxml], :formats=>[:html], :locale=>[:en, :en]} in view paths "C:/Users/Marvin/My Documents/Aptana Studio 3 Workspace/Encuesta-Projekt/app/views"):
  

Rendered d:/Ruby192/lib/ruby/gems/1.9.1/gems/actionpack-3.0.3/lib/action_dispatch/middleware/templates/rescues/missing_template.erb within rescues/layout (1.0ms)


Started GET "/users/new" for 127.0.0.1 at 2011-02-11 15:06:59 +0100
  Processing by UsersController#new as HTML
DEPRECATION WARNING: Using form_for(:name, @resource) is deprecated. Please use form_for(@resource, :as => :name) instead. (called from _app_views_users_new_html_erb___580325660_29290932__234823774 at C:/Users/Marvin/My Documents/Aptana Studio 3 Workspace/Encuesta-Projekt/app/views/users/new.html.erb:3)
DEPRECATION WARNING: <% %> style block helpers are deprecated. Please use <%= %>. (called from _app_views_users_new_html_erb___580325660_29290932__234823774 at C:/Users/Marvin/My Documents/Aptana Studio 3 Workspace/Encuesta-Projekt/app/views/users/new.html.erb:3)
Rendered users/new.html.erb within layouts/application (93.0ms)
Completed 200 OK in 123ms (Views: 122.0ms | ActiveRecord: 0.0ms)


Started POST "/users" for 127.0.0.1 at 2011-02-11 15:11:14 +0100
  Processing by UsersController#create as HTML
  Parameters: {"utf8"=>"‚úì", "authenticity_token"=>"W7CXoHGEk27v0VoBS9QuGp2FqgpiIfNcuchJMa8sO5I=", "user"=>{"name"=>"Friedemann", "vorname"=>"Marvin", "login"=>"VanZan", "passwort"=>"helloagain", "email"=>"marvin.friedemann@ewetel.net"}, "commit"=>"Create"}
  [1m[36mAREL (2.0ms)[0m  [1mINSERT INTO "users" ("name", "vorname", "login", "passwort", "email", "created_at", "updated_at") VALUES (NULL, NULL, NULL, NULL, NULL, '2011-02-11 14:11:14.222200', '2011-02-11 14:11:14.222200')[0m
Completed   in 83ms

ActionView::MissingTemplate (Missing template users/create with {:handlers=>[:erb, :rjs, :builder, :rhtml, :rxml], :formats=>[:html], :locale=>[:en, :en]} in view paths "C:/Users/Marvin/My Documents/Aptana Studio 3 Workspace/Encuesta-Projekt/app/views"):
  

Rendered d:/Ruby192/lib/ruby/gems/1.9.1/gems/actionpack-3.0.3/lib/action_dispatch/middleware/templates/rescues/missing_template.erb within rescues/layout (2.0ms)


Started GET "/users/new" for 127.0.0.1 at 2011-02-11 15:13:52 +0100
  Processing by UsersController#new as HTML
  [1m[35mAREL (5014.0ms)[0m  INSERT INTO "users" ("name", "vorname", "login", "passwort", "email", "created_at", "updated_at") VALUES (NULL, NULL, NULL, NULL, NULL, '2011-02-11 14:13:52.179200', '2011-02-11 14:13:52.179200')
SQLite3::BusyException: database is locked: INSERT INTO "users" ("name", "vorname", "login", "passwort", "email", "created_at", "updated_at") VALUES (NULL, NULL, NULL, NULL, NULL, '2011-02-11 14:13:52.179200', '2011-02-11 14:13:52.179200')
Completed   in 5065ms

ActiveRecord::StatementInvalid (SQLite3::BusyException: database is locked: INSERT INTO "users" ("name", "vorname", "login", "passwort", "email", "created_at", "updated_at") VALUES (NULL, NULL, NULL, NULL, NULL, '2011-02-11 14:13:52.179200', '2011-02-11 14:13:52.179200')):
  app/controllers/users_controller.rb:9:in `new'

Rendered d:/Ruby192/lib/ruby/gems/1.9.1/gems/actionpack-3.0.3/lib/action_dispatch/middleware/templates/rescues/_trace.erb (1.0ms)
Rendered d:/Ruby192/lib/ruby/gems/1.9.1/gems/actionpack-3.0.3/lib/action_dispatch/middleware/templates/rescues/_request_and_response.erb (5.0ms)
Rendered d:/Ruby192/lib/ruby/gems/1.9.1/gems/actionpack-3.0.3/lib/action_dispatch/middleware/templates/rescues/diagnostics.erb within rescues/layout (23.0ms)


Started GET "/users/new" for 127.0.0.1 at 2011-02-11 15:14:43 +0100
  Processing by UsersController#new as HTML
  [1m[36mAREL (3.0ms)[0m  [1mINSERT INTO "users" ("name", "vorname", "login", "passwort", "email", "created_at", "updated_at") VALUES (NULL, NULL, NULL, NULL, NULL, '2011-02-11 14:14:44.072200', '2011-02-11 14:14:44.072200')[0m
DEPRECATION WARNING: Using form_for(:name, @resource) is deprecated. Please use form_for(@resource, :as => :name) instead. (called from _app_views_users_new_html_erb___580325660_31305348__234823774 at C:/Users/Marvin/My Documents/Aptana Studio 3 Workspace/Encuesta-Projekt/app/views/users/new.html.erb:3)
DEPRECATION WARNING: <% %> style block helpers are deprecated. Please use <%= %>. (called from _app_views_users_new_html_erb___580325660_31305348__234823774 at C:/Users/Marvin/My Documents/Aptana Studio 3 Workspace/Encuesta-Projekt/app/views/users/new.html.erb:3)
Rendered users/new.html.erb within layouts/application (11.0ms)
Completed 200 OK in 106ms (Views: 41.0ms | ActiveRecord: 3.0ms)


Started POST "/users" for 127.0.0.1 at 2011-02-11 15:14:54 +0100
  Processing by UsersController#create as HTML
  Parameters: {"utf8"=>"‚úì", "authenticity_token"=>"W7CXoHGEk27v0VoBS9QuGp2FqgpiIfNcuchJMa8sO5I=", "user"=>{"name"=>"m", "vorname"=>"a", "login"=>"r", "passwort"=>"v", "email"=>"i"}, "commit"=>"Create"}
  [1m[35mAREL (3.0ms)[0m  INSERT INTO "users" ("name", "vorname", "login", "passwort", "email", "created_at", "updated_at") VALUES (NULL, NULL, NULL, NULL, NULL, '2011-02-11 14:14:54.896200', '2011-02-11 14:14:54.896200')
Completed   in 87ms

ActionView::MissingTemplate (Missing template users/create with {:handlers=>[:erb, :rjs, :builder, :rhtml, :rxml], :formats=>[:html], :locale=>[:en, :en]} in view paths "C:/Users/Marvin/My Documents/Aptana Studio 3 Workspace/Encuesta-Projekt/app/views"):
  

Rendered d:/Ruby192/lib/ruby/gems/1.9.1/gems/actionpack-3.0.3/lib/action_dispatch/middleware/templates/rescues/missing_template.erb within rescues/layout (2.0ms)


Started GET "/users" for 127.0.0.1 at 2011-02-11 15:16:13 +0100
  Processing by UsersController#index as HTML
Completed   in 27ms

ActionView::MissingTemplate (Missing template users/Welcome with {:handlers=>[:erb, :rjs, :builder, :rhtml, :rxml], :formats=>[:html], :locale=>[:en, :en]} in view paths "C:/Users/Marvin/My Documents/Aptana Studio 3 Workspace/Encuesta-Projekt/app/views"):
  app/controllers/users_controller.rb:3:in `index'

Rendered d:/Ruby192/lib/ruby/gems/1.9.1/gems/actionpack-3.0.3/lib/action_dispatch/middleware/templates/rescues/missing_template.erb within rescues/layout (2.0ms)


Started GET "/users" for 127.0.0.1 at 2011-02-11 15:16:31 +0100
  Processing by UsersController#index as HTML
Completed   in 2ms

NameError (undefined local variable or method `text' for #<UsersController:0x3ca4bb0>):
  app/controllers/users_controller.rb:3:in `index'

Rendered d:/Ruby192/lib/ruby/gems/1.9.1/gems/actionpack-3.0.3/lib/action_dispatch/middleware/templates/rescues/_trace.erb (2.0ms)
Rendered d:/Ruby192/lib/ruby/gems/1.9.1/gems/actionpack-3.0.3/lib/action_dispatch/middleware/templates/rescues/_request_and_response.erb (4.0ms)
Rendered d:/Ruby192/lib/ruby/gems/1.9.1/gems/actionpack-3.0.3/lib/action_dispatch/middleware/templates/rescues/diagnostics.erb within rescues/layout (22.0ms)


Started GET "/users" for 127.0.0.1 at 2011-02-11 15:16:46 +0100
  Processing by UsersController#index as HTML
Completed   in 26ms

ActionView::MissingTemplate (Missing template users/index with {:handlers=>[:erb, :rjs, :builder, :rhtml, :rxml], :formats=>[:html], :locale=>[:en, :en]} in view paths "C:/Users/Marvin/My Documents/Aptana Studio 3 Workspace/Encuesta-Projekt/app/views"):
  app/controllers/users_controller.rb:3:in `index'

Rendered d:/Ruby192/lib/ruby/gems/1.9.1/gems/actionpack-3.0.3/lib/action_dispatch/middleware/templates/rescues/missing_template.erb within rescues/layout (1.0ms)


Started GET "/users" for 127.0.0.1 at 2011-02-11 15:18:39 +0100
  Processing by UsersController#index as HTML
Completed   in 2ms

NameError (undefined local variable or method `text' for #<UsersController:0x3e1b9a0>):
  app/controllers/users_controller.rb:3:in `index'

Rendered d:/Ruby192/lib/ruby/gems/1.9.1/gems/actionpack-3.0.3/lib/action_dispatch/middleware/templates/rescues/_trace.erb (3.0ms)
Rendered d:/Ruby192/lib/ruby/gems/1.9.1/gems/actionpack-3.0.3/lib/action_dispatch/middleware/templates/rescues/_request_and_response.erb (5.0ms)
Rendered d:/Ruby192/lib/ruby/gems/1.9.1/gems/actionpack-3.0.3/lib/action_dispatch/middleware/templates/rescues/diagnostics.erb within rescues/layout (28.0ms)


Started GET "/users" for 127.0.0.1 at 2011-02-11 15:18:52 +0100
  Processing by UsersController#index as HTML
Rendered users/index.html.erb within layouts/application (5.0ms)
Completed 200 OK in 37ms (Views: 36.0ms | ActiveRecord: 0.0ms)


Started GET "/users/new" for 127.0.0.1 at 2011-02-11 15:19:28 +0100
  Processing by UsersController#new as HTML
DEPRECATION WARNING: Using form_for(:name, @resource) is deprecated. Please use form_for(@resource, :as => :name) instead. (called from _app_views_users_new_html_erb___580325660_32098812__234823774 at C:/Users/Marvin/My Documents/Aptana Studio 3 Workspace/Encuesta-Projekt/app/views/users/new.html.erb:3)
DEPRECATION WARNING: <% %> style block helpers are deprecated. Please use <%= %>. (called from _app_views_users_new_html_erb___580325660_32098812__234823774 at C:/Users/Marvin/My Documents/Aptana Studio 3 Workspace/Encuesta-Projekt/app/views/users/new.html.erb:3)
Rendered users/new.html.erb within layouts/application (86.0ms)
Completed 200 OK in 116ms (Views: 116.0ms | ActiveRecord: 0.0ms)


Started POST "/users" for 127.0.0.1 at 2011-02-11 15:19:39 +0100
  Processing by UsersController#create as HTML
  Parameters: {"utf8"=>"‚úì", "authenticity_token"=>"W7CXoHGEk27v0VoBS9QuGp2FqgpiIfNcuchJMa8sO5I=", "user"=>{"name"=>"a", "vorname"=>"b", "login"=>"c", "passwort"=>"d", "email"=>"e"}, "commit"=>"Create"}
Completed   in 71ms

NameError (undefined local variable or method `user' for #<UsersController:0x3b5b678>):
  app/controllers/users_controller.rb:13:in `create'

Rendered d:/Ruby192/lib/ruby/gems/1.9.1/gems/actionpack-3.0.3/lib/action_dispatch/middleware/templates/rescues/_trace.erb (2.0ms)
Rendered d:/Ruby192/lib/ruby/gems/1.9.1/gems/actionpack-3.0.3/lib/action_dispatch/middleware/templates/rescues/_request_and_response.erb (6.0ms)
Rendered d:/Ruby192/lib/ruby/gems/1.9.1/gems/actionpack-3.0.3/lib/action_dispatch/middleware/templates/rescues/diagnostics.erb within rescues/layout (25.0ms)


Started GET "/users/new" for 127.0.0.1 at 2011-02-11 15:20:51 +0100
  Processing by UsersController#new as HTML
DEPRECATION WARNING: Using form_for(:name, @resource) is deprecated. Please use form_for(@resource, :as => :name) instead. (called from _app_views_users_new_html_erb___580325660_32223444__234823774 at C:/Users/Marvin/My Documents/Aptana Studio 3 Workspace/Encuesta-Projekt/app/views/users/new.html.erb:3)
DEPRECATION WARNING: <% %> style block helpers are deprecated. Please use <%= %>. (called from _app_views_users_new_html_erb___580325660_32223444__234823774 at C:/Users/Marvin/My Documents/Aptana Studio 3 Workspace/Encuesta-Projekt/app/views/users/new.html.erb:3)
Rendered users/new.html.erb within layouts/application (91.0ms)
Completed 200 OK in 124ms (Views: 124.0ms | ActiveRecord: 0.0ms)


Started POST "/users" for 127.0.0.1 at 2011-02-11 15:20:54 +0100
  Processing by UsersController#create as HTML
  Parameters: {"utf8"=>"‚úì", "authenticity_token"=>"W7CXoHGEk27v0VoBS9QuGp2FqgpiIfNcuchJMa8sO5I=", "user"=>{"name"=>"", "vorname"=>"", "login"=>"", "passwort"=>"", "email"=>""}, "commit"=>"Create"}
Completed   in 39ms

NameError (undefined local variable or method `user' for #<UsersController:0x3d3c7d0>):
  app/controllers/users_controller.rb:13:in `create'

Rendered d:/Ruby192/lib/ruby/gems/1.9.1/gems/actionpack-3.0.3/lib/action_dispatch/middleware/templates/rescues/_trace.erb (2.0ms)
Rendered d:/Ruby192/lib/ruby/gems/1.9.1/gems/actionpack-3.0.3/lib/action_dispatch/middleware/templates/rescues/_request_and_response.erb (6.0ms)
Rendered d:/Ruby192/lib/ruby/gems/1.9.1/gems/actionpack-3.0.3/lib/action_dispatch/middleware/templates/rescues/diagnostics.erb within rescues/layout (25.0ms)


Started POST "/users" for 127.0.0.1 at 2011-02-11 15:21:10 +0100
  Processing by UsersController#create as HTML
  Parameters: {"utf8"=>"‚úì", "authenticity_token"=>"W7CXoHGEk27v0VoBS9QuGp2FqgpiIfNcuchJMa8sO5I=", "user"=>{"name"=>"", "vorname"=>"", "login"=>"", "passwort"=>"", "email"=>""}, "commit"=>"Create"}
  [1m[36mAREL (2.0ms)[0m  [1mINSERT INTO "users" ("name", "vorname", "login", "passwort", "email", "created_at", "updated_at") VALUES (NULL, NULL, NULL, NULL, NULL, '2011-02-11 14:21:10.767200', '2011-02-11 14:21:10.767200')[0m
Completed   in 86ms

ActionView::MissingTemplate (Missing template users/create with {:handlers=>[:erb, :rjs, :builder, :rhtml, :rxml], :formats=>[:html], :locale=>[:en, :en]} in view paths "C:/Users/Marvin/My Documents/Aptana Studio 3 Workspace/Encuesta-Projekt/app/views"):
  

Rendered d:/Ruby192/lib/ruby/gems/1.9.1/gems/actionpack-3.0.3/lib/action_dispatch/middleware/templates/rescues/missing_template.erb within rescues/layout (2.0ms)


Started GET "/users/new" for 127.0.0.1 at 2011-02-11 15:21:17 +0100
  Processing by UsersController#new as HTML
DEPRECATION WARNING: Using form_for(:name, @resource) is deprecated. Please use form_for(@resource, :as => :name) instead. (called from _app_views_users_new_html_erb___580325660_34521816__234823774 at C:/Users/Marvin/My Documents/Aptana Studio 3 Workspace/Encuesta-Projekt/app/views/users/new.html.erb:3)
DEPRECATION WARNING: <% %> style block helpers are deprecated. Please use <%= %>. (called from _app_views_users_new_html_erb___580325660_34521816__234823774 at C:/Users/Marvin/My Documents/Aptana Studio 3 Workspace/Encuesta-Projekt/app/views/users/new.html.erb:3)
Rendered users/new.html.erb within layouts/application (58.0ms)
Completed 200 OK in 89ms (Views: 88.0ms | ActiveRecord: 0.0ms)


Started POST "/users" for 127.0.0.1 at 2011-02-11 15:21:20 +0100
  Processing by UsersController#create as HTML
  Parameters: {"utf8"=>"‚úì", "authenticity_token"=>"W7CXoHGEk27v0VoBS9QuGp2FqgpiIfNcuchJMa8sO5I=", "user"=>{"name"=>"", "vorname"=>"", "login"=>"", "passwort"=>"", "email"=>""}, "commit"=>"Create"}
  [1m[35mAREL (3.0ms)[0m  INSERT INTO "users" ("name", "vorname", "login", "passwort", "email", "created_at", "updated_at") VALUES (NULL, NULL, NULL, NULL, NULL, '2011-02-11 14:21:20.596200', '2011-02-11 14:21:20.596200')
Completed   in 184ms

ActionView::MissingTemplate (Missing template users/create with {:handlers=>[:erb, :rjs, :builder, :rhtml, :rxml], :formats=>[:html], :locale=>[:en, :en]} in view paths "C:/Users/Marvin/My Documents/Aptana Studio 3 Workspace/Encuesta-Projekt/app/views"):
  

Rendered d:/Ruby192/lib/ruby/gems/1.9.1/gems/actionpack-3.0.3/lib/action_dispatch/middleware/templates/rescues/missing_template.erb within rescues/layout (1.0ms)


Started GET "/users/new" for 127.0.0.1 at 2011-02-11 15:22:57 +0100
  Processing by UsersController#new as HTML
DEPRECATION WARNING: Using form_for(:name, @resource) is deprecated. Please use form_for(@resource, :as => :name) instead. (called from _app_views_users_new_html_erb___580325660_32603604__234823774 at C:/Users/Marvin/My Documents/Aptana Studio 3 Workspace/Encuesta-Projekt/app/views/users/new.html.erb:3)
DEPRECATION WARNING: <% %> style block helpers are deprecated. Please use <%= %>. (called from _app_views_users_new_html_erb___580325660_32603604__234823774 at C:/Users/Marvin/My Documents/Aptana Studio 3 Workspace/Encuesta-Projekt/app/views/users/new.html.erb:3)
Rendered users/new.html.erb within layouts/application (87.0ms)
Completed 200 OK in 123ms (Views: 122.0ms | ActiveRecord: 0.0ms)


Started POST "/users" for 127.0.0.1 at 2011-02-11 15:23:01 +0100
  Processing by UsersController#create as HTML
  Parameters: {"utf8"=>"‚úì", "authenticity_token"=>"W7CXoHGEk27v0VoBS9QuGp2FqgpiIfNcuchJMa8sO5I=", "user"=>{"name"=>"", "vorname"=>"", "login"=>"", "passwort"=>"", "email"=>""}, "commit"=>"Create"}
  [1m[36mAREL (3.0ms)[0m  [1mINSERT INTO "users" ("name", "vorname", "login", "passwort", "email", "created_at", "updated_at") VALUES (NULL, NULL, NULL, NULL, NULL, '2011-02-11 14:23:01.881200', '2011-02-11 14:23:01.881200')[0m
Completed   in 224ms

ActionView::MissingTemplate (Missing template users/create with {:handlers=>[:erb, :rjs, :builder, :rhtml, :rxml], :formats=>[:html], :locale=>[:en, :en]} in view paths "C:/Users/Marvin/My Documents/Aptana Studio 3 Workspace/Encuesta-Projekt/app/views"):
  

Rendered d:/Ruby192/lib/ruby/gems/1.9.1/gems/actionpack-3.0.3/lib/action_dispatch/middleware/templates/rescues/missing_template.erb within rescues/layout (1.0ms)


Started POST "/users" for 127.0.0.1 at 2011-02-11 15:24:06 +0100
  Processing by UsersController#create as HTML
  Parameters: {"utf8"=>"‚úì", "authenticity_token"=>"W7CXoHGEk27v0VoBS9QuGp2FqgpiIfNcuchJMa8sO5I=", "user"=>{"name"=>"", "vorname"=>"", "login"=>"", "passwort"=>"", "email"=>""}, "commit"=>"Create"}
  [1m[35mAREL (3.0ms)[0m  INSERT INTO "users" ("name", "vorname", "login", "passwort", "email", "created_at", "updated_at") VALUES (NULL, NULL, NULL, NULL, NULL, '2011-02-11 14:24:06.145200', '2011-02-11 14:24:06.145200')
Redirected to http://127.0.0.1:3000/users
Completed 302 Found in 117ms


Started GET "/users" for 127.0.0.1 at 2011-02-11 15:24:06 +0100
  Processing by UsersController#index as HTML
Rendered users/index.html.erb within layouts/application (7.0ms)
Completed 200 OK in 119ms (Views: 117.0ms | ActiveRecord: 3.0ms)


Started GET "/users/new" for 127.0.0.1 at 2011-02-11 15:24:39 +0100
  Processing by UsersController#new as HTML
DEPRECATION WARNING: Using form_for(:name, @resource) is deprecated. Please use form_for(@resource, :as => :name) instead. (called from _app_views_users_new_html_erb___580325660_34509672__234823774 at C:/Users/Marvin/My Documents/Aptana Studio 3 Workspace/Encuesta-Projekt/app/views/users/new.html.erb:3)
DEPRECATION WARNING: <% %> style block helpers are deprecated. Please use <%= %>. (called from _app_views_users_new_html_erb___580325660_34509672__234823774 at C:/Users/Marvin/My Documents/Aptana Studio 3 Workspace/Encuesta-Projekt/app/views/users/new.html.erb:3)
Rendered users/new.html.erb within layouts/application (57.0ms)
Completed 200 OK in 92ms (Views: 91.0ms | ActiveRecord: 0.0ms)


Started GET "/users/new" for 127.0.0.1 at 2011-02-11 15:25:10 +0100
  Processing by UsersController#new as HTML
DEPRECATION WARNING: Using form_for(:name, @resource) is deprecated. Please use form_for(@resource, :as => :name) instead. (called from _app_views_users_new_html_erb___580325660_34032888__234823774 at C:/Users/Marvin/My Documents/Aptana Studio 3 Workspace/Encuesta-Projekt/app/views/users/new.html.erb:3)
DEPRECATION WARNING: <% %> style block helpers are deprecated. Please use <%= %>. (called from _app_views_users_new_html_erb___580325660_34032888__234823774 at C:/Users/Marvin/My Documents/Aptana Studio 3 Workspace/Encuesta-Projekt/app/views/users/new.html.erb:3)
Rendered users/new.html.erb within layouts/application (60.0ms)
Completed 200 OK in 90ms (Views: 90.0ms | ActiveRecord: 0.0ms)


Started POST "/users" for 127.0.0.1 at 2011-02-11 15:25:25 +0100
  Processing by UsersController#create as HTML
  Parameters: {"utf8"=>"‚úì", "authenticity_token"=>"W7CXoHGEk27v0VoBS9QuGp2FqgpiIfNcuchJMa8sO5I=", "user"=>{"name"=>"Friedemann", "vorname"=>"Marvin", "login"=>"VanZan", "passwort"=>"helloagain", "email"=>"marvin.friedemann@ewetel.net"}, "commit"=>"Create"}
Completed   in 36ms

ActiveRecord::UnknownAttributeError (unknown attribute: utf8):
  app/controllers/users_controller.rb:11:in `new'
  app/controllers/users_controller.rb:11:in `create'

Rendered d:/Ruby192/lib/ruby/gems/1.9.1/gems/actionpack-3.0.3/lib/action_dispatch/middleware/templates/rescues/_trace.erb (3.0ms)
Rendered d:/Ruby192/lib/ruby/gems/1.9.1/gems/actionpack-3.0.3/lib/action_dispatch/middleware/templates/rescues/_request_and_response.erb (7.0ms)
Rendered d:/Ruby192/lib/ruby/gems/1.9.1/gems/actionpack-3.0.3/lib/action_dispatch/middleware/templates/rescues/diagnostics.erb within rescues/layout (26.0ms)


Started POST "/users" for 127.0.0.1 at 2011-02-11 15:26:32 +0100
  Processing by UsersController#create as HTML
  Parameters: {"utf8"=>"‚úì", "authenticity_token"=>"W7CXoHGEk27v0VoBS9QuGp2FqgpiIfNcuchJMa8sO5I=", "user"=>{"name"=>"Friedemann", "vorname"=>"Marvin", "login"=>"VanZan", "passwort"=>"helloagain", "email"=>"marvin.friedemann@ewetel.net"}, "commit"=>"Create"}
  [1m[36mAREL (5.0ms)[0m  [1mINSERT INTO "users" ("name", "vorname", "login", "passwort", "email", "created_at", "updated_at") VALUES (NULL, NULL, NULL, NULL, NULL, '2011-02-11 14:26:32.811200', '2011-02-11 14:26:32.811200')[0m
Redirected to http://127.0.0.1:3000/users
Completed 302 Found in 63ms


Started GET "/users" for 127.0.0.1 at 2011-02-11 15:26:33 +0100
  Processing by UsersController#index as HTML
Rendered users/index.html.erb within layouts/application (6.0ms)
Completed 200 OK in 50ms (Views: 49.0ms | ActiveRecord: 5.0ms)


Started POST "/users" for 127.0.0.1 at 2011-02-11 15:28:00 +0100
  Processing by UsersController#create as HTML
  Parameters: {"utf8"=>"‚úì", "authenticity_token"=>"W7CXoHGEk27v0VoBS9QuGp2FqgpiIfNcuchJMa8sO5I=", "user"=>{"name"=>"Friedemann", "vorname"=>"Marvin", "login"=>"VanZan", "passwort"=>"helloagain", "email"=>"marvin.friedemann@ewetel.net"}, "commit"=>"Create"}
  [1m[36mSQL (0.0ms)[0m  [1m SELECT name
 FROM sqlite_master
 WHERE type = 'table' AND NOT name = 'sqlite_sequence'
[0m
  [1m[35mAREL (3.0ms)[0m  INSERT INTO "users" ("name", "vorname", "login", "passwort", "email", "created_at", "updated_at") VALUES (NULL, NULL, NULL, NULL, NULL, '2011-02-11 14:28:08.423200', '2011-02-11 14:28:08.423200')
Redirected to http://127.0.0.1:3000/users
Completed 302 Found in 616ms


Started GET "/users" for 127.0.0.1 at 2011-02-11 15:28:09 +0100
  Processing by UsersController#index as HTML
Rendered users/index.html.erb within layouts/application (8.0ms)
Completed 200 OK in 37ms (Views: 37.0ms | ActiveRecord: 3.0ms)


Started POST "/users" for 127.0.0.1 at 2011-02-11 15:29:50 +0100
  Processing by UsersController#create as HTML
  Parameters: {"utf8"=>"‚úì", "authenticity_token"=>"W7CXoHGEk27v0VoBS9QuGp2FqgpiIfNcuchJMa8sO5I=", "user"=>{"name"=>"Friedemann", "vorname"=>"Marvin", "login"=>"VanZan", "passwort"=>"helloagain", "email"=>"marvin.friedemann@ewetel.net"}, "commit"=>"Create"}
  [1m[36mAREL (3.0ms)[0m  [1mINSERT INTO "users" ("name", "vorname", "login", "passwort", "email", "created_at", "updated_at") VALUES ('Friedemann', NULL, NULL, NULL, NULL, '2011-02-11 14:29:50.330200', '2011-02-11 14:29:50.330200')[0m
Redirected to http://127.0.0.1:3000/users
Completed 302 Found in 62ms


Started GET "/users" for 127.0.0.1 at 2011-02-11 15:29:50 +0100
  Processing by UsersController#index as HTML
Rendered users/index.html.erb within layouts/application (6.0ms)
Completed 200 OK in 35ms (Views: 34.0ms | ActiveRecord: 3.0ms)


Started POST "/users" for 127.0.0.1 at 2011-02-11 15:33:33 +0100
  Processing by UsersController#create as HTML
  Parameters: {"utf8"=>"‚úì", "authenticity_token"=>"W7CXoHGEk27v0VoBS9QuGp2FqgpiIfNcuchJMa8sO5I=", "user"=>{"name"=>"Friedemann", "vorname"=>"Marvin", "login"=>"VanZan", "passwort"=>"helloagain", "email"=>"marvin.friedemann@ewetel.net"}, "commit"=>"Create"}
  [1m[35mAREL (2.0ms)[0m  INSERT INTO "users" ("name", "vorname", "login", "passwort", "email", "created_at", "updated_at") VALUES ('Friedemann', 'Marvin', 'VanZan', 'helloagain', 'marvin.friedemann@ewetel.net', '2011-02-11 14:33:33.318200', '2011-02-11 14:33:33.318200')
Redirected to http://127.0.0.1:3000/users
Completed 302 Found in 64ms


Started GET "/users" for 127.0.0.1 at 2011-02-11 15:33:33 +0100
  Processing by UsersController#index as HTML
Rendered users/index.html.erb within layouts/application (5.0ms)
Completed 200 OK in 36ms (Views: 34.0ms | ActiveRecord: 2.0ms)


Started GET "/pages/home" for 127.0.0.1 at 2011-02-12 18:39:38 +0100
  Processing by PagesController#home as HTML
Rendered pages/home.html.erb within layouts/application (0.0ms)
Completed 200 OK in 31ms (Views: 31.2ms | ActiveRecord: 0.0ms)


Started GET "/pages/home" for 127.0.0.1 at 2011-02-12 18:49:20 +0100
  Processing by PagesController#home as HTML
Rendered pages/home.html.erb within layouts/application (0.0ms)
Completed 200 OK in 30ms (Views: 30.0ms | ActiveRecord: 0.0ms)


Started GET "/pages/home" for 127.0.0.1 at 2011-02-12 18:49:41 +0100
  Processing by PagesController#home as HTML
Rendered pages/home.html.erb within layouts/application (10.0ms)
Completed 200 OK in 40ms (Views: 40.0ms | ActiveRecord: 0.0ms)


Started GET "/pages/home" for 127.0.0.1 at 2011-02-12 18:50:58 +0100
  Processing by PagesController#home as HTML
Rendered pages/home.html.erb within layouts/application (0.0ms)
Completed 200 OK in 47ms (Views: 46.8ms | ActiveRecord: 0.0ms)


Started GET "/pages/contact" for 127.0.0.1 at 2011-02-12 18:51:57 +0100
  Processing by PagesController#contact as HTML
Rendered pages/contact.html.erb within layouts/application (0.0ms)
Completed 200 OK in 31ms (Views: 31.2ms | ActiveRecord: 0.0ms)


Started GET "/pages/contact" for 127.0.0.1 at 2011-02-12 18:52:23 +0100
  Processing by PagesController#contact as HTML
Rendered pages/contact.html.erb within layouts/application (15.6ms)
Completed 200 OK in 31ms (Views: 31.2ms | ActiveRecord: 0.0ms)


Started GET "/pages/contact" for 127.0.0.1 at 2011-02-12 18:52:46 +0100
  Processing by PagesController#contact as HTML
Rendered pages/contact.html.erb within layouts/application (0.0ms)
Completed 200 OK in 31ms (Views: 31.2ms | ActiveRecord: 0.0ms)


Started GET "/pages/contact" for 127.0.0.1 at 2011-02-12 18:54:42 +0100
  Processing by PagesController#contact as HTML
Rendered pages/contact.html.erb within layouts/application (0.0ms)
Completed 200 OK in 30ms (Views: 30.0ms | ActiveRecord: 0.0ms)


Started GET "/pages/home" for 127.0.0.1 at 2011-02-12 18:54:49 +0100
  Processing by PagesController#home as HTML
Rendered pages/home.html.erb within layouts/application (0.0ms)
Completed 200 OK in 31ms (Views: 31.2ms | ActiveRecord: 0.0ms)


Started GET "/pages/home" for 127.0.0.1 at 2011-02-12 20:07:52 +0100
  Processing by PagesController#home as HTML
ERROR: compiling _app_views_layouts_application_html_erb___641677086_33978516__132438065 RAISED C:/Users/Marvin/My Documents/Aptana Studio 3 Workspace/Encuesta-Projekt/app/views/layouts/application.html.erb:10: syntax error, unexpected ')', expecting keyword_then or ';' or '\n'
...er.append= ( if flash[:notice]);@output_buffer.safe_concat('
...                               ^
C:/Users/Marvin/My Documents/Aptana Studio 3 Workspace/Encuesta-Projekt/app/views/layouts/application.html.erb:12: syntax error, unexpected keyword_end
  	');@output_buffer.append= ( end);@output_buffer.safe_concat('
  	                               ^
C:/Users/Marvin/My Documents/Aptana Studio 3 Workspace/Encuesta-Projekt/app/views/layouts/application.html.erb:18: syntax error, unexpected keyword_ensure, expecting ')'
C:/Users/Marvin/My Documents/Aptana Studio 3 Workspace/Encuesta-Projekt/app/views/layouts/application.html.erb:20: syntax error, unexpected keyword_end, expecting ')'
Function body:           def _app_views_layouts_application_html_erb___641677086_33978516__132438065(local_assigns)
            _old_virtual_path, @_virtual_path = @_virtual_path, "layouts/application";_old_output_buffer = @output_buffer;;@output_buffer = ActionView::OutputBuffer.new;@output_buffer.safe_concat('<!DOCTYPE html>
<html>
  <head>
    <title>Encuesta-Projekt | ');@output_buffer.append= ( @title );@output_buffer.safe_concat('</title>
    ');@output_buffer.append= ( csrf_meta_tag );@output_buffer.safe_concat('
');@output_buffer.safe_concat('  </head>
  <body>
  	<img src="/images/logo.png" />
  	
  	');@output_buffer.append= ( if flash[:notice]);@output_buffer.safe_concat('
');@output_buffer.safe_concat('  	
  	');@output_buffer.append= ( end);@output_buffer.safe_concat('
');@output_buffer.safe_concat('  	
    ');@output_buffer.append= ( yield );@output_buffer.safe_concat('
');@output_buffer.safe_concat('  </body>
</html>
');@output_buffer.to_s
          ensure
            @_virtual_path, @output_buffer = _old_virtual_path, _old_output_buffer
          end
Backtrace: d:/Ruby192/lib/ruby/gems/1.9.1/gems/actionpack-3.0.3/lib/action_view/template.rb:255:in `module_eval'
d:/Ruby192/lib/ruby/gems/1.9.1/gems/actionpack-3.0.3/lib/action_view/template.rb:255:in `compile'
d:/Ruby192/lib/ruby/gems/1.9.1/gems/actionpack-3.0.3/lib/action_view/template.rb:134:in `block in render'
d:/Ruby192/lib/ruby/gems/1.9.1/gems/activesupport-3.0.3/lib/active_support/notifications.rb:54:in `instrument'
d:/Ruby192/lib/ruby/gems/1.9.1/gems/actionpack-3.0.3/lib/action_view/template.rb:127:in `render'
d:/Ruby192/lib/ruby/gems/1.9.1/gems/actionpack-3.0.3/lib/action_view/render/layouts.rb:80:in `_render_layout'
d:/Ruby192/lib/ruby/gems/1.9.1/gems/actionpack-3.0.3/lib/action_view/render/rendering.rb:62:in `block in _render_template'
d:/Ruby192/lib/ruby/gems/1.9.1/gems/activesupport-3.0.3/lib/active_support/notifications.rb:52:in `block in instrument'
d:/Ruby192/lib/ruby/gems/1.9.1/gems/activesupport-3.0.3/lib/active_support/notifications/instrumenter.rb:21:in `instrument'
d:/Ruby192/lib/ruby/gems/1.9.1/gems/activesupport-3.0.3/lib/active_support/notifications.rb:52:in `instrument'
d:/Ruby192/lib/ruby/gems/1.9.1/gems/actionpack-3.0.3/lib/action_view/render/rendering.rb:56:in `_render_template'
d:/Ruby192/lib/ruby/gems/1.9.1/gems/actionpack-3.0.3/lib/action_view/render/rendering.rb:26:in `render'
d:/Ruby192/lib/ruby/gems/1.9.1/gems/actionpack-3.0.3/lib/abstract_controller/rendering.rb:114:in `_render_template'
d:/Ruby192/lib/ruby/gems/1.9.1/gems/actionpack-3.0.3/lib/abstract_controller/rendering.rb:108:in `render_to_body'
d:/Ruby192/lib/ruby/gems/1.9.1/gems/actionpack-3.0.3/lib/action_controller/metal/renderers.rb:47:in `render_to_body'
d:/Ruby192/lib/ruby/gems/1.9.1/gems/actionpack-3.0.3/lib/action_controller/metal/compatibility.rb:55:in `render_to_body'
d:/Ruby192/lib/ruby/gems/1.9.1/gems/actionpack-3.0.3/lib/abstract_controller/rendering.rb:101:in `render_to_string'
d:/Ruby192/lib/ruby/gems/1.9.1/gems/actionpack-3.0.3/lib/abstract_controller/rendering.rb:92:in `render'
d:/Ruby192/lib/ruby/gems/1.9.1/gems/actionpack-3.0.3/lib/action_controller/metal/rendering.rb:17:in `render'
d:/Ruby192/lib/ruby/gems/1.9.1/gems/actionpack-3.0.3/lib/action_controller/metal/instrumentation.rb:40:in `block (2 levels) in render'
d:/Ruby192/lib/ruby/gems/1.9.1/gems/activesupport-3.0.3/lib/active_support/core_ext/benchmark.rb:5:in `block in ms'
d:/Ruby192/lib/ruby/1.9.1/benchmark.rb:309:in `realtime'
d:/Ruby192/lib/ruby/gems/1.9.1/gems/activesupport-3.0.3/lib/active_support/core_ext/benchmark.rb:5:in `ms'
d:/Ruby192/lib/ruby/gems/1.9.1/gems/actionpack-3.0.3/lib/action_controller/metal/instrumentation.rb:40:in `block in render'
d:/Ruby192/lib/ruby/gems/1.9.1/gems/actionpack-3.0.3/lib/action_controller/metal/instrumentation.rb:78:in `cleanup_view_runtime'
d:/Ruby192/lib/ruby/gems/1.9.1/gems/activerecord-3.0.3/lib/active_record/railties/controller_runtime.rb:15:in `cleanup_view_runtime'
d:/Ruby192/lib/ruby/gems/1.9.1/gems/actionpack-3.0.3/lib/action_controller/metal/instrumentation.rb:39:in `render'
d:/Ruby192/lib/ruby/gems/1.9.1/gems/actionpack-3.0.3/lib/action_controller/metal/implicit_render.rb:10:in `default_render'
d:/Ruby192/lib/ruby/gems/1.9.1/gems/actionpack-3.0.3/lib/action_controller/metal/implicit_render.rb:5:in `send_action'
d:/Ruby192/lib/ruby/gems/1.9.1/gems/actionpack-3.0.3/lib/abstract_controller/base.rb:151:in `process_action'
d:/Ruby192/lib/ruby/gems/1.9.1/gems/actionpack-3.0.3/lib/action_controller/metal/rendering.rb:11:in `process_action'
d:/Ruby192/lib/ruby/gems/1.9.1/gems/actionpack-3.0.3/lib/abstract_controller/callbacks.rb:18:in `block in process_action'
d:/Ruby192/lib/ruby/gems/1.9.1/gems/activesupport-3.0.3/lib/active_support/callbacks.rb:435:in `_run__62258711__process_action__497072077__callbacks'
d:/Ruby192/lib/ruby/gems/1.9.1/gems/activesupport-3.0.3/lib/active_support/callbacks.rb:409:in `_run_process_action_callbacks'
d:/Ruby192/lib/ruby/gems/1.9.1/gems/activesupport-3.0.3/lib/active_support/callbacks.rb:93:in `run_callbacks'
d:/Ruby192/lib/ruby/gems/1.9.1/gems/actionpack-3.0.3/lib/abstract_controller/callbacks.rb:17:in `process_action'
d:/Ruby192/lib/ruby/gems/1.9.1/gems/actionpack-3.0.3/lib/action_controller/metal/instrumentation.rb:30:in `block in process_action'
d:/Ruby192/lib/ruby/gems/1.9.1/gems/activesupport-3.0.3/lib/active_support/notifications.rb:52:in `block in instrument'
d:/Ruby192/lib/ruby/gems/1.9.1/gems/activesupport-3.0.3/lib/active_support/notifications/instrumenter.rb:21:in `instrument'
d:/Ruby192/lib/ruby/gems/1.9.1/gems/activesupport-3.0.3/lib/active_support/notifications.rb:52:in `instrument'
d:/Ruby192/lib/ruby/gems/1.9.1/gems/actionpack-3.0.3/lib/action_controller/metal/instrumentation.rb:29:in `process_action'
d:/Ruby192/lib/ruby/gems/1.9.1/gems/actionpack-3.0.3/lib/action_controller/metal/rescue.rb:17:in `process_action'
d:/Ruby192/lib/ruby/gems/1.9.1/gems/actionpack-3.0.3/lib/abstract_controller/base.rb:120:in `process'
d:/Ruby192/lib/ruby/gems/1.9.1/gems/actionpack-3.0.3/lib/abstract_controller/rendering.rb:40:in `process'
d:/Ruby192/lib/ruby/gems/1.9.1/gems/actionpack-3.0.3/lib/action_controller/metal.rb:138:in `dispatch'
d:/Ruby192/lib/ruby/gems/1.9.1/gems/actionpack-3.0.3/lib/action_controller/metal/rack_delegation.rb:14:in `dispatch'
d:/Ruby192/lib/ruby/gems/1.9.1/gems/actionpack-3.0.3/lib/action_controller/metal.rb:178:in `block in action'
d:/Ruby192/lib/ruby/gems/1.9.1/gems/actionpack-3.0.3/lib/action_dispatch/routing/route_set.rb:62:in `call'
d:/Ruby192/lib/ruby/gems/1.9.1/gems/actionpack-3.0.3/lib/action_dispatch/routing/route_set.rb:62:in `dispatch'
d:/Ruby192/lib/ruby/gems/1.9.1/gems/actionpack-3.0.3/lib/action_dispatch/routing/route_set.rb:27:in `call'
d:/Ruby192/lib/ruby/gems/1.9.1/gems/rack-mount-0.6.13/lib/rack/mount/route_set.rb:148:in `block in call'
d:/Ruby192/lib/ruby/gems/1.9.1/gems/rack-mount-0.6.13/lib/rack/mount/code_generation.rb:93:in `block in recognize'
d:/Ruby192/lib/ruby/gems/1.9.1/gems/rack-mount-0.6.13/lib/rack/mount/code_generation.rb:68:in `optimized_each'
d:/Ruby192/lib/ruby/gems/1.9.1/gems/rack-mount-0.6.13/lib/rack/mount/code_generation.rb:92:in `recognize'
d:/Ruby192/lib/ruby/gems/1.9.1/gems/rack-mount-0.6.13/lib/rack/mount/route_set.rb:139:in `call'
d:/Ruby192/lib/ruby/gems/1.9.1/gems/actionpack-3.0.3/lib/action_dispatch/routing/route_set.rb:492:in `call'
d:/Ruby192/lib/ruby/gems/1.9.1/gems/actionpack-3.0.3/lib/action_dispatch/middleware/best_standards_support.rb:17:in `call'
d:/Ruby192/lib/ruby/gems/1.9.1/gems/actionpack-3.0.3/lib/action_dispatch/middleware/head.rb:14:in `call'
d:/Ruby192/lib/ruby/gems/1.9.1/gems/rack-1.2.1/lib/rack/methodoverride.rb:24:in `call'
d:/Ruby192/lib/ruby/gems/1.9.1/gems/actionpack-3.0.3/lib/action_dispatch/middleware/params_parser.rb:21:in `call'
d:/Ruby192/lib/ruby/gems/1.9.1/gems/actionpack-3.0.3/lib/action_dispatch/middleware/flash.rb:182:in `call'
d:/Ruby192/lib/ruby/gems/1.9.1/gems/actionpack-3.0.3/lib/action_dispatch/middleware/session/abstract_store.rb:149:in `call'
d:/Ruby192/lib/ruby/gems/1.9.1/gems/actionpack-3.0.3/lib/action_dispatch/middleware/cookies.rb:295:in `call'
d:/Ruby192/lib/ruby/gems/1.9.1/gems/activerecord-3.0.3/lib/active_record/query_cache.rb:32:in `block in call'
d:/Ruby192/lib/ruby/gems/1.9.1/gems/activerecord-3.0.3/lib/active_record/connection_adapters/abstract/query_cache.rb:28:in `cache'
d:/Ruby192/lib/ruby/gems/1.9.1/gems/activerecord-3.0.3/lib/active_record/query_cache.rb:12:in `cache'
d:/Ruby192/lib/ruby/gems/1.9.1/gems/activerecord-3.0.3/lib/active_record/query_cache.rb:31:in `call'
d:/Ruby192/lib/ruby/gems/1.9.1/gems/activerecord-3.0.3/lib/active_record/connection_adapters/abstract/connection_pool.rb:353:in `call'
d:/Ruby192/lib/ruby/gems/1.9.1/gems/actionpack-3.0.3/lib/action_dispatch/middleware/callbacks.rb:46:in `block in call'
d:/Ruby192/lib/ruby/gems/1.9.1/gems/activesupport-3.0.3/lib/active_support/callbacks.rb:415:in `_run_call_callbacks'
d:/Ruby192/lib/ruby/gems/1.9.1/gems/actionpack-3.0.3/lib/action_dispatch/middleware/callbacks.rb:44:in `call'
d:/Ruby192/lib/ruby/gems/1.9.1/gems/rack-1.2.1/lib/rack/sendfile.rb:107:in `call'
d:/Ruby192/lib/ruby/gems/1.9.1/gems/actionpack-3.0.3/lib/action_dispatch/middleware/remote_ip.rb:48:in `call'
d:/Ruby192/lib/ruby/gems/1.9.1/gems/actionpack-3.0.3/lib/action_dispatch/middleware/show_exceptions.rb:46:in `call'
d:/Ruby192/lib/ruby/gems/1.9.1/gems/railties-3.0.3/lib/rails/rack/logger.rb:13:in `call'
d:/Ruby192/lib/ruby/gems/1.9.1/gems/rack-1.2.1/lib/rack/runtime.rb:17:in `call'
d:/Ruby192/lib/ruby/gems/1.9.1/gems/activesupport-3.0.3/lib/active_support/cache/strategy/local_cache.rb:72:in `call'
d:/Ruby192/lib/ruby/gems/1.9.1/gems/rack-1.2.1/lib/rack/lock.rb:11:in `block in call'
<internal:prelude>:10:in `synchronize'
d:/Ruby192/lib/ruby/gems/1.9.1/gems/rack-1.2.1/lib/rack/lock.rb:11:in `call'
d:/Ruby192/lib/ruby/gems/1.9.1/gems/actionpack-3.0.3/lib/action_dispatch/middleware/static.rb:30:in `call'
d:/Ruby192/lib/ruby/gems/1.9.1/gems/railties-3.0.3/lib/rails/application.rb:168:in `call'
d:/Ruby192/lib/ruby/gems/1.9.1/gems/railties-3.0.3/lib/rails/application.rb:77:in `method_missing'
d:/Ruby192/lib/ruby/gems/1.9.1/gems/railties-3.0.3/lib/rails/rack/log_tailer.rb:14:in `call'
d:/Ruby192/lib/ruby/gems/1.9.1/gems/rack-1.2.1/lib/rack/content_length.rb:13:in `call'
d:/Ruby192/lib/ruby/gems/1.9.1/gems/rack-1.2.1/lib/rack/handler/webrick.rb:52:in `service'
d:/Ruby192/lib/ruby/1.9.1/webrick/httpserver.rb:111:in `service'
d:/Ruby192/lib/ruby/1.9.1/webrick/httpserver.rb:70:in `run'
d:/Ruby192/lib/ruby/1.9.1/webrick/server.rb:183:in `block in start_thread'
Rendered pages/home.html.erb within layouts/application (80.0ms)
Completed   in 110ms

ActionView::Template::Error (C:/Users/Marvin/My Documents/Aptana Studio 3 Workspace/Encuesta-Projekt/app/views/layouts/application.html.erb:10: syntax error, unexpected ')', expecting keyword_then or ';' or '\n'
...er.append= ( if flash[:notice]);@output_buffer.safe_concat('
...                               ^
C:/Users/Marvin/My Documents/Aptana Studio 3 Workspace/Encuesta-Projekt/app/views/layouts/application.html.erb:12: syntax error, unexpected keyword_end
  	');@output_buffer.append= ( end);@output_buffer.safe_concat('
  	                               ^
C:/Users/Marvin/My Documents/Aptana Studio 3 Workspace/Encuesta-Projekt/app/views/layouts/application.html.erb:18: syntax error, unexpected keyword_ensure, expecting ')'
C:/Users/Marvin/My Documents/Aptana Studio 3 Workspace/Encuesta-Projekt/app/views/layouts/application.html.erb:20: syntax error, unexpected keyword_end, expecting ')'):
    7:   <body>
    8:   	<img src="/images/logo.png" />
    9:   	
    10:   	<%= if flash[:notice]%>
    11:   	
    12:   	<%= end%>
    13:   	
  

Rendered d:/Ruby192/lib/ruby/gems/1.9.1/gems/actionpack-3.0.3/lib/action_dispatch/middleware/templates/rescues/_trace.erb (0.0ms)
Rendered d:/Ruby192/lib/ruby/gems/1.9.1/gems/actionpack-3.0.3/lib/action_dispatch/middleware/templates/rescues/_request_and_response.erb (10.0ms)
Rendered d:/Ruby192/lib/ruby/gems/1.9.1/gems/actionpack-3.0.3/lib/action_dispatch/middleware/templates/rescues/template_error.erb within rescues/layout (40.0ms)


Started GET "/pages/home" for 127.0.0.1 at 2011-02-12 20:11:35 +0100
  Processing by PagesController#home as HTML
ERROR: compiling _app_views_layouts_application_html_erb___641677086_33967872__132438065 RAISED C:/Users/Marvin/My Documents/Aptana Studio 3 Workspace/Encuesta-Projekt/app/views/layouts/application.html.erb:11: syntax error, unexpected ')', expecting keyword_then or ';' or '\n'
...er.append= ( if flash[:notice]);@output_buffer.safe_concat('
...                               ^
C:/Users/Marvin/My Documents/Aptana Studio 3 Workspace/Encuesta-Projekt/app/views/layouts/application.html.erb:13: syntax error, unexpected keyword_end
  	');@output_buffer.append= ( end);@output_buffer.safe_concat('
  	                               ^
C:/Users/Marvin/My Documents/Aptana Studio 3 Workspace/Encuesta-Projekt/app/views/layouts/application.html.erb:35: syntax error, unexpected keyword_ensure, expecting ')'
C:/Users/Marvin/My Documents/Aptana Studio 3 Workspace/Encuesta-Projekt/app/views/layouts/application.html.erb:37: syntax error, unexpected keyword_end, expecting ')'
Function body:           def _app_views_layouts_application_html_erb___641677086_33967872__132438065(local_assigns)
            _old_virtual_path, @_virtual_path = @_virtual_path, "layouts/application";_old_output_buffer = @output_buffer;;@output_buffer = ActionView::OutputBuffer.new;@output_buffer.safe_concat('<!DOCTYPE html>
<html>
  <head>
    <title>Encuesta-Projekt | ');@output_buffer.append= ( @title );@output_buffer.safe_concat('</title>
    ');@output_buffer.append= ( csrf_meta_tag );@output_buffer.safe_concat('
');@output_buffer.safe_concat('  </head>
  <body>
  	
  	<img src="/images/logo.png" />
  	
  	');@output_buffer.append= ( if flash[:notice]);@output_buffer.safe_concat('
');@output_buffer.safe_concat('  	
  	');@output_buffer.append= ( end);@output_buffer.safe_concat('
');@output_buffer.safe_concat('  	
    ');@output_buffer.append= ( yield );@output_buffer.safe_concat('
');@output_buffer.safe_concat('    <div class="container">
      <header>
        ');@output_buffer.append= ( image_tag("logo.png", :alt => "Sample App", :class => "round") );@output_buffer.safe_concat('
');@output_buffer.safe_concat('        <nav class="round">
          <ul>
            <li>');@output_buffer.append= ( link_to "Home", '#' );@output_buffer.safe_concat('</li>
            <li>');@output_buffer.append= ( link_to "Help", '#' );@output_buffer.safe_concat('</li>
            <li>');@output_buffer.append= ( link_to "Sign in", '#' );@output_buffer.safe_concat('</li>
          </ul>
        </nav>
      </header>
      <section class="round">
        ');@output_buffer.append= ( yield );@output_buffer.safe_concat('
');@output_buffer.safe_concat('      </section>
    </div>
  </body>

</html>
');@output_buffer.to_s
          ensure
            @_virtual_path, @output_buffer = _old_virtual_path, _old_output_buffer
          end
Backtrace: d:/Ruby192/lib/ruby/gems/1.9.1/gems/actionpack-3.0.3/lib/action_view/template.rb:255:in `module_eval'
d:/Ruby192/lib/ruby/gems/1.9.1/gems/actionpack-3.0.3/lib/action_view/template.rb:255:in `compile'
d:/Ruby192/lib/ruby/gems/1.9.1/gems/actionpack-3.0.3/lib/action_view/template.rb:134:in `block in render'
d:/Ruby192/lib/ruby/gems/1.9.1/gems/activesupport-3.0.3/lib/active_support/notifications.rb:54:in `instrument'
d:/Ruby192/lib/ruby/gems/1.9.1/gems/actionpack-3.0.3/lib/action_view/template.rb:127:in `render'
d:/Ruby192/lib/ruby/gems/1.9.1/gems/actionpack-3.0.3/lib/action_view/render/layouts.rb:80:in `_render_layout'
d:/Ruby192/lib/ruby/gems/1.9.1/gems/actionpack-3.0.3/lib/action_view/render/rendering.rb:62:in `block in _render_template'
d:/Ruby192/lib/ruby/gems/1.9.1/gems/activesupport-3.0.3/lib/active_support/notifications.rb:52:in `block in instrument'
d:/Ruby192/lib/ruby/gems/1.9.1/gems/activesupport-3.0.3/lib/active_support/notifications/instrumenter.rb:21:in `instrument'
d:/Ruby192/lib/ruby/gems/1.9.1/gems/activesupport-3.0.3/lib/active_support/notifications.rb:52:in `instrument'
d:/Ruby192/lib/ruby/gems/1.9.1/gems/actionpack-3.0.3/lib/action_view/render/rendering.rb:56:in `_render_template'
d:/Ruby192/lib/ruby/gems/1.9.1/gems/actionpack-3.0.3/lib/action_view/render/rendering.rb:26:in `render'
d:/Ruby192/lib/ruby/gems/1.9.1/gems/actionpack-3.0.3/lib/abstract_controller/rendering.rb:114:in `_render_template'
d:/Ruby192/lib/ruby/gems/1.9.1/gems/actionpack-3.0.3/lib/abstract_controller/rendering.rb:108:in `render_to_body'
d:/Ruby192/lib/ruby/gems/1.9.1/gems/actionpack-3.0.3/lib/action_controller/metal/renderers.rb:47:in `render_to_body'
d:/Ruby192/lib/ruby/gems/1.9.1/gems/actionpack-3.0.3/lib/action_controller/metal/compatibility.rb:55:in `render_to_body'
d:/Ruby192/lib/ruby/gems/1.9.1/gems/actionpack-3.0.3/lib/abstract_controller/rendering.rb:101:in `render_to_string'
d:/Ruby192/lib/ruby/gems/1.9.1/gems/actionpack-3.0.3/lib/abstract_controller/rendering.rb:92:in `render'
d:/Ruby192/lib/ruby/gems/1.9.1/gems/actionpack-3.0.3/lib/action_controller/metal/rendering.rb:17:in `render'
d:/Ruby192/lib/ruby/gems/1.9.1/gems/actionpack-3.0.3/lib/action_controller/metal/instrumentation.rb:40:in `block (2 levels) in render'
d:/Ruby192/lib/ruby/gems/1.9.1/gems/activesupport-3.0.3/lib/active_support/core_ext/benchmark.rb:5:in `block in ms'
d:/Ruby192/lib/ruby/1.9.1/benchmark.rb:309:in `realtime'
d:/Ruby192/lib/ruby/gems/1.9.1/gems/activesupport-3.0.3/lib/active_support/core_ext/benchmark.rb:5:in `ms'
d:/Ruby192/lib/ruby/gems/1.9.1/gems/actionpack-3.0.3/lib/action_controller/metal/instrumentation.rb:40:in `block in render'
d:/Ruby192/lib/ruby/gems/1.9.1/gems/actionpack-3.0.3/lib/action_controller/metal/instrumentation.rb:78:in `cleanup_view_runtime'
d:/Ruby192/lib/ruby/gems/1.9.1/gems/activerecord-3.0.3/lib/active_record/railties/controller_runtime.rb:15:in `cleanup_view_runtime'
d:/Ruby192/lib/ruby/gems/1.9.1/gems/actionpack-3.0.3/lib/action_controller/metal/instrumentation.rb:39:in `render'
d:/Ruby192/lib/ruby/gems/1.9.1/gems/actionpack-3.0.3/lib/action_controller/metal/implicit_render.rb:10:in `default_render'
d:/Ruby192/lib/ruby/gems/1.9.1/gems/actionpack-3.0.3/lib/action_controller/metal/implicit_render.rb:5:in `send_action'
d:/Ruby192/lib/ruby/gems/1.9.1/gems/actionpack-3.0.3/lib/abstract_controller/base.rb:151:in `process_action'
d:/Ruby192/lib/ruby/gems/1.9.1/gems/actionpack-3.0.3/lib/action_controller/metal/rendering.rb:11:in `process_action'
d:/Ruby192/lib/ruby/gems/1.9.1/gems/actionpack-3.0.3/lib/abstract_controller/callbacks.rb:18:in `block in process_action'
d:/Ruby192/lib/ruby/gems/1.9.1/gems/activesupport-3.0.3/lib/active_support/callbacks.rb:435:in `_run__62258711__process_action__497072077__callbacks'
d:/Ruby192/lib/ruby/gems/1.9.1/gems/activesupport-3.0.3/lib/active_support/callbacks.rb:409:in `_run_process_action_callbacks'
d:/Ruby192/lib/ruby/gems/1.9.1/gems/activesupport-3.0.3/lib/active_support/callbacks.rb:93:in `run_callbacks'
d:/Ruby192/lib/ruby/gems/1.9.1/gems/actionpack-3.0.3/lib/abstract_controller/callbacks.rb:17:in `process_action'
d:/Ruby192/lib/ruby/gems/1.9.1/gems/actionpack-3.0.3/lib/action_controller/metal/instrumentation.rb:30:in `block in process_action'
d:/Ruby192/lib/ruby/gems/1.9.1/gems/activesupport-3.0.3/lib/active_support/notifications.rb:52:in `block in instrument'
d:/Ruby192/lib/ruby/gems/1.9.1/gems/activesupport-3.0.3/lib/active_support/notifications/instrumenter.rb:21:in `instrument'
d:/Ruby192/lib/ruby/gems/1.9.1/gems/activesupport-3.0.3/lib/active_support/notifications.rb:52:in `instrument'
d:/Ruby192/lib/ruby/gems/1.9.1/gems/actionpack-3.0.3/lib/action_controller/metal/instrumentation.rb:29:in `process_action'
d:/Ruby192/lib/ruby/gems/1.9.1/gems/actionpack-3.0.3/lib/action_controller/metal/rescue.rb:17:in `process_action'
d:/Ruby192/lib/ruby/gems/1.9.1/gems/actionpack-3.0.3/lib/abstract_controller/base.rb:120:in `process'
d:/Ruby192/lib/ruby/gems/1.9.1/gems/actionpack-3.0.3/lib/abstract_controller/rendering.rb:40:in `process'
d:/Ruby192/lib/ruby/gems/1.9.1/gems/actionpack-3.0.3/lib/action_controller/metal.rb:138:in `dispatch'
d:/Ruby192/lib/ruby/gems/1.9.1/gems/actionpack-3.0.3/lib/action_controller/metal/rack_delegation.rb:14:in `dispatch'
d:/Ruby192/lib/ruby/gems/1.9.1/gems/actionpack-3.0.3/lib/action_controller/metal.rb:178:in `block in action'
d:/Ruby192/lib/ruby/gems/1.9.1/gems/actionpack-3.0.3/lib/action_dispatch/routing/route_set.rb:62:in `call'
d:/Ruby192/lib/ruby/gems/1.9.1/gems/actionpack-3.0.3/lib/action_dispatch/routing/route_set.rb:62:in `dispatch'
d:/Ruby192/lib/ruby/gems/1.9.1/gems/actionpack-3.0.3/lib/action_dispatch/routing/route_set.rb:27:in `call'
d:/Ruby192/lib/ruby/gems/1.9.1/gems/rack-mount-0.6.13/lib/rack/mount/route_set.rb:148:in `block in call'
d:/Ruby192/lib/ruby/gems/1.9.1/gems/rack-mount-0.6.13/lib/rack/mount/code_generation.rb:93:in `block in recognize'
d:/Ruby192/lib/ruby/gems/1.9.1/gems/rack-mount-0.6.13/lib/rack/mount/code_generation.rb:68:in `optimized_each'
d:/Ruby192/lib/ruby/gems/1.9.1/gems/rack-mount-0.6.13/lib/rack/mount/code_generation.rb:92:in `recognize'
d:/Ruby192/lib/ruby/gems/1.9.1/gems/rack-mount-0.6.13/lib/rack/mount/route_set.rb:139:in `call'
d:/Ruby192/lib/ruby/gems/1.9.1/gems/actionpack-3.0.3/lib/action_dispatch/routing/route_set.rb:492:in `call'
d:/Ruby192/lib/ruby/gems/1.9.1/gems/actionpack-3.0.3/lib/action_dispatch/middleware/best_standards_support.rb:17:in `call'
d:/Ruby192/lib/ruby/gems/1.9.1/gems/actionpack-3.0.3/lib/action_dispatch/middleware/head.rb:14:in `call'
d:/Ruby192/lib/ruby/gems/1.9.1/gems/rack-1.2.1/lib/rack/methodoverride.rb:24:in `call'
d:/Ruby192/lib/ruby/gems/1.9.1/gems/actionpack-3.0.3/lib/action_dispatch/middleware/params_parser.rb:21:in `call'
d:/Ruby192/lib/ruby/gems/1.9.1/gems/actionpack-3.0.3/lib/action_dispatch/middleware/flash.rb:182:in `call'
d:/Ruby192/lib/ruby/gems/1.9.1/gems/actionpack-3.0.3/lib/action_dispatch/middleware/session/abstract_store.rb:149:in `call'
d:/Ruby192/lib/ruby/gems/1.9.1/gems/actionpack-3.0.3/lib/action_dispatch/middleware/cookies.rb:295:in `call'
d:/Ruby192/lib/ruby/gems/1.9.1/gems/activerecord-3.0.3/lib/active_record/query_cache.rb:32:in `block in call'
d:/Ruby192/lib/ruby/gems/1.9.1/gems/activerecord-3.0.3/lib/active_record/connection_adapters/abstract/query_cache.rb:28:in `cache'
d:/Ruby192/lib/ruby/gems/1.9.1/gems/activerecord-3.0.3/lib/active_record/query_cache.rb:12:in `cache'
d:/Ruby192/lib/ruby/gems/1.9.1/gems/activerecord-3.0.3/lib/active_record/query_cache.rb:31:in `call'
d:/Ruby192/lib/ruby/gems/1.9.1/gems/activerecord-3.0.3/lib/active_record/connection_adapters/abstract/connection_pool.rb:353:in `call'
d:/Ruby192/lib/ruby/gems/1.9.1/gems/actionpack-3.0.3/lib/action_dispatch/middleware/callbacks.rb:46:in `block in call'
d:/Ruby192/lib/ruby/gems/1.9.1/gems/activesupport-3.0.3/lib/active_support/callbacks.rb:415:in `_run_call_callbacks'
d:/Ruby192/lib/ruby/gems/1.9.1/gems/actionpack-3.0.3/lib/action_dispatch/middleware/callbacks.rb:44:in `call'
d:/Ruby192/lib/ruby/gems/1.9.1/gems/rack-1.2.1/lib/rack/sendfile.rb:107:in `call'
d:/Ruby192/lib/ruby/gems/1.9.1/gems/actionpack-3.0.3/lib/action_dispatch/middleware/remote_ip.rb:48:in `call'
d:/Ruby192/lib/ruby/gems/1.9.1/gems/actionpack-3.0.3/lib/action_dispatch/middleware/show_exceptions.rb:46:in `call'
d:/Ruby192/lib/ruby/gems/1.9.1/gems/railties-3.0.3/lib/rails/rack/logger.rb:13:in `call'
d:/Ruby192/lib/ruby/gems/1.9.1/gems/rack-1.2.1/lib/rack/runtime.rb:17:in `call'
d:/Ruby192/lib/ruby/gems/1.9.1/gems/activesupport-3.0.3/lib/active_support/cache/strategy/local_cache.rb:72:in `call'
d:/Ruby192/lib/ruby/gems/1.9.1/gems/rack-1.2.1/lib/rack/lock.rb:11:in `block in call'
<internal:prelude>:10:in `synchronize'
d:/Ruby192/lib/ruby/gems/1.9.1/gems/rack-1.2.1/lib/rack/lock.rb:11:in `call'
d:/Ruby192/lib/ruby/gems/1.9.1/gems/actionpack-3.0.3/lib/action_dispatch/middleware/static.rb:30:in `call'
d:/Ruby192/lib/ruby/gems/1.9.1/gems/railties-3.0.3/lib/rails/application.rb:168:in `call'
d:/Ruby192/lib/ruby/gems/1.9.1/gems/railties-3.0.3/lib/rails/application.rb:77:in `method_missing'
d:/Ruby192/lib/ruby/gems/1.9.1/gems/railties-3.0.3/lib/rails/rack/log_tailer.rb:14:in `call'
d:/Ruby192/lib/ruby/gems/1.9.1/gems/rack-1.2.1/lib/rack/content_length.rb:13:in `call'
d:/Ruby192/lib/ruby/gems/1.9.1/gems/rack-1.2.1/lib/rack/handler/webrick.rb:52:in `service'
d:/Ruby192/lib/ruby/1.9.1/webrick/httpserver.rb:111:in `service'
d:/Ruby192/lib/ruby/1.9.1/webrick/httpserver.rb:70:in `run'
d:/Ruby192/lib/ruby/1.9.1/webrick/server.rb:183:in `block in start_thread'
Rendered pages/home.html.erb within layouts/application (0.0ms)
Completed   in 31ms

ActionView::Template::Error (C:/Users/Marvin/My Documents/Aptana Studio 3 Workspace/Encuesta-Projekt/app/views/layouts/application.html.erb:11: syntax error, unexpected ')', expecting keyword_then or ';' or '\n'
...er.append= ( if flash[:notice]);@output_buffer.safe_concat('
...                               ^
C:/Users/Marvin/My Documents/Aptana Studio 3 Workspace/Encuesta-Projekt/app/views/layouts/application.html.erb:13: syntax error, unexpected keyword_end
  	');@output_buffer.append= ( end);@output_buffer.safe_concat('
  	                               ^
C:/Users/Marvin/My Documents/Aptana Studio 3 Workspace/Encuesta-Projekt/app/views/layouts/application.html.erb:35: syntax error, unexpected keyword_ensure, expecting ')'
C:/Users/Marvin/My Documents/Aptana Studio 3 Workspace/Encuesta-Projekt/app/views/layouts/application.html.erb:37: syntax error, unexpected keyword_end, expecting ')'):
    8:   	
    9:   	<img src="/images/logo.png" />
    10:   	
    11:   	<%= if flash[:notice]%>
    12:   	
    13:   	<%= end%>
    14:   	
  

Rendered d:/Ruby192/lib/ruby/gems/1.9.1/gems/actionpack-3.0.3/lib/action_dispatch/middleware/templates/rescues/_trace.erb (0.0ms)
Rendered d:/Ruby192/lib/ruby/gems/1.9.1/gems/actionpack-3.0.3/lib/action_dispatch/middleware/templates/rescues/_request_and_response.erb (15.6ms)
Rendered d:/Ruby192/lib/ruby/gems/1.9.1/gems/actionpack-3.0.3/lib/action_dispatch/middleware/templates/rescues/template_error.erb within rescues/layout (31.2ms)


Started GET "/pages/home" for 127.0.0.1 at 2011-02-12 20:12:11 +0100
  Processing by PagesController#home as HTML
Rendered pages/home.html.erb within layouts/application (0.0ms)
Completed 200 OK in 31ms (Views: 31.2ms | ActiveRecord: 0.0ms)


Started GET "/pages/home" for 127.0.0.1 at 2011-02-12 20:12:24 +0100
  Processing by PagesController#home as HTML
Rendered pages/home.html.erb within layouts/application (0.0ms)
Completed 200 OK in 31ms (Views: 31.2ms | ActiveRecord: 0.0ms)


Started GET "/pages/home" for 127.0.0.1 at 2011-02-12 20:14:07 +0100
  Processing by PagesController#home as HTML
Rendered pages/home.html.erb within layouts/application (0.0ms)
Completed 200 OK in 31ms (Views: 31.2ms | ActiveRecord: 0.0ms)


Started GET "/pages/home" for 127.0.0.1 at 2011-02-12 20:18:36 +0100
  Processing by PagesController#home as HTML
Rendered pages/home.html.erb within layouts/application (0.0ms)
Completed 200 OK in 30ms (Views: 30.0ms | ActiveRecord: 0.0ms)


Started GET "/pages/home" for 127.0.0.1 at 2011-02-12 20:22:12 +0100
  Processing by PagesController#home as HTML
Rendered pages/home.html.erb within layouts/application (20.0ms)
Completed   in 50ms

ActionView::Template::Error (undefined local variable or method `title' for #<#<Class:0x40199b8>:0x4017e70>):
    3:   <!DOCTYPE html>
    4: <html>
    5:   <head>
    6:     <title><%= title %></title>
    7:     <%= csrf_meta_tag %>
    8:     <!--[if lt IE 9]>
    9:     <script src="http://html5shiv.googlecode.com/svn/trunk/html5.js"></script>
  app/views/layouts/application.html.erb:6:in `_app_views_layouts_application_html_erb___641677086_33581712__132438065'

Rendered d:/Ruby192/lib/ruby/gems/1.9.1/gems/actionpack-3.0.3/lib/action_dispatch/middleware/templates/rescues/_trace.erb (10.0ms)
Rendered d:/Ruby192/lib/ruby/gems/1.9.1/gems/actionpack-3.0.3/lib/action_dispatch/middleware/templates/rescues/_request_and_response.erb (10.0ms)
Rendered d:/Ruby192/lib/ruby/gems/1.9.1/gems/actionpack-3.0.3/lib/action_dispatch/middleware/templates/rescues/template_error.erb within rescues/layout (20.0ms)


Started GET "/pages/home" for 127.0.0.1 at 2011-02-12 20:22:14 +0100
  Processing by PagesController#home as HTML
Rendered pages/home.html.erb within layouts/application (0.0ms)
Completed   in 31ms

ActionView::Template::Error (undefined local variable or method `title' for #<#<Class:0x4227990>:0x421e588>):
    3:   <!DOCTYPE html>
    4: <html>
    5:   <head>
    6:     <title><%= title %></title>
    7:     <%= csrf_meta_tag %>
    8:     <!--[if lt IE 9]>
    9:     <script src="http://html5shiv.googlecode.com/svn/trunk/html5.js"></script>
  app/views/layouts/application.html.erb:6:in `_app_views_layouts_application_html_erb___641677086_34661988__132438065'

Rendered d:/Ruby192/lib/ruby/gems/1.9.1/gems/actionpack-3.0.3/lib/action_dispatch/middleware/templates/rescues/_trace.erb (0.0ms)
Rendered d:/Ruby192/lib/ruby/gems/1.9.1/gems/actionpack-3.0.3/lib/action_dispatch/middleware/templates/rescues/_request_and_response.erb (0.0ms)
Rendered d:/Ruby192/lib/ruby/gems/1.9.1/gems/actionpack-3.0.3/lib/action_dispatch/middleware/templates/rescues/template_error.erb within rescues/layout (15.6ms)


Started GET "/pages/home" for 127.0.0.1 at 2011-02-12 20:22:38 +0100
  Processing by PagesController#home as HTML
Rendered pages/home.html.erb within layouts/application (15.6ms)
Completed 200 OK in 31ms (Views: 31.2ms | ActiveRecord: 0.0ms)


Started GET "/stylesheets/blueprint/screen.css" for 127.0.0.1 at 2011-02-12 20:22:39 +0100

ActionController::RoutingError (No route matches "/stylesheets/blueprint/screen.css"):
  

Rendered d:/Ruby192/lib/ruby/gems/1.9.1/gems/actionpack-3.0.3/lib/action_dispatch/middleware/templates/rescues/routing_error.erb within rescues/layout (0.0ms)


Started GET "/stylesheets/custom.css" for 127.0.0.1 at 2011-02-12 20:22:39 +0100

ActionController::RoutingError (No route matches "/stylesheets/custom.css"):
  

Rendered d:/Ruby192/lib/ruby/gems/1.9.1/gems/actionpack-3.0.3/lib/action_dispatch/middleware/templates/rescues/routing_error.erb within rescues/layout (0.0ms)


Started GET "/stylesheets/blueprint/print.css" for 127.0.0.1 at 2011-02-12 20:22:39 +0100


Started GET "/pages/home" for 127.0.0.1 at 2011-02-12 20:23:49 +0100
  Processing by PagesController#home as HTML
Rendered pages/home.html.erb within layouts/application (0.0ms)
Completed 200 OK in 31ms (Views: 31.2ms | ActiveRecord: 0.0ms)


Started GET "/stylesheets/blueprint/screen.css" for 127.0.0.1 at 2011-02-12 20:23:55 +0100

ActionController::RoutingError (No route matches "/stylesheets/blueprint/screen.css"):
  

Rendered d:/Ruby192/lib/ruby/gems/1.9.1/gems/actionpack-3.0.3/lib/action_dispatch/middleware/templates/rescues/routing_error.erb within rescues/layout (0.0ms)


Started GET "/stylesheets/blueprint/print.css" for 127.0.0.1 at 2011-02-12 20:23:55 +0100

ActionController::RoutingError (No route matches "/stylesheets/blueprint/print.css"):
  

Rendered d:/Ruby192/lib/ruby/gems/1.9.1/gems/actionpack-3.0.3/lib/action_dispatch/middleware/templates/rescues/routing_error.erb within rescues/layout (0.0ms)


Started GET "/stylesheets/custom.css" for 127.0.0.1 at 2011-02-12 20:23:55 +0100

ActionController::RoutingError (No route matches "/stylesheets/custom.css"):
  

Rendered d:/Ruby192/lib/ruby/gems/1.9.1/gems/actionpack-3.0.3/lib/action_dispatch/middleware/templates/rescues/routing_error.erb within rescues/layout (0.0ms)


Started GET "/pages/home" for 127.0.0.1 at 2011-02-12 20:25:15 +0100
  Processing by PagesController#home as HTML
Rendered pages/home.html.erb within layouts/application (15.6ms)
Completed 200 OK in 31ms (Views: 31.2ms | ActiveRecord: 0.0ms)


Started GET "/stylesheets/blueprint/screen.css" for 127.0.0.1 at 2011-02-12 20:25:15 +0100

ActionController::RoutingError (No route matches "/stylesheets/blueprint/screen.css"):
  

Rendered d:/Ruby192/lib/ruby/gems/1.9.1/gems/actionpack-3.0.3/lib/action_dispatch/middleware/templates/rescues/routing_error.erb within rescues/layout (0.0ms)


Started GET "/stylesheets/blueprint/print.css" for 127.0.0.1 at 2011-02-12 20:25:15 +0100

ActionController::RoutingError (No route matches "/stylesheets/blueprint/print.css"):
  

Rendered d:/Ruby192/lib/ruby/gems/1.9.1/gems/actionpack-3.0.3/lib/action_dispatch/middleware/templates/rescues/routing_error.erb within rescues/layout (0.0ms)


Started GET "/pages/home" for 127.0.0.1 at 2011-02-12 20:28:20 +0100
  Processing by PagesController#home as HTML
Rendered pages/home.html.erb within layouts/application (0.0ms)
Completed 200 OK in 30ms (Views: 30.0ms | ActiveRecord: 0.0ms)


Started GET "/stylesheets/blueprint/screen.css" for 127.0.0.1 at 2011-02-12 20:28:21 +0100

ActionController::RoutingError (No route matches "/stylesheets/blueprint/screen.css"):
  

Rendered d:/Ruby192/lib/ruby/gems/1.9.1/gems/actionpack-3.0.3/lib/action_dispatch/middleware/templates/rescues/routing_error.erb within rescues/layout (0.0ms)


Started GET "/stylesheets/blueprint/print.css" for 127.0.0.1 at 2011-02-12 20:28:21 +0100

ActionController::RoutingError (No route matches "/stylesheets/blueprint/print.css"):
  

Rendered d:/Ruby192/lib/ruby/gems/1.9.1/gems/actionpack-3.0.3/lib/action_dispatch/middleware/templates/rescues/routing_error.erb within rescues/layout (0.0ms)


Started GET "/pages/home" for 127.0.0.1 at 2011-02-12 20:29:13 +0100
  Processing by PagesController#home as HTML
Rendered pages/home.html.erb within layouts/application (0.0ms)
Completed 200 OK in 31ms (Views: 31.2ms | ActiveRecord: 0.0ms)


Started GET "/stylesheets/blueprint/screen.css" for 127.0.0.1 at 2011-02-12 20:29:14 +0100

ActionController::RoutingError (No route matches "/stylesheets/blueprint/screen.css"):
  

Rendered d:/Ruby192/lib/ruby/gems/1.9.1/gems/actionpack-3.0.3/lib/action_dispatch/middleware/templates/rescues/routing_error.erb within rescues/layout (0.0ms)


Started GET "/stylesheets/blueprint/print.css" for 127.0.0.1 at 2011-02-12 20:29:14 +0100

ActionController::RoutingError (No route matches "/stylesheets/blueprint/print.css"):
  

Rendered d:/Ruby192/lib/ruby/gems/1.9.1/gems/actionpack-3.0.3/lib/action_dispatch/middleware/templates/rescues/routing_error.erb within rescues/layout (0.0ms)


Started GET "/pages/home" for 127.0.0.1 at 2011-02-12 20:29:32 +0100
  Processing by PagesController#home as HTML
Rendered pages/home.html.erb within layouts/application (0.0ms)
Completed 200 OK in 40ms (Views: 40.0ms | ActiveRecord: 0.0ms)


Started GET "/stylesheets/blueprint/print.css" for 127.0.0.1 at 2011-02-12 20:29:33 +0100

ActionController::RoutingError (No route matches "/stylesheets/blueprint/print.css"):
  

Rendered d:/Ruby192/lib/ruby/gems/1.9.1/gems/actionpack-3.0.3/lib/action_dispatch/middleware/templates/rescues/routing_error.erb within rescues/layout (0.0ms)


Started GET "/stylesheets/blueprint/screen.css" for 127.0.0.1 at 2011-02-12 20:29:33 +0100

ActionController::RoutingError (No route matches "/stylesheets/blueprint/screen.css"):
  

Rendered d:/Ruby192/lib/ruby/gems/1.9.1/gems/actionpack-3.0.3/lib/action_dispatch/middleware/templates/rescues/routing_error.erb within rescues/layout (15.6ms)


Started GET "/pages/home" for 127.0.0.1 at 2011-02-12 20:32:19 +0100
  Processing by PagesController#home as HTML
Rendered pages/home.html.erb within layouts/application (0.0ms)
Completed 200 OK in 30ms (Views: 30.0ms | ActiveRecord: 0.0ms)


Started GET "/stylesheets/blueprint/screen.css" for 127.0.0.1 at 2011-02-12 20:32:19 +0100

ActionController::RoutingError (No route matches "/stylesheets/blueprint/screen.css"):
  

Rendered d:/Ruby192/lib/ruby/gems/1.9.1/gems/actionpack-3.0.3/lib/action_dispatch/middleware/templates/rescues/routing_error.erb within rescues/layout (2.0ms)


Started GET "/stylesheets/blueprint/print.css" for 127.0.0.1 at 2011-02-12 20:32:20 +0100

ActionController::RoutingError (No route matches "/stylesheets/blueprint/print.css"):
  

Rendered d:/Ruby192/lib/ruby/gems/1.9.1/gems/actionpack-3.0.3/lib/action_dispatch/middleware/templates/rescues/routing_error.erb within rescues/layout (0.0ms)


Started GET "/pages/home" for 127.0.0.1 at 2011-02-12 20:32:20 +0100
  Processing by PagesController#home as HTML
Rendered pages/home.html.erb within layouts/application (0.0ms)
Completed 200 OK in 31ms (Views: 31.2ms | ActiveRecord: 0.0ms)


Started GET "/stylesheets/blueprint/print.css" for 127.0.0.1 at 2011-02-12 20:32:21 +0100

ActionController::RoutingError (No route matches "/stylesheets/blueprint/print.css"):
  

Rendered d:/Ruby192/lib/ruby/gems/1.9.1/gems/actionpack-3.0.3/lib/action_dispatch/middleware/templates/rescues/routing_error.erb within rescues/layout (0.0ms)


Started GET "/stylesheets/blueprint/screen.css" for 127.0.0.1 at 2011-02-12 20:32:21 +0100

ActionController::RoutingError (No route matches "/stylesheets/blueprint/screen.css"):
  

Rendered d:/Ruby192/lib/ruby/gems/1.9.1/gems/actionpack-3.0.3/lib/action_dispatch/middleware/templates/rescues/routing_error.erb within rescues/layout (15.6ms)


Started GET "/pages/help" for 127.0.0.1 at 2011-02-12 20:39:21 +0100

ActionController::RoutingError (No route matches "/pages/help"):
  

Rendered d:/Ruby192/lib/ruby/gems/1.9.1/gems/actionpack-3.0.3/lib/action_dispatch/middleware/templates/rescues/routing_error.erb within rescues/layout (0.0ms)


Started GET "/pages/help" for 127.0.0.1 at 2011-02-12 20:39:59 +0100
  Processing by PagesController#help as HTML
Rendered pages/help.html.erb within layouts/application (0.0ms)
Completed 200 OK in 31ms (Views: 31.2ms | ActiveRecord: 0.0ms)


Started GET "/stylesheets/blueprint/screen.css" for 127.0.0.1 at 2011-02-12 20:39:59 +0100

ActionController::RoutingError (No route matches "/stylesheets/blueprint/screen.css"):
  

Rendered d:/Ruby192/lib/ruby/gems/1.9.1/gems/actionpack-3.0.3/lib/action_dispatch/middleware/templates/rescues/routing_error.erb within rescues/layout (15.6ms)


Started GET "/stylesheets/blueprint/print.css" for 127.0.0.1 at 2011-02-12 20:39:59 +0100

ActionController::RoutingError (No route matches "/stylesheets/blueprint/print.css"):
  

Rendered d:/Ruby192/lib/ruby/gems/1.9.1/gems/actionpack-3.0.3/lib/action_dispatch/middleware/templates/rescues/routing_error.erb within rescues/layout (15.6ms)


Started GET "/pages/help" for 127.0.0.1 at 2011-02-12 20:43:24 +0100
  Processing by PagesController#help as HTML
Rendered pages/help.html.erb within layouts/application (0.0ms)
Completed 200 OK in 31ms (Views: 31.2ms | ActiveRecord: 0.0ms)


Started GET "/stylesheets/blueprint/screen.css" for 127.0.0.1 at 2011-02-12 20:43:25 +0100

ActionController::RoutingError (No route matches "/stylesheets/blueprint/screen.css"):
  

Rendered d:/Ruby192/lib/ruby/gems/1.9.1/gems/actionpack-3.0.3/lib/action_dispatch/middleware/templates/rescues/routing_error.erb within rescues/layout (0.0ms)


Started GET "/stylesheets/blueprint/print.css" for 127.0.0.1 at 2011-02-12 20:43:25 +0100

ActionController::RoutingError (No route matches "/stylesheets/blueprint/print.css"):
  

Rendered d:/Ruby192/lib/ruby/gems/1.9.1/gems/actionpack-3.0.3/lib/action_dispatch/middleware/templates/rescues/routing_error.erb within rescues/layout (0.0ms)


Started GET "/pages/home" for 127.0.0.1 at 2011-02-12 20:43:40 +0100
  Processing by PagesController#home as HTML
Rendered pages/home.html.erb within layouts/application (0.0ms)
Completed 200 OK in 31ms (Views: 31.2ms | ActiveRecord: 0.0ms)


Started GET "/stylesheets/blueprint/screen.css" for 127.0.0.1 at 2011-02-12 20:43:40 +0100

ActionController::RoutingError (No route matches "/stylesheets/blueprint/screen.css"):
  

Rendered d:/Ruby192/lib/ruby/gems/1.9.1/gems/actionpack-3.0.3/lib/action_dispatch/middleware/templates/rescues/routing_error.erb within rescues/layout (0.0ms)


Started GET "/stylesheets/blueprint/print.css" for 127.0.0.1 at 2011-02-12 20:43:40 +0100

ActionController::RoutingError (No route matches "/stylesheets/blueprint/print.css"):
  

Rendered d:/Ruby192/lib/ruby/gems/1.9.1/gems/actionpack-3.0.3/lib/action_dispatch/middleware/templates/rescues/routing_error.erb within rescues/layout (15.6ms)


Started GET "/pages/home" for 127.0.0.1 at 2011-02-12 20:49:02 +0100
  Processing by PagesController#home as HTML
Rendered pages/home.html.erb within layouts/application (15.6ms)
Completed 200 OK in 47ms (Views: 46.8ms | ActiveRecord: 0.0ms)


Started GET "/stylesheets/blueprint/screen.css" for 127.0.0.1 at 2011-02-12 20:49:08 +0100

ActionController::RoutingError (No route matches "/stylesheets/blueprint/screen.css"):
  

Rendered d:/Ruby192/lib/ruby/gems/1.9.1/gems/actionpack-3.0.3/lib/action_dispatch/middleware/templates/rescues/routing_error.erb within rescues/layout (0.0ms)


Started GET "/stylesheets/blueprint/print.css" for 127.0.0.1 at 2011-02-12 20:49:08 +0100

ActionController::RoutingError (No route matches "/stylesheets/blueprint/print.css"):
  

Rendered d:/Ruby192/lib/ruby/gems/1.9.1/gems/actionpack-3.0.3/lib/action_dispatch/middleware/templates/rescues/routing_error.erb within rescues/layout (0.0ms)


Started GET "/help" for 127.0.0.1 at 2011-02-12 20:49:12 +0100
  Processing by PagesController#help as HTML
Rendered pages/help.html.erb within layouts/application (15.6ms)
Completed 200 OK in 47ms (Views: 46.8ms | ActiveRecord: 0.0ms)


Started GET "/stylesheets/blueprint/screen.css" for 127.0.0.1 at 2011-02-12 20:49:12 +0100

ActionController::RoutingError (No route matches "/stylesheets/blueprint/screen.css"):
  

Rendered d:/Ruby192/lib/ruby/gems/1.9.1/gems/actionpack-3.0.3/lib/action_dispatch/middleware/templates/rescues/routing_error.erb within rescues/layout (0.0ms)


Started GET "/stylesheets/blueprint/print.css" for 127.0.0.1 at 2011-02-12 20:49:12 +0100

ActionController::RoutingError (No route matches "/stylesheets/blueprint/print.css"):
  

Rendered d:/Ruby192/lib/ruby/gems/1.9.1/gems/actionpack-3.0.3/lib/action_dispatch/middleware/templates/rescues/routing_error.erb within rescues/layout (0.0ms)


Started GET "/home" for 127.0.0.1 at 2011-02-12 20:50:21 +0100

ActionController::RoutingError (No route matches "/home"):
  

Rendered d:/Ruby192/lib/ruby/gems/1.9.1/gems/actionpack-3.0.3/lib/action_dispatch/middleware/templates/rescues/routing_error.erb within rescues/layout (0.0ms)


Started GET "/pages/home" for 127.0.0.1 at 2011-02-12 20:50:28 +0100
  Processing by PagesController#home as HTML
Rendered pages/home.html.erb within layouts/application (0.0ms)
Completed 200 OK in 31ms (Views: 31.2ms | ActiveRecord: 0.0ms)


Started GET "/stylesheets/blueprint/screen.css" for 127.0.0.1 at 2011-02-12 20:50:29 +0100

ActionController::RoutingError (No route matches "/stylesheets/blueprint/screen.css"):
  

Rendered d:/Ruby192/lib/ruby/gems/1.9.1/gems/actionpack-3.0.3/lib/action_dispatch/middleware/templates/rescues/routing_error.erb within rescues/layout (0.0ms)


Started GET "/stylesheets/blueprint/print.css" for 127.0.0.1 at 2011-02-12 20:50:29 +0100

ActionController::RoutingError (No route matches "/stylesheets/blueprint/print.css"):
  

Rendered d:/Ruby192/lib/ruby/gems/1.9.1/gems/actionpack-3.0.3/lib/action_dispatch/middleware/templates/rescues/routing_error.erb within rescues/layout (0.0ms)


Started GET "/pages/home" for 127.0.0.1 at 2011-02-12 20:51:29 +0100
  Processing by PagesController#home as HTML
Rendered pages/home.html.erb within layouts/application (10.0ms)
Completed 200 OK in 40ms (Views: 40.0ms | ActiveRecord: 0.0ms)


Started GET "/stylesheets/blueprint/screen.css" for 127.0.0.1 at 2011-02-12 20:51:30 +0100

ActionController::RoutingError (No route matches "/stylesheets/blueprint/screen.css"):
  

Rendered d:/Ruby192/lib/ruby/gems/1.9.1/gems/actionpack-3.0.3/lib/action_dispatch/middleware/templates/rescues/routing_error.erb within rescues/layout (0.0ms)


Started GET "/stylesheets/blueprint/print.css" for 127.0.0.1 at 2011-02-12 20:51:30 +0100

ActionController::RoutingError (No route matches "/stylesheets/blueprint/print.css"):
  

Rendered d:/Ruby192/lib/ruby/gems/1.9.1/gems/actionpack-3.0.3/lib/action_dispatch/middleware/templates/rescues/routing_error.erb within rescues/layout (0.0ms)


Started GET "/pages/home" for 127.0.0.1 at 2011-02-12 20:52:42 +0100
  Processing by PagesController#home as HTML
Rendered pages/home.html.erb within layouts/application (0.0ms)
Completed 200 OK in 30ms (Views: 30.0ms | ActiveRecord: 0.0ms)


Started GET "/stylesheets/blueprint/screen.css" for 127.0.0.1 at 2011-02-12 20:52:43 +0100

ActionController::RoutingError (No route matches "/stylesheets/blueprint/screen.css"):
  

Rendered d:/Ruby192/lib/ruby/gems/1.9.1/gems/actionpack-3.0.3/lib/action_dispatch/middleware/templates/rescues/routing_error.erb within rescues/layout (2.0ms)


Started GET "/stylesheets/blueprint/print.css" for 127.0.0.1 at 2011-02-12 20:52:43 +0100

ActionController::RoutingError (No route matches "/stylesheets/blueprint/print.css"):
  

Rendered d:/Ruby192/lib/ruby/gems/1.9.1/gems/actionpack-3.0.3/lib/action_dispatch/middleware/templates/rescues/routing_error.erb within rescues/layout (1.0ms)


Started GET "/pages/home" for 127.0.0.1 at 2011-02-12 20:56:19 +0100
  Processing by PagesController#home as HTML
Rendered pages/home.html.erb within layouts/application (0.0ms)
Completed 200 OK in 30ms (Views: 30.0ms | ActiveRecord: 0.0ms)


Started GET "/stylesheets/blueprint/screen.css" for 127.0.0.1 at 2011-02-12 20:56:20 +0100

ActionController::RoutingError (No route matches "/stylesheets/blueprint/screen.css"):
  

Rendered d:/Ruby192/lib/ruby/gems/1.9.1/gems/actionpack-3.0.3/lib/action_dispatch/middleware/templates/rescues/routing_error.erb within rescues/layout (0.0ms)


Started GET "/stylesheets/blueprint/print.css" for 127.0.0.1 at 2011-02-12 20:56:20 +0100

ActionController::RoutingError (No route matches "/stylesheets/blueprint/print.css"):
  

Rendered d:/Ruby192/lib/ruby/gems/1.9.1/gems/actionpack-3.0.3/lib/action_dispatch/middleware/templates/rescues/routing_error.erb within rescues/layout (15.6ms)


Started GET "/signup" for 127.0.0.1 at 2011-02-12 20:56:22 +0100
  Processing by UsersController#new as HTML
DEPRECATION WARNING: Using form_for(:name, @resource) is deprecated. Please use form_for(@resource, :as => :name) instead. (called from _app_views_users_new_html_erb__1073372470_34107180__1003028205 at C:/Users/Marvin/My Documents/Aptana Studio 3 Workspace/Encuesta-Projekt/app/views/users/new.html.erb:3)
DEPRECATION WARNING: <% %> style block helpers are deprecated. Please use <%= %>. (called from _app_views_users_new_html_erb__1073372470_34107180__1003028205 at C:/Users/Marvin/My Documents/Aptana Studio 3 Workspace/Encuesta-Projekt/app/views/users/new.html.erb:3)
Rendered users/new.html.erb within layouts/application (312.0ms)
Completed 200 OK in 359ms (Views: 358.8ms | ActiveRecord: 0.0ms)


Started GET "/stylesheets/blueprint/screen.css" for 127.0.0.1 at 2011-02-12 20:56:23 +0100

ActionController::RoutingError (No route matches "/stylesheets/blueprint/screen.css"):
  

Rendered d:/Ruby192/lib/ruby/gems/1.9.1/gems/actionpack-3.0.3/lib/action_dispatch/middleware/templates/rescues/routing_error.erb within rescues/layout (0.0ms)


Started GET "/stylesheets/blueprint/print.css" for 127.0.0.1 at 2011-02-12 20:56:23 +0100

ActionController::RoutingError (No route matches "/stylesheets/blueprint/print.css"):
  

Rendered d:/Ruby192/lib/ruby/gems/1.9.1/gems/actionpack-3.0.3/lib/action_dispatch/middleware/templates/rescues/routing_error.erb within rescues/layout (0.0ms)
  [1m[36mSQL (0.0ms)[0m  [1m SELECT name
 FROM sqlite_master
 WHERE type = 'table' AND NOT name = 'sqlite_sequence'
[0m
  [1m[35mSQL (0.0ms)[0m   SELECT name
 FROM sqlite_master
 WHERE type = 'table' AND NOT name = 'sqlite_sequence'
  [1m[36mSQL (0.0ms)[0m  [1mSELECT "schema_migrations"."version" FROM "schema_migrations"[0m
Migrating to CreateUsers (20110211112857)
Migrating to CreateRolls (20110211114025)
Migrating to CreateSurveys (20110211114108)
Migrating to CreateSurveytypes (20110211114751)
Migrating to CreateQuestions (20110211115030)
Migrating to CreateAnswers (20110211115633)
Migrating to CreateAnswertypes (20110211120045)
Migrating to AddEmailUniquenessIndex (20110212201140)
  [1m[35mSQL (20.0ms)[0m  select sqlite_version(*)
  [1m[36mSQL (0.0ms)[0m  [1mPRAGMA index_list("users")[0m
  [1m[35mSQL (0.0ms)[0m  CREATE UNIQUE INDEX "index_users_on_email" ON "users" ("email")
  [1m[36mSQL (0.0ms)[0m  [1mINSERT INTO "schema_migrations" ("version") VALUES ('20110212201140')[0m
  [1m[35mSQL (0.0ms)[0m   SELECT name
 FROM sqlite_master
 WHERE type = 'table' AND NOT name = 'sqlite_sequence'
  [1m[36mSQL (1.0ms)[0m  [1mSELECT "schema_migrations"."version" FROM "schema_migrations"[0m
  [1m[35mSQL (0.0ms)[0m   SELECT name
 FROM sqlite_master
 WHERE type = 'table' AND NOT name = 'sqlite_sequence'
  [1m[36mSQL (0.0ms)[0m  [1mPRAGMA index_list("answers")[0m
  [1m[35mSQL (0.0ms)[0m  PRAGMA index_list("answertypes")
  [1m[36mSQL (0.0ms)[0m  [1mPRAGMA index_list("questions")[0m
  [1m[35mSQL (0.0ms)[0m  PRAGMA index_list("rolls")
  [1m[36mSQL (0.0ms)[0m  [1mPRAGMA index_list("surveys")[0m
  [1m[35mSQL (0.0ms)[0m  PRAGMA index_list("surveytypes")
  [1m[36mSQL (0.0ms)[0m  [1mPRAGMA index_list("users")[0m
  [1m[35mSQL (0.0ms)[0m  PRAGMA index_info('index_users_on_email')


Started GET "/users/1" for 127.0.0.1 at 2011-02-12 21:16:27 +0100
  Processing by UsersController#show as HTML
  Parameters: {"id"=>"1"}
  [1m[36mSQL (0.0ms)[0m  [1m SELECT name
 FROM sqlite_master
 WHERE type = 'table' AND NOT name = 'sqlite_sequence'
[0m
  [1m[35mUser Load (0.0ms)[0m  SELECT "users".* FROM "users" WHERE ("users"."id" = 1) LIMIT 1
Completed   in 312ms

ActiveRecord::RecordNotFound (Couldn't find User with ID=1):
  app/controllers/users_controller.rb:11:in `show'

Rendered d:/Ruby192/lib/ruby/gems/1.9.1/gems/actionpack-3.0.3/lib/action_dispatch/middleware/templates/rescues/_trace.erb (0.0ms)
Rendered d:/Ruby192/lib/ruby/gems/1.9.1/gems/actionpack-3.0.3/lib/action_dispatch/middleware/templates/rescues/_request_and_response.erb (0.0ms)
Rendered d:/Ruby192/lib/ruby/gems/1.9.1/gems/actionpack-3.0.3/lib/action_dispatch/middleware/templates/rescues/diagnostics.erb within rescues/layout (15.6ms)


Started GET "/users/0" for 127.0.0.1 at 2011-02-12 21:16:39 +0100
  Processing by UsersController#show as HTML
  Parameters: {"id"=>"0"}
  [1m[36mUser Load (0.0ms)[0m  [1mSELECT "users".* FROM "users" WHERE ("users"."id" = 0) LIMIT 1[0m
Completed   in 62ms

ActiveRecord::RecordNotFound (Couldn't find User with ID=0):
  app/controllers/users_controller.rb:11:in `show'

Rendered d:/Ruby192/lib/ruby/gems/1.9.1/gems/actionpack-3.0.3/lib/action_dispatch/middleware/templates/rescues/_trace.erb (0.0ms)
Rendered d:/Ruby192/lib/ruby/gems/1.9.1/gems/actionpack-3.0.3/lib/action_dispatch/middleware/templates/rescues/_request_and_response.erb (0.0ms)
Rendered d:/Ruby192/lib/ruby/gems/1.9.1/gems/actionpack-3.0.3/lib/action_dispatch/middleware/templates/rescues/diagnostics.erb within rescues/layout (15.6ms)


Started GET "/signup" for 127.0.0.1 at 2011-02-12 21:18:04 +0100
  Processing by UsersController#new as HTML
DEPRECATION WARNING: Using form_for(:name, @resource) is deprecated. Please use form_for(@resource, :as => :name) instead. (called from _app_views_users_new_html_erb__1073372470_31476276__1003028205 at C:/Users/Marvin/My Documents/Aptana Studio 3 Workspace/Encuesta-Projekt/app/views/users/new.html.erb:3)
DEPRECATION WARNING: <% %> style block helpers are deprecated. Please use <%= %>. (called from _app_views_users_new_html_erb__1073372470_31476276__1003028205 at C:/Users/Marvin/My Documents/Aptana Studio 3 Workspace/Encuesta-Projekt/app/views/users/new.html.erb:3)
Rendered users/new.html.erb within layouts/application (93.6ms)
Completed 200 OK in 125ms (Views: 124.8ms | ActiveRecord: 0.0ms)


Started GET "/stylesheets/blueprint/screen.css" for 127.0.0.1 at 2011-02-12 21:18:05 +0100

ActionController::RoutingError (No route matches "/stylesheets/blueprint/screen.css"):
  

Rendered d:/Ruby192/lib/ruby/gems/1.9.1/gems/actionpack-3.0.3/lib/action_dispatch/middleware/templates/rescues/routing_error.erb within rescues/layout (0.0ms)


Started GET "/stylesheets/blueprint/print.css" for 127.0.0.1 at 2011-02-12 21:18:06 +0100

ActionController::RoutingError (No route matches "/stylesheets/blueprint/print.css"):
  

Rendered d:/Ruby192/lib/ruby/gems/1.9.1/gems/actionpack-3.0.3/lib/action_dispatch/middleware/templates/rescues/routing_error.erb within rescues/layout (0.0ms)


Started POST "/users" for 127.0.0.1 at 2011-02-12 21:18:22 +0100
  Processing by UsersController#create as HTML
  Parameters: {"utf8"=>"‚úì", "authenticity_token"=>"eJAsbNjQMPLu/L6yoj1dq3Y9VC8bWjuSpK54KcDmxcU=", "user"=>{"name"=>"Friedemann", "vorname"=>"Marvin", "login"=>"VanZan", "passwort"=>"kitsune2k9", "email"=>"marvin.friedemann@ewetel.net"}, "commit"=>"Create"}
  [1m[35mUser Load (0.0ms)[0m  SELECT "users"."id" FROM "users" WHERE (LOWER("users"."email") = LOWER('marvin.friedemann@ewetel.net')) LIMIT 1
  [1m[36mAREL (15.6ms)[0m  [1mINSERT INTO "users" ("name", "vorname", "login", "passwort", "email", "created_at", "updated_at") VALUES ('Friedemann', 'Marvin', 'VanZan', 'kitsune2k9', 'marvin.friedemann@ewetel.net', '2011-02-12 20:18:22.372400', '2011-02-12 20:18:22.372400')[0m
Redirected to http://127.0.0.1:3000/users
Completed 302 Found in 296ms


Started GET "/users" for 127.0.0.1 at 2011-02-12 21:18:22 +0100
  Processing by UsersController#index as HTML
Rendered users/index.html.erb within layouts/application (0.0ms)
Completed 200 OK in 47ms (Views: 46.8ms | ActiveRecord: 0.0ms)


Started GET "/stylesheets/blueprint/screen.css" for 127.0.0.1 at 2011-02-12 21:18:23 +0100

ActionController::RoutingError (No route matches "/stylesheets/blueprint/screen.css"):
  

Rendered d:/Ruby192/lib/ruby/gems/1.9.1/gems/actionpack-3.0.3/lib/action_dispatch/middleware/templates/rescues/routing_error.erb within rescues/layout (1.0ms)


Started GET "/stylesheets/blueprint/print.css" for 127.0.0.1 at 2011-02-12 21:18:23 +0100

ActionController::RoutingError (No route matches "/stylesheets/blueprint/print.css"):
  

Rendered d:/Ruby192/lib/ruby/gems/1.9.1/gems/actionpack-3.0.3/lib/action_dispatch/middleware/templates/rescues/routing_error.erb within rescues/layout (0.0ms)


Started GET "/users/1" for 127.0.0.1 at 2011-02-12 21:18:30 +0100
  Processing by UsersController#show as HTML
  Parameters: {"id"=>"1"}
  [1m[35mUser Load (0.0ms)[0m  SELECT "users".* FROM "users" WHERE ("users"."id" = 1) LIMIT 1
Completed   in 47ms

ActiveRecord::RecordNotFound (Couldn't find User with ID=1):
  app/controllers/users_controller.rb:11:in `show'

Rendered d:/Ruby192/lib/ruby/gems/1.9.1/gems/actionpack-3.0.3/lib/action_dispatch/middleware/templates/rescues/_trace.erb (0.0ms)
Rendered d:/Ruby192/lib/ruby/gems/1.9.1/gems/actionpack-3.0.3/lib/action_dispatch/middleware/templates/rescues/_request_and_response.erb (0.0ms)
Rendered d:/Ruby192/lib/ruby/gems/1.9.1/gems/actionpack-3.0.3/lib/action_dispatch/middleware/templates/rescues/diagnostics.erb within rescues/layout (15.6ms)


Started GET "/users/13" for 127.0.0.1 at 2011-02-12 21:18:55 +0100
  Processing by UsersController#show as HTML
  Parameters: {"id"=>"13"}
  [1m[36mUser Load (0.0ms)[0m  [1mSELECT "users".* FROM "users" WHERE ("users"."id" = 13) LIMIT 1[0m
Rendered users/show.html.erb within layouts/application (15.6ms)
Completed 200 OK in 94ms (Views: 46.8ms | ActiveRecord: 0.0ms)


Started GET "/stylesheets/blueprint/screen.css" for 127.0.0.1 at 2011-02-12 21:18:56 +0100

ActionController::RoutingError (No route matches "/stylesheets/blueprint/screen.css"):
  

Rendered d:/Ruby192/lib/ruby/gems/1.9.1/gems/actionpack-3.0.3/lib/action_dispatch/middleware/templates/rescues/routing_error.erb within rescues/layout (0.0ms)


Started GET "/stylesheets/blueprint/print.css" for 127.0.0.1 at 2011-02-12 21:18:56 +0100

ActionController::RoutingError (No route matches "/stylesheets/blueprint/print.css"):
  

Rendered d:/Ruby192/lib/ruby/gems/1.9.1/gems/actionpack-3.0.3/lib/action_dispatch/middleware/templates/rescues/routing_error.erb within rescues/layout (0.0ms)


Started GET "/users/13" for 127.0.0.1 at 2011-02-12 21:20:37 +0100
  Processing by UsersController#show as HTML
  Parameters: {"id"=>"13"}
  [1m[35mUser Load (0.0ms)[0m  SELECT "users".* FROM "users" WHERE ("users"."id" = 13) LIMIT 1
Rendered users/show.html.erb within layouts/application (20.0ms)
Completed 200 OK in 90ms (Views: 50.0ms | ActiveRecord: 0.0ms)


Started GET "/stylesheets/blueprint/print.css" for 127.0.0.1 at 2011-02-12 21:20:38 +0100

ActionController::RoutingError (No route matches "/stylesheets/blueprint/print.css"):
  

Rendered d:/Ruby192/lib/ruby/gems/1.9.1/gems/actionpack-3.0.3/lib/action_dispatch/middleware/templates/rescues/routing_error.erb within rescues/layout (0.0ms)


Started GET "/stylesheets/blueprint/screen.css" for 127.0.0.1 at 2011-02-12 21:20:38 +0100

ActionController::RoutingError (No route matches "/stylesheets/blueprint/screen.css"):
  

Rendered d:/Ruby192/lib/ruby/gems/1.9.1/gems/actionpack-3.0.3/lib/action_dispatch/middleware/templates/rescues/routing_error.erb within rescues/layout (0.0ms)


Started GET "/users/13" for 127.0.0.1 at 2011-02-12 21:35:17 +0100
  Processing by UsersController#show as HTML
  Parameters: {"id"=>"13"}
  [1m[36mUser Load (0.0ms)[0m  [1mSELECT "users".* FROM "users" WHERE ("users"."id" = 13) LIMIT 1[0m
Rendered users/show.html.erb within layouts/application (15.6ms)
Completed 200 OK in 125ms (Views: 46.8ms | ActiveRecord: 0.0ms)


Started GET "/stylesheets/blueprint/screen.css" for 127.0.0.1 at 2011-02-12 21:35:18 +0100

ActionController::RoutingError (No route matches "/stylesheets/blueprint/screen.css"):
  

Rendered d:/Ruby192/lib/ruby/gems/1.9.1/gems/actionpack-3.0.3/lib/action_dispatch/middleware/templates/rescues/routing_error.erb within rescues/layout (0.0ms)


Started GET "/stylesheets/blueprint/print.css" for 127.0.0.1 at 2011-02-12 21:35:18 +0100

ActionController::RoutingError (No route matches "/stylesheets/blueprint/print.css"):
  

Rendered d:/Ruby192/lib/ruby/gems/1.9.1/gems/actionpack-3.0.3/lib/action_dispatch/middleware/templates/rescues/routing_error.erb within rescues/layout (0.0ms)


Started GET "/users/13" for 127.0.0.1 at 2011-02-12 21:42:56 +0100
  Processing by UsersController#show as HTML
  Parameters: {"id"=>"13"}
  [1m[35mUser Load (0.0ms)[0m  SELECT "users".* FROM "users" WHERE ("users"."id" = 13) LIMIT 1
Rendered users/show.html.erb within layouts/application (10.0ms)
Completed 200 OK in 140ms (Views: 40.0ms | ActiveRecord: 0.0ms)


Started GET "/stylesheets/blueprint/screen.css" for 127.0.0.1 at 2011-02-12 21:42:56 +0100

ActionController::RoutingError (No route matches "/stylesheets/blueprint/screen.css"):
  

Rendered d:/Ruby192/lib/ruby/gems/1.9.1/gems/actionpack-3.0.3/lib/action_dispatch/middleware/templates/rescues/routing_error.erb within rescues/layout (0.0ms)


Started GET "/stylesheets/blueprint/print.css" for 127.0.0.1 at 2011-02-12 21:42:57 +0100

ActionController::RoutingError (No route matches "/stylesheets/blueprint/print.css"):
  

Rendered d:/Ruby192/lib/ruby/gems/1.9.1/gems/actionpack-3.0.3/lib/action_dispatch/middleware/templates/rescues/routing_error.erb within rescues/layout (15.6ms)


Started GET "/users/13" for 127.0.0.1 at 2011-02-12 21:44:14 +0100
  Processing by UsersController#show as HTML
  Parameters: {"id"=>"13"}
  [1m[36mUser Load (10.0ms)[0m  [1mSELECT "users".* FROM "users" WHERE ("users"."id" = 13) LIMIT 1[0m
Rendered users/show.html.erb within layouts/application (0.0ms)
Completed 200 OK in 90ms (Views: 30.0ms | ActiveRecord: 10.0ms)


Started GET "/stylesheets/blueprint/screen.css" for 127.0.0.1 at 2011-02-12 21:44:15 +0100

ActionController::RoutingError (No route matches "/stylesheets/blueprint/screen.css"):
  

Rendered d:/Ruby192/lib/ruby/gems/1.9.1/gems/actionpack-3.0.3/lib/action_dispatch/middleware/templates/rescues/routing_error.erb within rescues/layout (0.0ms)


Started GET "/stylesheets/blueprint/print.css" for 127.0.0.1 at 2011-02-12 21:44:15 +0100

ActionController::RoutingError (No route matches "/stylesheets/blueprint/print.css"):
  

Rendered d:/Ruby192/lib/ruby/gems/1.9.1/gems/actionpack-3.0.3/lib/action_dispatch/middleware/templates/rescues/routing_error.erb within rescues/layout (0.0ms)


Started GET "/help" for 127.0.0.1 at 2011-02-12 21:47:29 +0100
  Processing by PagesController#help as HTML
Rendered pages/help.html.erb within layouts/application (0.0ms)
Completed 200 OK in 31ms (Views: 31.2ms | ActiveRecord: 0.0ms)


Started GET "/stylesheets/blueprint/screen.css" for 127.0.0.1 at 2011-02-12 21:47:30 +0100

ActionController::RoutingError (No route matches "/stylesheets/blueprint/screen.css"):
  

Rendered d:/Ruby192/lib/ruby/gems/1.9.1/gems/actionpack-3.0.3/lib/action_dispatch/middleware/templates/rescues/routing_error.erb within rescues/layout (0.0ms)


Started GET "/stylesheets/blueprint/print.css" for 127.0.0.1 at 2011-02-12 21:47:30 +0100

ActionController::RoutingError (No route matches "/stylesheets/blueprint/print.css"):
  

Rendered d:/Ruby192/lib/ruby/gems/1.9.1/gems/actionpack-3.0.3/lib/action_dispatch/middleware/templates/rescues/routing_error.erb within rescues/layout (0.0ms)


Started GET "/users/13" for 127.0.0.1 at 2011-02-12 21:47:38 +0100
  Processing by UsersController#show as HTML
  Parameters: {"id"=>"13"}
  [1m[35mUser Load (0.0ms)[0m  SELECT "users".* FROM "users" WHERE ("users"."id" = 13) LIMIT 1
Rendered users/show.html.erb within layouts/application (0.0ms)
Completed 200 OK in 109ms (Views: 31.2ms | ActiveRecord: 0.0ms)


Started GET "/stylesheets/blueprint/screen.css" for 127.0.0.1 at 2011-02-12 21:47:39 +0100

ActionController::RoutingError (No route matches "/stylesheets/blueprint/screen.css"):
  

Rendered d:/Ruby192/lib/ruby/gems/1.9.1/gems/actionpack-3.0.3/lib/action_dispatch/middleware/templates/rescues/routing_error.erb within rescues/layout (0.0ms)


Started GET "/stylesheets/blueprint/print.css" for 127.0.0.1 at 2011-02-12 21:47:39 +0100

ActionController::RoutingError (No route matches "/stylesheets/blueprint/print.css"):
  

Rendered d:/Ruby192/lib/ruby/gems/1.9.1/gems/actionpack-3.0.3/lib/action_dispatch/middleware/templates/rescues/routing_error.erb within rescues/layout (0.0ms)
  [1m[36mSQL (24.0ms)[0m  [1mselect sqlite_version(*)[0m
  [1m[35mSQL (0.0ms)[0m   SELECT name
 FROM sqlite_master
 WHERE type = 'table' AND NOT name = 'sqlite_sequence'
  [1m[36mSQL (11.0ms)[0m  [1mCREATE TABLE "answers" ("id" INTEGER PRIMARY KEY AUTOINCREMENT NOT NULL, "answertext" varchar(255), "question_id" integer, "answertype_id" integer, "created_at" datetime, "updated_at" datetime) [0m
  [1m[35mSQL (1.0ms)[0m   SELECT name
 FROM sqlite_master
 WHERE type = 'table' AND NOT name = 'sqlite_sequence'
  [1m[36mSQL (12.0ms)[0m  [1mCREATE TABLE "answertypes" ("id" INTEGER PRIMARY KEY AUTOINCREMENT NOT NULL, "bezeichnung" varchar(255), "beschreibung" varchar(255), "created_at" datetime, "updated_at" datetime) [0m
  [1m[35mSQL (0.0ms)[0m   SELECT name
 FROM sqlite_master
 WHERE type = 'table' AND NOT name = 'sqlite_sequence'
  [1m[36mSQL (11.0ms)[0m  [1mCREATE TABLE "questions" ("id" INTEGER PRIMARY KEY AUTOINCREMENT NOT NULL, "questiontext" varchar(255), "survey_id" integer, "created_at" datetime, "updated_at" datetime) [0m
  [1m[35mSQL (0.0ms)[0m   SELECT name
 FROM sqlite_master
 WHERE type = 'table' AND NOT name = 'sqlite_sequence'
  [1m[36mSQL (12.0ms)[0m  [1mCREATE TABLE "rolls" ("id" INTEGER PRIMARY KEY AUTOINCREMENT NOT NULL, "bezeichnung" varchar(255), "beschreibung" varchar(255), "created_at" datetime, "updated_at" datetime) [0m
  [1m[35mSQL (1.0ms)[0m   SELECT name
 FROM sqlite_master
 WHERE type = 'table' AND NOT name = 'sqlite_sequence'
  [1m[36mSQL (18.0ms)[0m  [1mCREATE TABLE "surveys" ("id" INTEGER PRIMARY KEY AUTOINCREMENT NOT NULL, "gesperrt" boolean, "surveytype_id" integer, "user_id" integer, "created_at" datetime, "updated_at" datetime) [0m
  [1m[35mSQL (1.0ms)[0m   SELECT name
 FROM sqlite_master
 WHERE type = 'table' AND NOT name = 'sqlite_sequence'
  [1m[36mSQL (16.0ms)[0m  [1mCREATE TABLE "surveytypes" ("id" INTEGER PRIMARY KEY AUTOINCREMENT NOT NULL, "bezeichnung" varchar(255), "beschreibung" varchar(255), "created_at" datetime, "updated_at" datetime) [0m
  [1m[35mSQL (1.0ms)[0m   SELECT name
 FROM sqlite_master
 WHERE type = 'table' AND NOT name = 'sqlite_sequence'
  [1m[36mSQL (15.0ms)[0m  [1mCREATE TABLE "users" ("id" INTEGER PRIMARY KEY AUTOINCREMENT NOT NULL, "name" varchar(255), "vorname" varchar(255), "login" varchar(255), "passwort" varchar(255), "email" varchar(255), "created_at" datetime, "updated_at" datetime) [0m
  [1m[35mSQL (0.0ms)[0m  PRAGMA index_list("users")
  [1m[36mSQL (18.0ms)[0m  [1mCREATE UNIQUE INDEX "index_users_on_email" ON "users" ("email")[0m
  [1m[35mSQL (1.0ms)[0m   SELECT name
 FROM sqlite_master
 WHERE type = 'table' AND NOT name = 'sqlite_sequence'
  [1m[36mSQL (15.0ms)[0m  [1mCREATE TABLE "schema_migrations" ("version" varchar(255) NOT NULL) [0m
  [1m[35mSQL (0.0ms)[0m  PRAGMA index_list("schema_migrations")
  [1m[36mSQL (16.0ms)[0m  [1mCREATE UNIQUE INDEX "unique_schema_migrations" ON "schema_migrations" ("version")[0m
  [1m[35mSQL (1.0ms)[0m   SELECT name
 FROM sqlite_master
 WHERE type = 'table' AND NOT name = 'sqlite_sequence'
  [1m[36mSQL (0.0ms)[0m  [1mSELECT version FROM "schema_migrations"[0m
  [1m[35mSQL (16.0ms)[0m  INSERT INTO "schema_migrations" (version) VALUES ('20110212201140')
  [1m[36mSQL (14.0ms)[0m  [1mINSERT INTO "schema_migrations" (version) VALUES ('20110211112857')[0m
  [1m[35mSQL (12.0ms)[0m  INSERT INTO "schema_migrations" (version) VALUES ('20110211114025')
  [1m[36mSQL (11.0ms)[0m  [1mINSERT INTO "schema_migrations" (version) VALUES ('20110211114108')[0m
  [1m[35mSQL (14.0ms)[0m  INSERT INTO "schema_migrations" (version) VALUES ('20110211114751')
  [1m[36mSQL (16.0ms)[0m  [1mINSERT INTO "schema_migrations" (version) VALUES ('20110211115030')[0m
  [1m[35mSQL (12.0ms)[0m  INSERT INTO "schema_migrations" (version) VALUES ('20110211115633')
  [1m[36mSQL (11.0ms)[0m  [1mINSERT INTO "schema_migrations" (version) VALUES ('20110211120045')[0m
  [1m[35mSQL (0.0ms)[0m   SELECT name
 FROM sqlite_master
 WHERE type = 'table' AND NOT name = 'sqlite_sequence'
  [1m[36mSQL (0.0ms)[0m  [1m SELECT name
 FROM sqlite_master
 WHERE type = 'table' AND NOT name = 'sqlite_sequence'
[0m
  [1m[35mSQL (1.0ms)[0m  SELECT "schema_migrations"."version" FROM "schema_migrations"
  [1m[36mSQL (1.0ms)[0m  [1m SELECT name
 FROM sqlite_master
 WHERE type = 'table' AND NOT name = 'sqlite_sequence'
[0m
  [1m[35mSQL (1.0ms)[0m   SELECT name
 FROM sqlite_master
 WHERE type = 'table' AND NOT name = 'sqlite_sequence'
  [1m[36mSQL (1.0ms)[0m  [1mSELECT "schema_migrations"."version" FROM "schema_migrations"[0m
Migrating to CreateUsers (20110211112857)
Migrating to CreateRolls (20110211114025)
Migrating to CreateSurveys (20110211114108)
Migrating to CreateSurveytypes (20110211114751)
Migrating to CreateQuestions (20110211115030)
Migrating to CreateAnswers (20110211115633)
Migrating to CreateAnswertypes (20110211120045)
Migrating to AddEmailUniquenessIndex (20110212201140)
  [1m[35mSQL (1.0ms)[0m  select sqlite_version(*)
  [1m[36mSQL (1.0ms)[0m  [1m SELECT name
 FROM sqlite_master
 WHERE type = 'table' AND NOT name = 'sqlite_sequence'
[0m
  [1m[35mSQL (0.0ms)[0m  SELECT "schema_migrations"."version" FROM "schema_migrations"
  [1m[36mSQL (0.0ms)[0m  [1m SELECT name
 FROM sqlite_master
 WHERE type = 'table' AND NOT name = 'sqlite_sequence'
[0m
  [1m[35mSQL (0.0ms)[0m  PRAGMA index_list("answers")
  [1m[36mSQL (1.0ms)[0m  [1mPRAGMA index_list("answertypes")[0m
  [1m[35mSQL (0.0ms)[0m  PRAGMA index_list("questions")
  [1m[36mSQL (0.0ms)[0m  [1mPRAGMA index_list("rolls")[0m
  [1m[35mSQL (0.0ms)[0m  PRAGMA index_list("surveys")
  [1m[36mSQL (0.0ms)[0m  [1mPRAGMA index_list("surveytypes")[0m
  [1m[35mSQL (0.0ms)[0m  PRAGMA index_list("users")
  [1m[36mSQL (0.0ms)[0m  [1mPRAGMA index_info('index_users_on_email')[0m
  [1m[36mSQL (1.0ms)[0m  [1m SELECT name
 FROM sqlite_master
 WHERE type = 'table' AND NOT name = 'sqlite_sequence'
[0m
  [1m[35mSQL (0.0ms)[0m   SELECT name
 FROM sqlite_master
 WHERE type = 'table' AND NOT name = 'sqlite_sequence'
  [1m[36mSQL (0.0ms)[0m  [1mSELECT "schema_migrations"."version" FROM "schema_migrations"[0m
Migrating to CreateUsers (20110211112857)
Migrating to CreateRolls (20110211114025)
Migrating to CreateSurveys (20110211114108)
Migrating to CreateSurveytypes (20110211114751)
Migrating to CreateQuestions (20110211115030)
Migrating to CreateAnswers (20110211115633)
Migrating to CreateAnswertypes (20110211120045)
Migrating to AddEmailUniquenessIndex (20110212201140)
Migrating to AddPasswortToUsers (20110214081321)
  [1m[35mSQL (0.0ms)[0m  select sqlite_version(*)
  [1m[36mSQL (2.0ms)[0m  [1mALTER TABLE "users" ADD "encrypted_passwort" varchar(255)[0m
  [1m[35mSQL (0.0ms)[0m  INSERT INTO "schema_migrations" ("version") VALUES ('20110214081321')
  [1m[36mSQL (0.0ms)[0m  [1m SELECT name
 FROM sqlite_master
 WHERE type = 'table' AND NOT name = 'sqlite_sequence'
[0m
  [1m[35mSQL (1.0ms)[0m  SELECT "schema_migrations"."version" FROM "schema_migrations"
  [1m[36mSQL (0.0ms)[0m  [1m SELECT name
 FROM sqlite_master
 WHERE type = 'table' AND NOT name = 'sqlite_sequence'
[0m
  [1m[35mSQL (0.0ms)[0m  PRAGMA index_list("answers")
  [1m[36mSQL (0.0ms)[0m  [1mPRAGMA index_list("answertypes")[0m
  [1m[35mSQL (0.0ms)[0m  PRAGMA index_list("questions")
  [1m[36mSQL (1.0ms)[0m  [1mPRAGMA index_list("rolls")[0m
  [1m[35mSQL (0.0ms)[0m  PRAGMA index_list("surveys")
  [1m[36mSQL (0.0ms)[0m  [1mPRAGMA index_list("surveytypes")[0m
  [1m[35mSQL (0.0ms)[0m  PRAGMA index_list("users")
  [1m[36mSQL (1.0ms)[0m  [1mPRAGMA index_info('index_users_on_email')[0m


Started GET "/home" for 127.0.0.1 at 2011-02-14 09:21:29 +0100

ActionController::RoutingError (No route matches "/home"):
  

Rendered d:/Ruby192/lib/ruby/gems/1.9.1/gems/actionpack-3.0.3/lib/action_dispatch/middleware/templates/rescues/routing_error.erb within rescues/layout (2.0ms)


Started GET "/users" for 127.0.0.1 at 2011-02-14 09:21:44 +0100
  Processing by UsersController#index as HTML
Rendered users/index.html.erb within layouts/application (6.0ms)
Completed 200 OK in 54ms (Views: 54.0ms | ActiveRecord: 0.0ms)


Started GET "/stylesheets/blueprint/screen.css" for 127.0.0.1 at 2011-02-14 09:21:45 +0100

ActionController::RoutingError (No route matches "/stylesheets/blueprint/screen.css"):
  

Rendered d:/Ruby192/lib/ruby/gems/1.9.1/gems/actionpack-3.0.3/lib/action_dispatch/middleware/templates/rescues/routing_error.erb within rescues/layout (2.0ms)


Started GET "/stylesheets/blueprint/print.css" for 127.0.0.1 at 2011-02-14 09:21:45 +0100

ActionController::RoutingError (No route matches "/stylesheets/blueprint/print.css"):
  

Rendered d:/Ruby192/lib/ruby/gems/1.9.1/gems/actionpack-3.0.3/lib/action_dispatch/middleware/templates/rescues/routing_error.erb within rescues/layout (1.0ms)


Started GET "/home" for 127.0.0.1 at 2011-02-14 09:21:52 +0100

ActionController::RoutingError (No route matches "/home"):
  

Rendered d:/Ruby192/lib/ruby/gems/1.9.1/gems/actionpack-3.0.3/lib/action_dispatch/middleware/templates/rescues/routing_error.erb within rescues/layout (1.0ms)


Started GET "/home" for 127.0.0.1 at 2011-02-14 09:22:57 +0100
  Processing by PagesController#home as HTML
Rendered pages/home.html.erb within layouts/application (6.0ms)
Completed 200 OK in 39ms (Views: 38.0ms | ActiveRecord: 0.0ms)


Started GET "/stylesheets/blueprint/screen.css" for 127.0.0.1 at 2011-02-14 09:22:57 +0100

ActionController::RoutingError (No route matches "/stylesheets/blueprint/screen.css"):
  

Rendered d:/Ruby192/lib/ruby/gems/1.9.1/gems/actionpack-3.0.3/lib/action_dispatch/middleware/templates/rescues/routing_error.erb within rescues/layout (1.0ms)


Started GET "/stylesheets/blueprint/print.css" for 127.0.0.1 at 2011-02-14 09:22:58 +0100

ActionController::RoutingError (No route matches "/stylesheets/blueprint/print.css"):
  

Rendered d:/Ruby192/lib/ruby/gems/1.9.1/gems/actionpack-3.0.3/lib/action_dispatch/middleware/templates/rescues/routing_error.erb within rescues/layout (2.0ms)


Started GET "/signup" for 127.0.0.1 at 2011-02-14 09:23:00 +0100
  Processing by UsersController#new as HTML
Rendered users/new.html.erb within layouts/application (139.0ms)
Completed 200 OK in 446ms (Views: 168.0ms | ActiveRecord: 0.0ms)


Started GET "/stylesheets/blueprint/print.css" for 127.0.0.1 at 2011-02-14 09:23:01 +0100

ActionController::RoutingError (No route matches "/stylesheets/blueprint/print.css"):
  

Rendered d:/Ruby192/lib/ruby/gems/1.9.1/gems/actionpack-3.0.3/lib/action_dispatch/middleware/templates/rescues/routing_error.erb within rescues/layout (2.0ms)


Started GET "/stylesheets/blueprint/screen.css" for 127.0.0.1 at 2011-02-14 09:23:01 +0100

ActionController::RoutingError (No route matches "/stylesheets/blueprint/screen.css"):
  

Rendered d:/Ruby192/lib/ruby/gems/1.9.1/gems/actionpack-3.0.3/lib/action_dispatch/middleware/templates/rescues/routing_error.erb within rescues/layout (3.0ms)


Started POST "/users" for 127.0.0.1 at 2011-02-14 09:26:00 +0100
  Processing by UsersController#create as HTML
  Parameters: {"utf8"=>"‚úì", "authenticity_token"=>"Vte+VYEEPtEPXhAWfIGZfOSg5Nzm/JWzjh8uJxKyEMM=", "user"=>{"login"=>"VanZan", "name"=>"Friedemann", "vorname"=>"Marvin", "email"=>"marvin.friedemann@ewetel.net", "passwort"=>"kitsune", "passwort_confirmation"=>"kitsune"}, "commit"=>"Sign up"}
  [1m[36mSQL (0.0ms)[0m  [1m SELECT name
 FROM sqlite_master
 WHERE type = 'table' AND NOT name = 'sqlite_sequence'
[0m
  [1m[35mUser Load (0.0ms)[0m  SELECT "users"."id" FROM "users" WHERE (LOWER("users"."email") = LOWER('marvin.friedemann@ewetel.net')) LIMIT 1
Completed   in 592ms

NoMethodError (undefined method `salt=' for #<User:0x423c2e8>):
  app/models/user.rb:58:in `encrypt_passwort'
  app/controllers/users_controller.rb:24:in `create'

Rendered d:/Ruby192/lib/ruby/gems/1.9.1/gems/actionpack-3.0.3/lib/action_dispatch/middleware/templates/rescues/_trace.erb (2.0ms)
Rendered d:/Ruby192/lib/ruby/gems/1.9.1/gems/actionpack-3.0.3/lib/action_dispatch/middleware/templates/rescues/_request_and_response.erb (10.0ms)
Rendered d:/Ruby192/lib/ruby/gems/1.9.1/gems/actionpack-3.0.3/lib/action_dispatch/middleware/templates/rescues/diagnostics.erb within rescues/layout (56.0ms)
  [1m[36mSQL (2.0ms)[0m  [1m SELECT name
 FROM sqlite_master
 WHERE type = 'table' AND NOT name = 'sqlite_sequence'
[0m
  [1m[35mSQL (0.0ms)[0m   SELECT name
 FROM sqlite_master
 WHERE type = 'table' AND NOT name = 'sqlite_sequence'
  [1m[36mSQL (0.0ms)[0m  [1mSELECT "schema_migrations"."version" FROM "schema_migrations"[0m
Migrating to CreateUsers (20110211112857)
Migrating to CreateRolls (20110211114025)
Migrating to CreateSurveys (20110211114108)
Migrating to CreateSurveytypes (20110211114751)
Migrating to CreateQuestions (20110211115030)
Migrating to CreateAnswers (20110211115633)
Migrating to CreateAnswertypes (20110211120045)
Migrating to AddEmailUniquenessIndex (20110212201140)
Migrating to AddPasswortToUsers (20110214081321)
Migrating to AddSaltToUsers (20110214083411)
  [1m[35mSQL (0.0ms)[0m  select sqlite_version(*)
  [1m[36mSQL (3.0ms)[0m  [1mALTER TABLE "users" ADD "salt" varchar(255)[0m
  [1m[35mSQL (1.0ms)[0m  INSERT INTO "schema_migrations" ("version") VALUES ('20110214083411')
  [1m[36mSQL (1.0ms)[0m  [1m SELECT name
 FROM sqlite_master
 WHERE type = 'table' AND NOT name = 'sqlite_sequence'
[0m
  [1m[35mSQL (0.0ms)[0m  SELECT "schema_migrations"."version" FROM "schema_migrations"
  [1m[36mSQL (0.0ms)[0m  [1m SELECT name
 FROM sqlite_master
 WHERE type = 'table' AND NOT name = 'sqlite_sequence'
[0m
  [1m[35mSQL (0.0ms)[0m  PRAGMA index_list("answers")
  [1m[36mSQL (0.0ms)[0m  [1mPRAGMA index_list("answertypes")[0m
  [1m[35mSQL (0.0ms)[0m  PRAGMA index_list("questions")
  [1m[36mSQL (1.0ms)[0m  [1mPRAGMA index_list("rolls")[0m
  [1m[35mSQL (0.0ms)[0m  PRAGMA index_list("surveys")
  [1m[36mSQL (0.0ms)[0m  [1mPRAGMA index_list("surveytypes")[0m
  [1m[35mSQL (0.0ms)[0m  PRAGMA index_list("users")
  [1m[36mSQL (0.0ms)[0m  [1mPRAGMA index_info('index_users_on_email')[0m


Started POST "/users" for 127.0.0.1 at 2011-02-14 09:36:01 +0100
  Processing by UsersController#create as HTML
  Parameters: {"utf8"=>"‚úì", "authenticity_token"=>"Vte+VYEEPtEPXhAWfIGZfOSg5Nzm/JWzjh8uJxKyEMM=", "user"=>{"login"=>"VanZan", "name"=>"Friedemann", "vorname"=>"Marvin", "email"=>"marvin.friedemann@ewetel.net", "passwort"=>"kitsune", "passwort_confirmation"=>"kitsune"}, "commit"=>"Sign up"}
  [1m[36mUser Load (0.0ms)[0m  [1mSELECT "users"."id" FROM "users" WHERE (LOWER("users"."email") = LOWER('marvin.friedemann@ewetel.net')) LIMIT 1[0m
  [1m[35mAREL (2.0ms)[0m  INSERT INTO "users" ("name", "vorname", "login", "passwort", "email", "created_at", "updated_at", "encrypted_passwort", "salt") VALUES ('Friedemann', 'Marvin', 'VanZan', NULL, 'marvin.friedemann@ewetel.net', '2011-02-14 08:36:01.219200', '2011-02-14 08:36:01.219200', '312bd1395390be1ebebe6088b70d36b1c64dcea286bb354cc1af5d633295730f', 'c753d7f07a611401391ad6dd9d2698719a6f00c653935246ed49368b1f8b090a')
Redirected to http://127.0.0.1:3000/users
Completed 302 Found in 81ms


Started GET "/users" for 127.0.0.1 at 2011-02-14 09:36:01 +0100
  Processing by UsersController#index as HTML
Rendered users/index.html.erb within layouts/application (5.0ms)
Completed 200 OK in 41ms (Views: 41.0ms | ActiveRecord: 2.0ms)


Started GET "/stylesheets/blueprint/screen.css" for 127.0.0.1 at 2011-02-14 09:36:02 +0100

ActionController::RoutingError (No route matches "/stylesheets/blueprint/screen.css"):
  

Rendered d:/Ruby192/lib/ruby/gems/1.9.1/gems/actionpack-3.0.3/lib/action_dispatch/middleware/templates/rescues/routing_error.erb within rescues/layout (2.0ms)


Started GET "/stylesheets/blueprint/print.css" for 127.0.0.1 at 2011-02-14 09:36:02 +0100

ActionController::RoutingError (No route matches "/stylesheets/blueprint/print.css"):
  

Rendered d:/Ruby192/lib/ruby/gems/1.9.1/gems/actionpack-3.0.3/lib/action_dispatch/middleware/templates/rescues/routing_error.erb within rescues/layout (1.0ms)
